#! /usr/bin/vvp
:ivl_version "11.0 (stable)";
:ivl_delay_selection "TYPICAL";
:vpi_time_precision + 0;
:vpi_module "/usr/lib/x86_64-linux-gnu/ivl/system.vpi";
:vpi_module "/usr/lib/x86_64-linux-gnu/ivl/vhdl_sys.vpi";
:vpi_module "/usr/lib/x86_64-linux-gnu/ivl/vhdl_textio.vpi";
:vpi_module "/usr/lib/x86_64-linux-gnu/ivl/v2005_math.vpi";
:vpi_module "/usr/lib/x86_64-linux-gnu/ivl/va_math.vpi";
S_0x555576bbdb80 .scope module, "controller_tb" "controller_tb" 2 4;
 .timescale 0 0;
v0x555576bf5840_0 .net "alarm_block", 0 0, v0x555576bf4d00_0;  1 drivers
v0x555576bf5900_0 .net "alarm_wrong_pin", 0 0, v0x555576bf4df0_0;  1 drivers
v0x555576bf5a10_0 .net "clk", 0 0, v0x555576bf41c0_0;  1 drivers
v0x555576bf5b00_0 .net "gate_close", 0 0, v0x555576bf5150_0;  1 drivers
v0x555576bf5bf0_0 .net "gate_open", 0 0, v0x555576bf51f0_0;  1 drivers
v0x555576bf5d30_0 .net "input_password", 7 0, v0x555576bf4430_0;  1 drivers
v0x555576bf5e20_0 .net "reset", 0 0, v0x555576bf4510_0;  1 drivers
v0x555576bf5f10_0 .net "sensor_entrance", 0 0, v0x555576bf45d0_0;  1 drivers
v0x555576bf6000_0 .net "sensor_exit", 0 0, v0x555576bf4690_0;  1 drivers
S_0x555576bd38e0 .scope module, "P0" "tester" 2 34, 3 3 0, S_0x555576bbdb80;
 .timescale 0 0;
    .port_info 0 /OUTPUT 1 "clk";
    .port_info 1 /OUTPUT 1 "reset";
    .port_info 2 /OUTPUT 1 "sensor_entrance";
    .port_info 3 /OUTPUT 1 "sensor_exit";
    .port_info 4 /OUTPUT 8 "input_password";
    .port_info 5 /INPUT 1 "gate_open";
    .port_info 6 /INPUT 1 "alarm_wrong_pin";
    .port_info 7 /INPUT 1 "gate_close";
    .port_info 8 /INPUT 1 "alarm_block";
v0x555576bbcfb0_0 .net "alarm_block", 0 0, v0x555576bf4d00_0;  alias, 1 drivers
v0x555576bbd050_0 .net "alarm_wrong_pin", 0 0, v0x555576bf4df0_0;  alias, 1 drivers
v0x555576bf41c0_0 .var "clk", 0 0;
v0x555576bf4260_0 .net "gate_close", 0 0, v0x555576bf5150_0;  alias, 1 drivers
v0x555576bf4320_0 .net "gate_open", 0 0, v0x555576bf51f0_0;  alias, 1 drivers
v0x555576bf4430_0 .var "input_password", 7 0;
v0x555576bf4510_0 .var "reset", 0 0;
v0x555576bf45d0_0 .var "sensor_entrance", 0 0;
v0x555576bf4690_0 .var "sensor_exit", 0 0;
S_0x555576bf4870 .scope module, "U0" "controller" 2 21, 4 1 0, S_0x555576bbdb80;
 .timescale 0 0;
    .port_info 0 /INPUT 1 "clk";
    .port_info 1 /INPUT 1 "reset";
    .port_info 2 /INPUT 1 "sensor_entrance";
    .port_info 3 /INPUT 1 "sensor_exit";
    .port_info 4 /INPUT 8 "input_password";
    .port_info 5 /OUTPUT 1 "gate_open";
    .port_info 6 /OUTPUT 1 "gate_close";
    .port_info 7 /OUTPUT 1 "alarm_wrong_pin";
    .port_info 8 /OUTPUT 1 "alarm_block";
P_0x555576bbc6c0 .param/l "CORRECT_PASSWORD" 0 4 24, C4<01001001>;
P_0x555576bbc700 .param/l "MAX_ATTEMPTS" 0 4 25, +C4<00000000000000000000000000000011>;
v0x555576bf4d00_0 .var "alarm_block", 0 0;
v0x555576bf4df0_0 .var "alarm_wrong_pin", 0 0;
v0x555576bf4ec0_0 .net "clk", 0 0, v0x555576bf41c0_0;  alias, 1 drivers
v0x555576bf4fc0_0 .var "count0", 2 0;
v0x555576bf5060_0 .var "current_state", 2 0;
v0x555576bf5150_0 .var "gate_close", 0 0;
v0x555576bf51f0_0 .var "gate_open", 0 0;
v0x555576bf52c0_0 .net "input_password", 7 0, v0x555576bf4430_0;  alias, 1 drivers
v0x555576bf5390_0 .var "nxt_count0", 2 0;
v0x555576bf5430_0 .var "nxt_state", 2 0;
v0x555576bf5510_0 .net "reset", 0 0, v0x555576bf4510_0;  alias, 1 drivers
v0x555576bf55e0_0 .net "sensor_entrance", 0 0, v0x555576bf45d0_0;  alias, 1 drivers
v0x555576bf56b0_0 .net "sensor_exit", 0 0, v0x555576bf4690_0;  alias, 1 drivers
E_0x555576bca570/0 .event edge, v0x555576bf5060_0, v0x555576bf4fc0_0, v0x555576bf45d0_0, v0x555576bf4690_0;
E_0x555576bca570/1 .event edge, v0x555576bf4430_0, v0x555576bf5390_0;
E_0x555576bca570 .event/or E_0x555576bca570/0, E_0x555576bca570/1;
E_0x555576bca6d0 .event posedge, v0x555576bf41c0_0;
    .scope S_0x555576bf4870;
T_0 ;
    %wait E_0x555576bca6d0;
    %load/vec4 v0x555576bf5510_0;
    %flag_set/vec4 8;
    %jmp/0xz  T_0.0, 8;
    %pushi/vec4 0, 0, 3;
    %assign/vec4 v0x555576bf5060_0, 0;
    %pushi/vec4 0, 0, 3;
    %assign/vec4 v0x555576bf4fc0_0, 0;
    %jmp T_0.1;
T_0.0 ;
    %load/vec4 v0x555576bf5430_0;
    %assign/vec4 v0x555576bf5060_0, 0;
    %load/vec4 v0x555576bf5390_0;
    %assign/vec4 v0x555576bf4fc0_0, 0;
T_0.1 ;
    %jmp T_0;
    .thread T_0;
    .scope S_0x555576bf4870;
T_1 ;
    %wait E_0x555576bca570;
    %load/vec4 v0x555576bf5060_0;
    %store/vec4 v0x555576bf5430_0, 0, 3;
    %load/vec4 v0x555576bf4fc0_0;
    %store/vec4 v0x555576bf5390_0, 0, 3;
    %pushi/vec4 0, 0, 1;
    %store/vec4 v0x555576bf51f0_0, 0, 1;
    %pushi/vec4 0, 0, 1;
    %store/vec4 v0x555576bf5150_0, 0, 1;
    %pushi/vec4 0, 0, 1;
    %store/vec4 v0x555576bf4d00_0, 0, 1;
    %pushi/vec4 0, 0, 1;
    %store/vec4 v0x555576bf4df0_0, 0, 1;
    %load/vec4 v0x555576bf5060_0;
    %dup/vec4;
    %pushi/vec4 0, 0, 3;
    %cmp/u;
    %jmp/1 T_1.0, 6;
    %dup/vec4;
    %pushi/vec4 1, 0, 3;
    %cmp/u;
    %jmp/1 T_1.1, 6;
    %dup/vec4;
    %pushi/vec4 2, 0, 3;
    %cmp/u;
    %jmp/1 T_1.2, 6;
    %dup/vec4;
    %pushi/vec4 3, 0, 3;
    %cmp/u;
    %jmp/1 T_1.3, 6;
    %pushi/vec4 0, 0, 3;
    %store/vec4 v0x555576bf5430_0, 0, 3;
    %jmp T_1.5;
T_1.0 ;
    %pushi/vec4 1, 0, 1;
    %store/vec4 v0x555576bf5150_0, 0, 1;
    %load/vec4 v0x555576bf55e0_0;
    %flag_set/vec4 8;
    %jmp/0xz  T_1.6, 8;
    %pushi/vec4 1, 0, 3;
    %store/vec4 v0x555576bf5430_0, 0, 3;
T_1.6 ;
    %load/vec4 v0x555576bf56b0_0;
    %load/vec4 v0x555576bf55e0_0;
    %and;
    %flag_set/vec4 8;
    %jmp/0xz  T_1.8, 8;
    %pushi/vec4 3, 0, 3;
    %store/vec4 v0x555576bf5430_0, 0, 3;
T_1.8 ;
    %jmp T_1.5;
T_1.1 ;
    %pushi/vec4 1, 0, 1;
    %store/vec4 v0x555576bf5150_0, 0, 1;
    %load/vec4 v0x555576bf52c0_0;
    %cmpi/e 73, 0, 8;
    %jmp/0xz  T_1.10, 4;
    %pushi/vec4 2, 0, 3;
    %store/vec4 v0x555576bf5430_0, 0, 3;
    %jmp T_1.11;
T_1.10 ;
    %load/vec4 v0x555576bf52c0_0;
    %pushi/vec4 73, 0, 8;
    %cmp/ne;
    %flag_get/vec4 4;
    %load/vec4 v0x555576bf5390_0;
    %pad/u 32;
    %cmpi/u 3, 0, 32;
    %flag_get/vec4 5;
    %and;
    %flag_set/vec4 8;
    %jmp/0xz  T_1.12, 8;
    %load/vec4 v0x555576bf4fc0_0;
    %addi 1, 0, 3;
    %store/vec4 v0x555576bf5390_0, 0, 3;
    %pushi/vec4 1, 0, 3;
    %store/vec4 v0x555576bf5430_0, 0, 3;
    %jmp T_1.13;
T_1.12 ;
    %load/vec4 v0x555576bf52c0_0;
    %pushi/vec4 73, 0, 8;
    %cmp/ne;
    %flag_get/vec4 4;
    %pushi/vec4 3, 0, 32;
    %load/vec4 v0x555576bf5390_0;
    %pad/u 32;
    %cmp/u;
    %flag_get/vec4 4;
    %flag_get/vec4 5;
    %or;
    %and;
    %flag_set/vec4 8;
    %jmp/0xz  T_1.14, 8;
    %pushi/vec4 1, 0, 1;
    %store/vec4 v0x555576bf4df0_0, 0, 1;
    %pushi/vec4 0, 0, 3;
    %store/vec4 v0x555576bf5390_0, 0, 3;
    %pushi/vec4 1, 0, 3;
    %store/vec4 v0x555576bf5430_0, 0, 3;
T_1.14 ;
T_1.13 ;
T_1.11 ;
    %jmp T_1.5;
T_1.2 ;
    %pushi/vec4 1, 0, 1;
    %store/vec4 v0x555576bf51f0_0, 0, 1;
    %pushi/vec4 0, 0, 3;
    %store/vec4 v0x555576bf5390_0, 0, 3;
    %load/vec4 v0x555576bf56b0_0;
    %flag_set/vec4 8;
    %jmp/0xz  T_1.16, 8;
    %pushi/vec4 0, 0, 3;
    %store/vec4 v0x555576bf5430_0, 0, 3;
T_1.16 ;
    %jmp T_1.5;
T_1.3 ;
    %pushi/vec4 1, 0, 1;
    %store/vec4 v0x555576bf5150_0, 0, 1;
    %pushi/vec4 1, 0, 1;
    %store/vec4 v0x555576bf4d00_0, 0, 1;
    %load/vec4 v0x555576bf52c0_0;
    %pushi/vec4 73, 0, 8;
    %cmp/ne;
    %flag_get/vec4 4;
    %load/vec4 v0x555576bf5390_0;
    %pad/u 32;
    %cmpi/u 3, 0, 32;
    %flag_get/vec4 5;
    %and;
    %flag_set/vec4 8;
    %jmp/0xz  T_1.18, 8;
    %load/vec4 v0x555576bf4fc0_0;
    %addi 1, 0, 3;
    %store/vec4 v0x555576bf5390_0, 0, 3;
    %pushi/vec4 3, 0, 3;
    %store/vec4 v0x555576bf5430_0, 0, 3;
    %jmp T_1.19;
T_1.18 ;
    %load/vec4 v0x555576bf52c0_0;
    %cmpi/e 73, 0, 8;
    %jmp/0xz  T_1.20, 4;
    %pushi/vec4 2, 0, 3;
    %store/vec4 v0x555576bf5430_0, 0, 3;
T_1.20 ;
T_1.19 ;
    %jmp T_1.5;
T_1.5 ;
    %pop/vec4 1;
    %jmp T_1;
    .thread T_1, $push;
    .scope S_0x555576bd38e0;
T_2 ;
    %pushi/vec4 0, 0, 1;
    %store/vec4 v0x555576bf41c0_0, 0, 1;
    %pushi/vec4 0, 0, 1;
    %store/vec4 v0x555576bf4510_0, 0, 1;
    %pushi/vec4 0, 0, 1;
    %store/vec4 v0x555576bf45d0_0, 0, 1;
    %pushi/vec4 0, 0, 1;
    %store/vec4 v0x555576bf4690_0, 0, 1;
    %delay 5, 0;
    %pushi/vec4 1, 0, 1;
    %store/vec4 v0x555576bf4510_0, 0, 1;
    %delay 10, 0;
    %pushi/vec4 0, 0, 1;
    %store/vec4 v0x555576bf4510_0, 0, 1;
    %vpi_call 3 33 "$display", "Prueba #1: Funcionamiento normal b\303\241sico" {0 0 0};
    %delay 10, 0;
    %pushi/vec4 1, 0, 1;
    %store/vec4 v0x555576bf45d0_0, 0, 1;
    %delay 10, 0;
    %pushi/vec4 73, 0, 8;
    %store/vec4 v0x555576bf4430_0, 0, 8;
    %vpi_call 3 36 "$display", "Esperando que la compuerta se abra..." {0 0 0};
    %delay 10, 0;
    %pushi/vec4 0, 0, 1;
    %store/vec4 v0x555576bf45d0_0, 0, 1;
    %delay 10, 0;
    %pushi/vec4 1, 0, 1;
    %store/vec4 v0x555576bf4690_0, 0, 1;
    %vpi_call 3 39 "$display", "Esperando que la compuerta se cierre..." {0 0 0};
    %delay 10, 0;
    %pushi/vec4 0, 0, 1;
    %store/vec4 v0x555576bf4690_0, 0, 1;
    %vpi_call 3 44 "$display", "Prueba #2: Ingreso de PIN incorrecto menos de 3 veces" {0 0 0};
    %delay 20, 0;
    %pushi/vec4 1, 0, 1;
    %store/vec4 v0x555576bf45d0_0, 0, 1;
    %vpi_call 3 46 "$display", "Esperando contrase\303\261a..." {0 0 0};
    %delay 10, 0;
    %pushi/vec4 170, 0, 8;
    %store/vec4 v0x555576bf4430_0, 0, 8;
    %vpi_call 3 48 "$display", "Esperando contrase\303\261a..." {0 0 0};
    %delay 10, 0;
    %pushi/vec4 236, 0, 8;
    %store/vec4 v0x555576bf4430_0, 0, 8;
    %vpi_call 3 50 "$display", "Esperando contrase\303\261a..." {0 0 0};
    %delay 10, 0;
    %pushi/vec4 73, 0, 8;
    %store/vec4 v0x555576bf4430_0, 0, 8;
    %vpi_call 3 53 "$display", "Esperando que la compuerta se abra..." {0 0 0};
    %delay 10, 0;
    %pushi/vec4 0, 0, 1;
    %store/vec4 v0x555576bf45d0_0, 0, 1;
    %delay 10, 0;
    %pushi/vec4 1, 0, 1;
    %store/vec4 v0x555576bf4690_0, 0, 1;
    %vpi_call 3 57 "$display", "Esperando que la compuerta se cierre..." {0 0 0};
    %delay 10, 0;
    %pushi/vec4 0, 0, 1;
    %store/vec4 v0x555576bf4690_0, 0, 1;
    %vpi_call 3 61 "$display", "Prueba #3: Ingreso de pin incorrecto 3 veces" {0 0 0};
    %delay 10, 0;
    %pushi/vec4 1, 0, 1;
    %store/vec4 v0x555576bf45d0_0, 0, 1;
    %delay 10, 0;
    %pushi/vec4 170, 0, 8;
    %store/vec4 v0x555576bf4430_0, 0, 8;
    %delay 10, 0;
    %pushi/vec4 204, 0, 8;
    %store/vec4 v0x555576bf4430_0, 0, 8;
    %delay 10, 0;
    %pushi/vec4 240, 0, 8;
    %store/vec4 v0x555576bf4430_0, 0, 8;
    %delay 20, 0;
    %pushi/vec4 73, 0, 8;
    %store/vec4 v0x555576bf4430_0, 0, 8;
    %vpi_call 3 67 "$display", "Esperando que la compuerta se abra..." {0 0 0};
    %delay 10, 0;
    %pushi/vec4 0, 0, 1;
    %store/vec4 v0x555576bf45d0_0, 0, 1;
    %delay 10, 0;
    %pushi/vec4 1, 0, 1;
    %store/vec4 v0x555576bf4690_0, 0, 1;
    %vpi_call 3 70 "$display", "Esperando que la compuerta se cierre..." {0 0 0};
    %delay 10, 0;
    %pushi/vec4 0, 0, 1;
    %store/vec4 v0x555576bf4690_0, 0, 1;
    %vpi_call 3 74 "$display", "Prueba #4: alarma de bloqueo" {0 0 0};
    %delay 10, 0;
    %pushi/vec4 1, 0, 1;
    %store/vec4 v0x555576bf4690_0, 0, 1;
    %delay 10, 0;
    %pushi/vec4 1, 0, 1;
    %store/vec4 v0x555576bf45d0_0, 0, 1;
    %delay 10, 0;
    %pushi/vec4 170, 0, 8;
    %store/vec4 v0x555576bf4430_0, 0, 8;
    %delay 10, 0;
    %pushi/vec4 204, 0, 8;
    %store/vec4 v0x555576bf4430_0, 0, 8;
    %delay 10, 0;
    %pushi/vec4 73, 0, 8;
    %store/vec4 v0x555576bf4430_0, 0, 8;
    %vpi_call 3 80 "$display", "Esperando que la compuerta se abra..." {0 0 0};
    %delay 10, 0;
    %pushi/vec4 0, 0, 1;
    %store/vec4 v0x555576bf45d0_0, 0, 1;
    %delay 10, 0;
    %pushi/vec4 1, 0, 1;
    %store/vec4 v0x555576bf4690_0, 0, 1;
    %vpi_call 3 83 "$display", "Esperando que la compuerta se cierre..." {0 0 0};
    %delay 10, 0;
    %pushi/vec4 0, 0, 1;
    %store/vec4 v0x555576bf4690_0, 0, 1;
    %delay 400, 0;
    %vpi_call 3 85 "$finish" {0 0 0};
    %end;
    .thread T_2;
    .scope S_0x555576bd38e0;
T_3 ;
    %delay 5, 0;
    %load/vec4 v0x555576bf41c0_0;
    %inv;
    %store/vec4 v0x555576bf41c0_0, 0, 1;
    %jmp T_3;
    .thread T_3;
    .scope S_0x555576bbdb80;
T_4 ;
    %vpi_call 2 16 "$dumpfile", "resultados.vcd" {0 0 0};
    %vpi_call 2 17 "$dumpvars", 32'sb11111111111111111111111111111111, S_0x555576bf4870 {0 0 0};
    %vpi_call 2 18 "$monitor", "sensor_entrance=%b,sensor_exit=%b,gate_open=%b,gate_close=%b,alarm_pin=%b, alarm_block=%b", v0x555576bf5f10_0, v0x555576bf6000_0, v0x555576bf5bf0_0, v0x555576bf5b00_0, v0x555576bf5900_0, v0x555576bf5840_0 {0 0 0};
    %end;
    .thread T_4;
# The file index is used to find the file name in the following table.
:file_names 5;
    "N/A";
    "<interactive>";
    "testbench.v";
    "./tester.v";
    "./controller.v";
