#! /usr/bin/vvp
:ivl_version "11.0 (stable)";
:ivl_delay_selection "TYPICAL";
:vpi_time_precision + 0;
:vpi_module "/usr/lib/x86_64-linux-gnu/ivl/system.vpi";
:vpi_module "/usr/lib/x86_64-linux-gnu/ivl/vhdl_sys.vpi";
:vpi_module "/usr/lib/x86_64-linux-gnu/ivl/vhdl_textio.vpi";
:vpi_module "/usr/lib/x86_64-linux-gnu/ivl/v2005_math.vpi";
:vpi_module "/usr/lib/x86_64-linux-gnu/ivl/va_math.vpi";
S_0x5ca3880e18a0 .scope module, "controller_tb" "controller_tb" 2 4;
 .timescale 0 0;
v0x5ca3881ce440_0 .net "alarm_block", 0 0, L_0x5ca3881e5360;  1 drivers
v0x5ca3881ce500_0 .net "alarm_wrong_pin", 0 0, L_0x5ca3881e5460;  1 drivers
v0x5ca3881ce5c0_0 .net "clk", 0 0, v0x5ca38814c190_0;  1 drivers
v0x5ca3881ce6b0_0 .net "gate_close", 0 0, L_0x5ca3881d0a30;  1 drivers
v0x5ca3881ce7a0_0 .net "gate_open", 0 0, L_0x5ca3881e5550;  1 drivers
v0x5ca3881ce8e0_0 .net "input_password", 7 0, v0x5ca388171720_0;  1 drivers
v0x5ca3881ce9d0_0 .net "reset", 0 0, v0x5ca388189a30_0;  1 drivers
v0x5ca3881ceac0_0 .net "sensor_entrance", 0 0, v0x5ca3881a2670_0;  1 drivers
v0x5ca3881cebb0_0 .net "sensor_exit", 0 0, v0x5ca3881a2730_0;  1 drivers
S_0x5ca3880fec80 .scope module, "P0" "tester" 2 34, 3 3 0, S_0x5ca3880e18a0;
 .timescale 0 0;
    .port_info 0 /OUTPUT 1 "clk";
    .port_info 1 /OUTPUT 1 "reset";
    .port_info 2 /OUTPUT 1 "sensor_entrance";
    .port_info 3 /OUTPUT 1 "sensor_exit";
    .port_info 4 /OUTPUT 8 "input_password";
    .port_info 5 /INPUT 1 "gate_open";
    .port_info 6 /INPUT 1 "alarm_wrong_pin";
    .port_info 7 /INPUT 1 "gate_close";
    .port_info 8 /INPUT 1 "alarm_block";
v0x5ca388102060_0 .net "alarm_block", 0 0, L_0x5ca3881e5360;  alias, 1 drivers
v0x5ca38813ac30_0 .net "alarm_wrong_pin", 0 0, L_0x5ca3881e5460;  alias, 1 drivers
v0x5ca38814c190_0 .var "clk", 0 0;
v0x5ca388156120_0 .net "gate_close", 0 0, L_0x5ca3881d0a30;  alias, 1 drivers
v0x5ca3881713e0_0 .net "gate_open", 0 0, L_0x5ca3881e5550;  alias, 1 drivers
v0x5ca388171720_0 .var "input_password", 7 0;
v0x5ca388189a30_0 .var "reset", 0 0;
v0x5ca3881a2670_0 .var "sensor_entrance", 0 0;
v0x5ca3881a2730_0 .var "sensor_exit", 0 0;
S_0x5ca3881a2910 .scope module, "U0" "controller" 2 21, 4 5 0, S_0x5ca3880e18a0;
 .timescale 0 0;
    .port_info 0 /INPUT 1 "clk";
    .port_info 1 /INPUT 1 "reset";
    .port_info 2 /INPUT 1 "sensor_entrance";
    .port_info 3 /INPUT 1 "sensor_exit";
    .port_info 4 /INPUT 8 "input_password";
    .port_info 5 /OUTPUT 1 "gate_open";
    .port_info 6 /OUTPUT 1 "gate_close";
    .port_info 7 /OUTPUT 1 "alarm_wrong_pin";
    .port_info 8 /OUTPUT 1 "alarm_block";
L_0x5ca38817dd50 .functor NOT 1, L_0x5ca3881cec50, C4<0>, C4<0>, C4<0>;
L_0x5ca38817d0e0 .functor NOT 1, L_0x5ca3881ced40, C4<0>, C4<0>, C4<0>;
L_0x5ca38817e9c0 .functor NOT 1, L_0x5ca3881cede0, C4<0>, C4<0>, C4<0>;
L_0x5ca38817f630 .functor NOT 1, L_0x5ca3881ceed0, C4<0>, C4<0>, C4<0>;
L_0x5ca3881821e0 .functor NOT 1, L_0x5ca3881ceff0, C4<0>, C4<0>, C4<0>;
L_0x5ca388182730 .functor NOT 1, L_0x5ca3881cf0e0, C4<0>, C4<0>, C4<0>;
L_0x5ca3881898a0 .functor NOT 1, L_0x5ca3881cf2a0, C4<0>, C4<0>, C4<0>;
L_0x5ca3881cf4d0 .functor NOT 1, L_0x5ca3881cf3e0, C4<0>, C4<0>, C4<0>;
L_0x5ca3881cf680 .functor OR 1, L_0x5ca38817dd50, L_0x5ca3881cf5e0, C4<0>, C4<0>;
L_0x5ca3881cf890 .functor OR 1, L_0x5ca3881cf790, L_0x5ca38817d0e0, C4<0>, C4<0>;
L_0x5ca3881cfb60 .functor OR 1, L_0x5ca3881cf9b0, L_0x5ca3881cfa50, C4<0>, C4<0>;
L_0x5ca3881cfaf0 .functor OR 1, L_0x5ca38817e9c0, L_0x5ca3881cfde0, C4<0>, C4<0>;
L_0x5ca3881d0280 .functor OR 1, L_0x5ca3881d0060, L_0x5ca3881d0150, C4<0>, C4<0>;
L_0x5ca3881d0660 .functor OR 1, L_0x5ca3881d0480, L_0x5ca3881d05c0, C4<0>, C4<0>;
L_0x5ca3881cfff0 .functor OR 1, L_0x5ca3881d07f0, L_0x5ca3881d0520, C4<0>, C4<0>;
L_0x5ca3881d0a30 .functor OR 1, L_0x5ca3881d82f0, L_0x5ca3881e5360, C4<0>, C4<0>;
L_0x5ca3881d0b30 .functor AND 1, L_0x5ca3881d1520, L_0x5ca3881d15e0, C4<1>, C4<1>;
L_0x5ca3881d0d80 .functor AND 1, L_0x5ca3881d1890, L_0x5ca3881d3a30, C4<1>, C4<1>;
L_0x5ca3881d11a0 .functor AND 1, L_0x5ca3881d0f10, L_0x5ca3881d1030, C4<1>, C4<1>;
L_0x5ca3881d1380 .functor OR 1, L_0x5ca3881d12e0, L_0x5ca3881e5360, C4<0>, C4<0>;
L_0x5ca3881d1520 .functor OR 1, L_0x5ca3881d1380, L_0x5ca3881e5550, C4<0>, C4<0>;
L_0x5ca3881d15e0 .functor OR 1, L_0x5ca3881cfff0, L_0x5ca3881d2f40, C4<0>, C4<0>;
L_0x5ca3881d1890 .functor OR 1, L_0x5ca3881d0e70, L_0x5ca3881d2460, C4<0>, C4<0>;
L_0x5ca3881d19a0 .functor AND 1, L_0x5ca3881d2a60, L_0x5ca3881d3a30, C4<1>, C4<1>;
L_0x5ca3881d1c20 .functor AND 1, L_0x5ca3881d3fc0, L_0x5ca3881d44d0, C4<1>, C4<1>;
L_0x5ca3881d1f90 .functor AND 1, L_0x5ca3881d1ce0, L_0x5ca3881d1ef0, C4<1>, C4<1>;
L_0x5ca3881d21b0 .functor OR 1, L_0x5ca3881821e0, L_0x5ca388182730, C4<0>, C4<0>;
L_0x5ca3881d2460 .functor OR 1, L_0x5ca3881d21b0, L_0x5ca3881d22c0, C4<0>, C4<0>;
L_0x5ca3881d2950 .functor OR 1, L_0x5ca3881d26b0, L_0x5ca3881d27a0, C4<0>, C4<0>;
L_0x5ca3881d2a60 .functor OR 1, L_0x5ca3881d2950, L_0x5ca3881d2460, C4<0>, C4<0>;
L_0x5ca3881d2d10 .functor OR 1, L_0x5ca3881821e0, L_0x5ca3881d2c70, C4<0>, C4<0>;
L_0x5ca3881d2f40 .functor OR 1, L_0x5ca3881d2d10, L_0x5ca3881d2d80, C4<0>, C4<0>;
L_0x5ca3881d3250 .functor OR 1, L_0x5ca3881d31b0, L_0x5ca3881db4e0, C4<0>, C4<0>;
L_0x5ca3881d3530 .functor OR 1, L_0x5ca3881d2e20, L_0x5ca3881d2f40, C4<0>, C4<0>;
L_0x5ca3881d3a30 .functor OR 1, L_0x5ca3881d3760, L_0x5ca3881d3990, C4<0>, C4<0>;
L_0x5ca3881d3d30 .functor OR 1, L_0x5ca3881d3b40, L_0x5ca388182730, C4<0>, C4<0>;
L_0x5ca3881d36e0 .functor OR 1, L_0x5ca3881d3d30, L_0x5ca3881d3640, C4<0>, C4<0>;
L_0x5ca3881d3fc0 .functor OR 1, v0x5ca3881a2730_0, L_0x5ca3881d36e0, C4<0>, C4<0>;
L_0x5ca3881d4410 .functor OR 1, v0x5ca3881a2670_0, L_0x5ca3881d4210, C4<0>, C4<0>;
L_0x5ca3881d44d0 .functor OR 1, L_0x5ca3881d4410, L_0x5ca3881dacb0, C4<0>, C4<0>;
L_0x5ca3881d47d0 .functor OR 1, L_0x5ca3881e6850, L_0x5ca3881d4730, C4<0>, C4<0>;
L_0x5ca3881d4b90 .functor OR 1, L_0x5ca3881d4890, L_0x5ca3881d4aa0, C4<0>, C4<0>;
L_0x5ca3881d53d0 .functor OR 1, L_0x5ca3881d5070, L_0x5ca3881d5110, C4<0>, C4<0>;
L_0x5ca3881d5810 .functor OR 1, L_0x5ca3881d54e0, L_0x5ca3881d55d0, C4<0>, C4<0>;
L_0x5ca3881d5d80 .functor OR 1, L_0x5ca3881d5a90, L_0x5ca3881d5b30, C4<0>, C4<0>;
L_0x5ca3881d6280 .functor OR 1, L_0x5ca3881d5f80, L_0x5ca3881d61e0, C4<0>, C4<0>;
L_0x5ca3881d68c0 .functor OR 1, L_0x5ca3881d6560, L_0x5ca3881d6820, C4<0>, C4<0>;
L_0x5ca3881d6cf0 .functor OR 1, L_0x5ca3881d69d0, L_0x5ca3881d6c50, C4<0>, C4<0>;
L_0x5ca3881d75e0 .functor OR 1, L_0x5ca3881d7270, L_0x5ca3881d7310, C4<0>, C4<0>;
L_0x5ca3881d7c20 .functor OR 1, L_0x5ca3881d7880, L_0x5ca3881d7b80, C4<0>, C4<0>;
L_0x5ca3881d7f20 .functor OR 1, L_0x5ca3881e5360, L_0x5ca3881e5550, C4<0>, C4<0>;
L_0x5ca3881d82f0 .functor OR 1, L_0x5ca3881d7f90, L_0x5ca3881d8250, C4<0>, C4<0>;
L_0x5ca3881d88d0 .functor OR 1, L_0x5ca3881d8600, L_0x5ca3881d82f0, C4<0>, C4<0>;
L_0x5ca3881d8d60 .functor OR 1, L_0x5ca3881d8990, L_0x5ca3881d8a30, C4<0>, C4<0>;
L_0x5ca3881d9450 .functor OR 1, L_0x5ca3881d9030, L_0x5ca3881d90d0, C4<0>, C4<0>;
L_0x5ca3881d9a50 .functor OR 1, L_0x5ca3881d96b0, L_0x5ca3881d99b0, C4<0>, C4<0>;
L_0x5ca3881da210 .functor OR 1, L_0x5ca3881d9d80, L_0x5ca3881da0e0, C4<0>, C4<0>;
L_0x5ca3881da690 .functor OR 1, L_0x5ca3881da2d0, L_0x5ca3881da5f0, C4<0>, C4<0>;
L_0x5ca3881dacb0 .functor OR 1, L_0x5ca3881da690, L_0x5ca3881da980, C4<0>, C4<0>;
L_0x5ca3881dae10 .functor NOT 1, L_0x5ca3881cfff0, C4<0>, C4<0>, C4<0>;
L_0x5ca3881db070 .functor NOT 1, L_0x5ca3881dacb0, C4<0>, C4<0>, C4<0>;
L_0x5ca3881db0e0 .functor NOT 1, L_0x5ca3881d2f40, C4<0>, C4<0>, C4<0>;
L_0x5ca3881db350 .functor AND 1, v0x5ca3881a2730_0, v0x5ca3881a2670_0, C4<1>, C4<1>;
L_0x5ca3881db4e0 .functor AND 1, L_0x5ca3881cfff0, L_0x5ca3881d47d0, C4<1>, C4<1>;
L_0x5ca3881db890 .functor AND 1, L_0x5ca3881cfff0, L_0x5ca3881db7f0, C4<1>, C4<1>;
L_0x5ca3881e5360 .functor NOT 1, L_0x5ca3881d2460, C4<0>, C4<0>, C4<0>;
L_0x5ca3881e5550 .functor NOT 1, L_0x5ca3881d36e0, C4<0>, C4<0>, C4<0>;
L_0x5ca3881e6850 .functor NOT 1, L_0x5ca3881e7c20, C4<0>, C4<0>, C4<0>;
L_0x5ca3881e6d30 .functor XOR 1, L_0x5ca3881e6910, L_0x5ca3881e69b0, C4<0>, C4<0>;
L_0x5ca3881e7010 .functor OR 1, L_0x5ca3881e6e40, L_0x5ca3881e6f70, C4<0>, C4<0>;
L_0x5ca3881e7490 .functor AND 1, L_0x5ca3881e7120, L_0x5ca3881e71c0, C4<1>, C4<1>;
L_0x5ca3881e7710 .functor AND 1, L_0x5ca3881e75a0, L_0x5ca3881e7640, C4<1>, C4<1>;
L_0x5ca3881e7c20 .functor OR 1, L_0x5ca3881e7850, L_0x5ca3881e7940, C4<0>, C4<0>;
L_0x5ca3881e7ec0 .functor AND 1, L_0x5ca3881e7d80, L_0x5ca3881e7e20, C4<1>, C4<1>;
L_0x5ca3881e83e0 .functor AND 1, L_0x5ca3881e7fd0, L_0x5ca3881e80c0, C4<1>, C4<1>;
L_0x5ca3881e8630 .functor AND 1, L_0x5ca3881e84f0, L_0x5ca3881e8590, C4<1>, C4<1>;
L_0x5ca3881e8bd0 .functor AND 1, L_0x5ca3881e8740, L_0x5ca3881e8870, C4<1>, C4<1>;
L_0x5ca3881e8e00 .functor AND 1, L_0x5ca3881e8cc0, L_0x5ca3881e8d60, C4<1>, C4<1>;
L_0x5ca3881e9080 .functor AND 1, L_0x5ca3881e8f40, L_0x5ca3881e8fe0, C4<1>, C4<1>;
L_0x5ca3881e9490 .functor AND 1, L_0x5ca3881e93f0, L_0x5ca3881e5550, C4<1>, C4<1>;
L_0x5ca3881ea230 .functor AND 1, L_0x5ca3881e97e0, L_0x5ca3881e5360, C4<1>, C4<1>;
L_0x5ca3881ea390 .functor AND 1, L_0x5ca3881ea2f0, L_0x5ca3881e5360, C4<1>, C4<1>;
L_0x5ca3881e9c40 .functor AND 1, L_0x5ca3881ea830, L_0x5ca3881e5360, C4<1>, C4<1>;
L_0x5ca3881e9ed0 .functor AND 1, L_0x5ca3881e9d30, L_0x5ca3881e9e00, C4<1>, C4<1>;
L_0x5ca3881ea1a0 .functor AND 1, L_0x5ca3881ea010, L_0x5ca3881ea100, C4<1>, C4<1>;
L_0x5ca3881eaab0 .functor AND 1, L_0x5ca3881ea970, L_0x5ca3881eaa10, C4<1>, C4<1>;
L_0x5ca3881eb860 .functor AND 1, L_0x5ca3881eb7c0, L_0x5ca3881e5360, C4<1>, C4<1>;
L_0x5ca3881eb190 .functor AND 1, L_0x5ca3881eb8d0, L_0x5ca3881e5360, C4<1>, C4<1>;
L_0x5ca3881eb5c0 .functor AND 1, L_0x5ca3881eb520, L_0x5ca3881e5360, C4<1>, C4<1>;
L_0x5ca3881ec170 .functor XOR 1, L_0x5ca3881eb6b0, L_0x5ca3881ebfc0, C4<0>, C4<0>;
L_0x5ca3881ed680 .functor BUFZ 1, L_0x5ca3881d82f0, C4<0>, C4<0>, C4<0>;
L_0x5ca3881ece70 .functor BUFZ 1, L_0x5ca3881d2460, C4<0>, C4<0>, C4<0>;
v0x5ca3881b2ec0_0 .net "_000_", 0 0, L_0x5ca3881e4ba0;  1 drivers
v0x5ca3881b2fc0_0 .net "_001_", 2 0, L_0x5ca3881ec560;  1 drivers
v0x5ca3881b30c0_0 .net "_002_", 0 0, L_0x5ca3881e30a0;  1 drivers
v0x5ca3881b3180_0 .net "_003_", 2 0, L_0x5ca3881e1f40;  1 drivers
v0x5ca3881b3280_0 .net "_004_", 0 0, L_0x5ca3881db4e0;  1 drivers
v0x5ca3881b3360_0 .net "_005_", 2 0, L_0x5ca3881eba60;  1 drivers
v0x5ca3881b3460_0 .net "_006_", 2 0, L_0x5ca3881ebe20;  1 drivers
v0x5ca3881b3560_0 .net "_007_", 2 0, L_0x5ca3881ecd30;  1 drivers
v0x5ca3881b3660_0 .net "_008_", 2 0, L_0x5ca3881eca30;  1 drivers
v0x5ca3881b37f0_0 .net "_009_", 0 0, L_0x5ca3881d44d0;  1 drivers
v0x5ca3881b38b0_0 .net "_010_", 0 0, L_0x5ca3881d3fc0;  1 drivers
v0x5ca3881b3970_0 .net "_011_", 0 0, L_0x5ca3881d3a30;  1 drivers
v0x5ca3881b3a30_0 .net "_012_", 0 0, L_0x5ca3881d2a60;  1 drivers
v0x5ca3881b3af0_0 .net "_013_", 0 0, L_0x5ca3881d1890;  1 drivers
v0x5ca3881b3bb0_0 .net "_014_", 0 0, L_0x5ca3881d15e0;  1 drivers
v0x5ca3881b3c70_0 .net "_015_", 0 0, L_0x5ca3881d1520;  1 drivers
v0x5ca3881b3d30_0 .net "_016_", 0 0, L_0x5ca3881d1f90;  1 drivers
v0x5ca3881b3df0_0 .net "_017_", 0 0, L_0x5ca3881d11a0;  1 drivers
v0x5ca3881b3eb0_0 .net "_018_", 0 0, L_0x5ca38817dd50;  1 drivers
v0x5ca3881b3f70_0 .net "_019_", 0 0, L_0x5ca38817d0e0;  1 drivers
v0x5ca3881b4030_0 .net "_020_", 0 0, L_0x5ca38817e9c0;  1 drivers
v0x5ca3881b40f0_0 .net "_021_", 0 0, L_0x5ca3881821e0;  1 drivers
v0x5ca3881b41b0_0 .net "_022_", 0 0, L_0x5ca388182730;  1 drivers
v0x5ca3881b4270_0 .net "_023_", 0 0, L_0x5ca3881d36e0;  1 drivers
v0x5ca3881b4330_0 .net "_024_", 0 0, L_0x5ca3881dacb0;  1 drivers
v0x5ca3881b43f0_0 .net "_025_", 0 0, L_0x5ca3881d2460;  1 drivers
v0x5ca3881b44b0_0 .net "_026_", 0 0, L_0x5ca3881d2f40;  1 drivers
v0x5ca3881b4570_0 .net "_027_", 0 0, L_0x5ca3881cfff0;  1 drivers
v0x5ca3881b4630_0 .net "_028_", 3 0, L_0x5ca3881cfc50;  1 drivers
v0x5ca3881b4710_0 .net "_029_", 1 0, L_0x5ca3881d0390;  1 drivers
v0x5ca3881b47f0_0 .net "_030_", 0 0, L_0x5ca3881d82f0;  1 drivers
v0x5ca3881b48b0_0 .net "_031_", 1 0, L_0x5ca3881d0ba0;  1 drivers
v0x5ca3881b4990_0 .net "_032_", 0 0, L_0x5ca3881d1380;  1 drivers
v0x5ca3881b4a50_0 .net "_033_", 1 0, L_0x5ca3881d1b30;  1 drivers
v0x5ca3881b4b30_0 .net "_034_", 0 0, L_0x5ca3881d21b0;  1 drivers
v0x5ca3881b4bf0_0 .net "_035_", 0 0, L_0x5ca3881d2950;  1 drivers
v0x5ca3881b4cb0_0 .net "_036_", 0 0, L_0x5ca3881d2d10;  1 drivers
v0x5ca3881b4d70_0 .net "_037_", 1 0, L_0x5ca3881d3310;  1 drivers
v0x5ca3881b4e50_0 .net "_038_", 0 0, L_0x5ca3881d3d30;  1 drivers
v0x5ca3881b4f10_0 .net "_039_", 0 0, L_0x5ca3881d4410;  1 drivers
v0x5ca3881b4fd0_0 .net "_040_", 7 0, L_0x5ca3881ecc10;  1 drivers
v0x5ca3881b50b0_0 .net "_041_", 1 0, L_0x5ca3881d4e00;  1 drivers
v0x5ca3881b5190_0 .net "_042_", 1 0, L_0x5ca3881d5e90;  1 drivers
v0x5ca3881b5270_0 .net "_043_", 1 0, L_0x5ca3881d6f90;  1 drivers
v0x5ca3881b5350_0 .net "_044_", 1 0, L_0x5ca3881ed590;  1 drivers
v0x5ca3881b5430_0 .net "_045_", 0 0, L_0x5ca3881da690;  1 drivers
v0x5ca3881b54f0_0 .net "_046_", 1 0, L_0x5ca3881ed7d0;  1 drivers
v0x5ca3881b55d0_0 .net "_047_", 2 0, L_0x5ca3881ed220;  1 drivers
v0x5ca3881b56b0_0 .net "_048_", 2 0, L_0x5ca3881ed960;  1 drivers
v0x5ca3881b5790_0 .net "_049_", 0 0, L_0x5ca3881d47d0;  1 drivers
v0x5ca3881b5870_0 .net "_050_", 11 0, L_0x5ca3881eddb0;  1 drivers
v0x5ca3881b67b0_0 .net "_051_", 11 0, L_0x5ca3881ee2d0;  1 drivers
v0x5ca3881b5970_0 .net "_052_", 3 0, L_0x5ca3881eeae0;  1 drivers
v0x5ca3881b5a90_0 .net "_053_", 2 0, L_0x5ca3881d7740;  1 drivers
v0x5ca3881b5bb0_0 .net "_054_", 8 0, L_0x5ca3881eed10;  1 drivers
v0x5ca3881b5cd0_0 .net "_055_", 8 0, L_0x5ca3881ef960;  1 drivers
v0x5ca3881b5df0_0 .net "_056_", 2 0, L_0x5ca3881d9540;  1 drivers
v0x5ca3881b5f10_0 .net "_057_", 31 0, L_0x5ca3882041e0;  1 drivers
v0x5ca3881b5ff0_0 .net "_058_", 31 0, L_0x5ca3881ef4b0;  1 drivers
v0x5ca3881b6110_0 .net "_059_", 31 0, L_0x5ca3881ef7d0;  1 drivers
v0x5ca3881b6240_0 .net "_060_", 31 0, L_0x5ca3881f01c0;  1 drivers
v0x5ca3881b6360_0 .net "_061_", 31 0, L_0x5ca388202ab0;  1 drivers
v0x5ca3881b6480_0 .net "_062_", 31 0, L_0x5ca388205330;  1 drivers
v0x5ca3881b73d0_0 .net "_063_", 0 0, L_0x5ca3881e6850;  1 drivers
v0x5ca3881b6710_0 .net "_064_", 0 0, L_0x5ca3881e7c20;  1 drivers
v0x5ca3881b6dc0_0 .net "_065_", 0 0, L_0x5ca3881d88d0;  1 drivers
v0x5ca3881b6f40_0 .net "_066_", 0 0, L_0x5ca3881da210;  1 drivers
v0x5ca3881b7020_0 .net *"_ivl_1", 0 0, L_0x5ca3881cec50;  1 drivers
v0x5ca3881b6ea0_0 .net *"_ivl_100", 0 0, L_0x5ca3881d0f10;  1 drivers
v0x5ca3881b7140_0 .net *"_ivl_1000", 0 0, L_0x5ca3882016b0;  1 drivers
v0x5ca3881b7220_0 .net *"_ivl_1002", 0 0, L_0x5ca388200da0;  1 drivers
v0x5ca3881b7470_0 .net *"_ivl_1004", 0 0, L_0x5ca388200e40;  1 drivers
v0x5ca3881b7510_0 .net *"_ivl_1006", 0 0, L_0x5ca388200ee0;  1 drivers
v0x5ca3881b75b0_0 .net *"_ivl_1008", 0 0, L_0x5ca388200f80;  1 drivers
v0x5ca3881b7690_0 .net *"_ivl_1010", 0 0, L_0x5ca388201020;  1 drivers
v0x5ca3881b7770_0 .net *"_ivl_1012", 0 0, L_0x5ca3882010c0;  1 drivers
v0x5ca3881b7850_0 .net *"_ivl_1014", 0 0, L_0x5ca388201160;  1 drivers
v0x5ca3881b7930_0 .net *"_ivl_1016", 0 0, L_0x5ca388201200;  1 drivers
v0x5ca3881b7a10_0 .net *"_ivl_1018", 0 0, L_0x5ca3882012a0;  1 drivers
v0x5ca3881b7af0_0 .net *"_ivl_102", 0 0, L_0x5ca3881d1030;  1 drivers
v0x5ca3881b7bd0_0 .net *"_ivl_1020", 0 0, L_0x5ca388201340;  1 drivers
v0x5ca3881b7cb0_0 .net *"_ivl_1022", 0 0, L_0x5ca3882013e0;  1 drivers
v0x5ca3881b7d90_0 .net *"_ivl_1024", 0 0, L_0x5ca388201480;  1 drivers
v0x5ca3881b7e70_0 .net *"_ivl_1026", 0 0, L_0x5ca388201520;  1 drivers
v0x5ca3881b7f50_0 .net *"_ivl_1028", 0 0, L_0x5ca388202030;  1 drivers
v0x5ca3881b8030_0 .net *"_ivl_1029", 30 0, L_0x5ca388201750;  1 drivers
v0x5ca3881b8110_0 .net *"_ivl_1031", 28 0, L_0x5ca3882020d0;  1 drivers
v0x5ca3881b81f0_0 .net *"_ivl_1033", 1 0, L_0x5ca3882021c0;  1 drivers
L_0x705c4dd56d08 .functor BUFT 1, C4<11111111111111111111111111111>, C4<0>, C4<0>, C4<0>;
v0x5ca3881b82d0_0 .net/2u *"_ivl_1039", 28 0, L_0x705c4dd56d08;  1 drivers
v0x5ca3881b83b0_0 .net *"_ivl_1042", 1 0, L_0x5ca388202300;  1 drivers
v0x5ca3881b8490_0 .net *"_ivl_1043", 30 0, L_0x5ca3882023a0;  1 drivers
v0x5ca3881b8570_0 .net *"_ivl_1045", 27 0, L_0x5ca3882024e0;  1 drivers
v0x5ca3881b8650_0 .net *"_ivl_1047", 1 0, L_0x5ca388202580;  1 drivers
v0x5ca3881b8730_0 .net *"_ivl_1053", 0 0, L_0x5ca388202670;  1 drivers
v0x5ca3881b8810_0 .net *"_ivl_1055", 0 0, L_0x5ca388202710;  1 drivers
v0x5ca3881b88f0_0 .net *"_ivl_1057", 0 0, L_0x5ca388202840;  1 drivers
v0x5ca3881b89d0_0 .net *"_ivl_1059", 0 0, L_0x5ca3882028e0;  1 drivers
v0x5ca3881b8ab0_0 .net *"_ivl_106", 0 0, L_0x5ca3881d12e0;  1 drivers
v0x5ca3881b8b90_0 .net *"_ivl_1061", 0 0, L_0x5ca388203540;  1 drivers
v0x5ca3881b8c70_0 .net *"_ivl_1063", 0 0, L_0x5ca3882035e0;  1 drivers
v0x5ca3881b8d50_0 .net *"_ivl_1065", 0 0, L_0x5ca388202bf0;  1 drivers
v0x5ca3881b8e30_0 .net *"_ivl_1067", 0 0, L_0x5ca388202c90;  1 drivers
v0x5ca3881b8f10_0 .net *"_ivl_1069", 0 0, L_0x5ca388202d30;  1 drivers
v0x5ca3881b8ff0_0 .net *"_ivl_1071", 0 0, L_0x5ca388202dd0;  1 drivers
v0x5ca3881b90d0_0 .net *"_ivl_1073", 0 0, L_0x5ca388202e70;  1 drivers
v0x5ca3881b91b0_0 .net *"_ivl_1075", 0 0, L_0x5ca388202f10;  1 drivers
v0x5ca3881b9290_0 .net *"_ivl_1077", 0 0, L_0x5ca388202fb0;  1 drivers
v0x5ca3881b9370_0 .net *"_ivl_1079", 0 0, L_0x5ca388203050;  1 drivers
v0x5ca3881b9450_0 .net *"_ivl_1081", 0 0, L_0x5ca388203300;  1 drivers
v0x5ca3881b9530_0 .net *"_ivl_1083", 0 0, L_0x5ca3882033a0;  1 drivers
v0x5ca3881b9610_0 .net *"_ivl_1085", 0 0, L_0x5ca388203440;  1 drivers
v0x5ca3881b96f0_0 .net *"_ivl_1087", 0 0, L_0x5ca388204140;  1 drivers
v0x5ca3881b97d0_0 .net *"_ivl_1089", 0 0, L_0x5ca388203790;  1 drivers
v0x5ca3881b98b0_0 .net *"_ivl_1091", 0 0, L_0x5ca388203830;  1 drivers
v0x5ca3881b9990_0 .net *"_ivl_1093", 0 0, L_0x5ca3882038d0;  1 drivers
v0x5ca3881b9a70_0 .net *"_ivl_1095", 0 0, L_0x5ca388203970;  1 drivers
v0x5ca3881b9b50_0 .net *"_ivl_1097", 0 0, L_0x5ca388203a10;  1 drivers
v0x5ca3881b9c30_0 .net *"_ivl_1099", 0 0, L_0x5ca388203ab0;  1 drivers
v0x5ca3881b9d10_0 .net *"_ivl_1101", 0 0, L_0x5ca388203b50;  1 drivers
v0x5ca3881b9df0_0 .net *"_ivl_1103", 0 0, L_0x5ca388203bf0;  1 drivers
v0x5ca3881b9ed0_0 .net *"_ivl_1105", 0 0, L_0x5ca388203c90;  1 drivers
v0x5ca3881b9fb0_0 .net *"_ivl_1107", 0 0, L_0x5ca388203d30;  1 drivers
v0x5ca3881ba090_0 .net *"_ivl_1109", 0 0, L_0x5ca388203dd0;  1 drivers
v0x5ca3881ba170_0 .net *"_ivl_1111", 0 0, L_0x5ca388203e70;  1 drivers
v0x5ca3881ba250_0 .net *"_ivl_1112", 29 0, L_0x5ca388203f10;  1 drivers
o0x705c4dda0ae8 .functor BUFZ 1, C4<z>; HiZ drive
; Elide local net with no drivers, v0x5ca3881ba330_0 name=_ivl_1128
o0x705c4dda0b18 .functor BUFZ 1, C4<z>; HiZ drive
; Elide local net with no drivers, v0x5ca3881ba410_0 name=_ivl_1131
v0x5ca3881ba4f0_0 .net *"_ivl_114", 0 0, L_0x5ca3881d0e70;  1 drivers
v0x5ca3881ba5d0_0 .net *"_ivl_119", 0 0, L_0x5ca3881d19a0;  1 drivers
v0x5ca3881baec0_0 .net *"_ivl_124", 0 0, L_0x5ca3881d1c20;  1 drivers
v0x5ca3881bafa0_0 .net *"_ivl_127", 0 0, L_0x5ca3881d1ce0;  1 drivers
v0x5ca3881bb080_0 .net *"_ivl_129", 0 0, L_0x5ca3881d1ef0;  1 drivers
v0x5ca3881bb160_0 .net *"_ivl_135", 0 0, L_0x5ca3881d22c0;  1 drivers
v0x5ca3881bb240_0 .net *"_ivl_139", 0 0, L_0x5ca3881d26b0;  1 drivers
v0x5ca3881bb320_0 .net *"_ivl_141", 0 0, L_0x5ca3881d27a0;  1 drivers
v0x5ca3881bb400_0 .net *"_ivl_147", 0 0, L_0x5ca3881d2c70;  1 drivers
v0x5ca3881bb4e0_0 .net *"_ivl_15", 0 0, L_0x5ca3881ceed0;  1 drivers
v0x5ca3881bb5c0_0 .net *"_ivl_151", 0 0, L_0x5ca3881d2d80;  1 drivers
v0x5ca3881bb6a0_0 .net *"_ivl_157", 0 0, L_0x5ca3881d31b0;  1 drivers
v0x5ca3881bb780_0 .net *"_ivl_158", 0 0, L_0x5ca3881d3250;  1 drivers
v0x5ca3881bb860_0 .net *"_ivl_16", 0 0, L_0x5ca38817f630;  1 drivers
v0x5ca3881bb940_0 .net *"_ivl_164", 0 0, L_0x5ca3881d2e20;  1 drivers
v0x5ca3881bba20_0 .net *"_ivl_165", 0 0, L_0x5ca3881d3530;  1 drivers
v0x5ca3881bbb00_0 .net *"_ivl_168", 0 0, L_0x5ca3881d3760;  1 drivers
v0x5ca3881bbbe0_0 .net *"_ivl_170", 0 0, L_0x5ca3881d3990;  1 drivers
v0x5ca3881bbcc0_0 .net *"_ivl_174", 0 0, L_0x5ca3881d3b40;  1 drivers
v0x5ca3881bbda0_0 .net *"_ivl_178", 0 0, L_0x5ca3881d3640;  1 drivers
v0x5ca3881bbe80_0 .net *"_ivl_184", 0 0, L_0x5ca3881d4210;  1 drivers
v0x5ca3881bbf60_0 .net *"_ivl_19", 0 0, L_0x5ca3881ceff0;  1 drivers
v0x5ca3881bc040_0 .net *"_ivl_190", 0 0, L_0x5ca3881d4730;  1 drivers
v0x5ca3881bc120_0 .net *"_ivl_196", 0 0, L_0x5ca3881d4890;  1 drivers
v0x5ca3881bc200_0 .net *"_ivl_198", 0 0, L_0x5ca3881d4aa0;  1 drivers
v0x5ca3881bc2e0_0 .net *"_ivl_199", 0 0, L_0x5ca3881d4b90;  1 drivers
v0x5ca3881bc3c0_0 .net *"_ivl_205", 0 0, L_0x5ca3881d5070;  1 drivers
v0x5ca3881bc4a0_0 .net *"_ivl_207", 0 0, L_0x5ca3881d5110;  1 drivers
v0x5ca3881bc580_0 .net *"_ivl_208", 0 0, L_0x5ca3881d53d0;  1 drivers
v0x5ca3881bc660_0 .net *"_ivl_213", 0 0, L_0x5ca3881d54e0;  1 drivers
v0x5ca3881bc740_0 .net *"_ivl_215", 0 0, L_0x5ca3881d55d0;  1 drivers
v0x5ca3881bc820_0 .net *"_ivl_216", 0 0, L_0x5ca3881d5810;  1 drivers
v0x5ca3881bc900_0 .net *"_ivl_221", 0 0, L_0x5ca3881d5a90;  1 drivers
v0x5ca3881bc9e0_0 .net *"_ivl_223", 0 0, L_0x5ca3881d5b30;  1 drivers
v0x5ca3881bcac0_0 .net *"_ivl_224", 0 0, L_0x5ca3881d5d80;  1 drivers
v0x5ca3881bcba0_0 .net *"_ivl_23", 0 0, L_0x5ca3881cf0e0;  1 drivers
v0x5ca3881bcc80_0 .net *"_ivl_230", 0 0, L_0x5ca3881d5f80;  1 drivers
v0x5ca3881bcd60_0 .net *"_ivl_232", 0 0, L_0x5ca3881d61e0;  1 drivers
v0x5ca3881bce40_0 .net *"_ivl_233", 0 0, L_0x5ca3881d6280;  1 drivers
v0x5ca3881bcf20_0 .net *"_ivl_238", 0 0, L_0x5ca3881d6560;  1 drivers
v0x5ca3881bd000_0 .net *"_ivl_240", 0 0, L_0x5ca3881d6820;  1 drivers
v0x5ca3881bd0e0_0 .net *"_ivl_241", 0 0, L_0x5ca3881d68c0;  1 drivers
v0x5ca3881bd1c0_0 .net *"_ivl_246", 0 0, L_0x5ca3881d69d0;  1 drivers
v0x5ca3881bd2a0_0 .net *"_ivl_248", 0 0, L_0x5ca3881d6c50;  1 drivers
v0x5ca3881bd380_0 .net *"_ivl_249", 0 0, L_0x5ca3881d6cf0;  1 drivers
v0x5ca3881bd460_0 .net *"_ivl_255", 0 0, L_0x5ca3881d7270;  1 drivers
v0x5ca3881bd540_0 .net *"_ivl_257", 0 0, L_0x5ca3881d7310;  1 drivers
v0x5ca3881bd620_0 .net *"_ivl_258", 0 0, L_0x5ca3881d75e0;  1 drivers
v0x5ca3881bd700_0 .net *"_ivl_264", 0 0, L_0x5ca3881d7880;  1 drivers
v0x5ca3881bd7e0_0 .net *"_ivl_266", 0 0, L_0x5ca3881d7b80;  1 drivers
v0x5ca3881bd8c0_0 .net *"_ivl_267", 0 0, L_0x5ca3881d7c20;  1 drivers
v0x5ca3881bd9a0_0 .net *"_ivl_271", 0 0, L_0x5ca3881d7f20;  1 drivers
v0x5ca3881bda80_0 .net *"_ivl_274", 0 0, L_0x5ca3881d7f90;  1 drivers
v0x5ca3881bdb60_0 .net *"_ivl_276", 0 0, L_0x5ca3881d8250;  1 drivers
v0x5ca3881bdc40_0 .net *"_ivl_280", 0 0, L_0x5ca3881d8600;  1 drivers
v0x5ca3881bdd20_0 .net *"_ivl_286", 0 0, L_0x5ca3881d8990;  1 drivers
v0x5ca3881bde00_0 .net *"_ivl_288", 0 0, L_0x5ca3881d8a30;  1 drivers
v0x5ca3881bdee0_0 .net *"_ivl_289", 0 0, L_0x5ca3881d8d60;  1 drivers
v0x5ca3881bdfc0_0 .net *"_ivl_29", 0 0, L_0x5ca3881cf2a0;  1 drivers
v0x5ca3881be0a0_0 .net *"_ivl_294", 0 0, L_0x5ca3881d9030;  1 drivers
v0x5ca3881be180_0 .net *"_ivl_296", 0 0, L_0x5ca3881d90d0;  1 drivers
v0x5ca3881be260_0 .net *"_ivl_297", 0 0, L_0x5ca3881d9450;  1 drivers
v0x5ca3881be340_0 .net *"_ivl_30", 0 0, L_0x5ca3881898a0;  1 drivers
v0x5ca3881be420_0 .net *"_ivl_303", 0 0, L_0x5ca3881d96b0;  1 drivers
v0x5ca3881be500_0 .net *"_ivl_305", 0 0, L_0x5ca3881d99b0;  1 drivers
v0x5ca3881be5e0_0 .net *"_ivl_306", 0 0, L_0x5ca3881d9a50;  1 drivers
v0x5ca3881be6c0_0 .net *"_ivl_309", 0 0, L_0x5ca3881d9d80;  1 drivers
v0x5ca3881be7a0_0 .net *"_ivl_311", 0 0, L_0x5ca3881da0e0;  1 drivers
v0x5ca3881be880_0 .net *"_ivl_315", 0 0, L_0x5ca3881da2d0;  1 drivers
v0x5ca3881be960_0 .net *"_ivl_317", 0 0, L_0x5ca3881da5f0;  1 drivers
v0x5ca3881bea40_0 .net *"_ivl_321", 0 0, L_0x5ca3881da980;  1 drivers
v0x5ca3881beb20_0 .net *"_ivl_326", 0 0, L_0x5ca3881dae10;  1 drivers
v0x5ca3881bec00_0 .net *"_ivl_330", 0 0, L_0x5ca3881db070;  1 drivers
v0x5ca3881bece0_0 .net *"_ivl_334", 0 0, L_0x5ca3881db0e0;  1 drivers
v0x5ca3881bedc0_0 .net *"_ivl_338", 0 0, L_0x5ca3881db350;  1 drivers
v0x5ca3881beea0_0 .net *"_ivl_345", 0 0, L_0x5ca3881db7f0;  1 drivers
v0x5ca3881bef80_0 .net *"_ivl_346", 0 0, L_0x5ca3881db890;  1 drivers
v0x5ca3881bf060_0 .net *"_ivl_35", 0 0, L_0x5ca3881cf3e0;  1 drivers
L_0x705c4dd56018 .functor BUFT 1, C4<x>, C4<0>, C4<0>, C4<0>;
v0x5ca3881bf140_0 .net *"_ivl_350", 0 0, L_0x705c4dd56018;  1 drivers
L_0x705c4dd56060 .functor BUFT 1, C4<0>, C4<0>, C4<0>, C4<0>;
v0x5ca3881bf220_0 .net/2u *"_ivl_352", 0 0, L_0x705c4dd56060;  1 drivers
v0x5ca3881bf300_0 .net *"_ivl_354", 0 0, L_0x5ca3881db960;  1 drivers
L_0x705c4dd560a8 .functor BUFT 1, C4<x>, C4<0>, C4<0>, C4<0>;
v0x5ca3881bf3e0_0 .net *"_ivl_358", 0 0, L_0x705c4dd560a8;  1 drivers
v0x5ca3881bf4c0_0 .net *"_ivl_36", 0 0, L_0x5ca3881cf4d0;  1 drivers
L_0x705c4dd560f0 .functor BUFT 1, C4<1>, C4<0>, C4<0>, C4<0>;
v0x5ca3881bf5a0_0 .net/2u *"_ivl_360", 0 0, L_0x705c4dd560f0;  1 drivers
v0x5ca3881bf680_0 .net *"_ivl_362", 0 0, L_0x5ca3881dbd50;  1 drivers
v0x5ca3881bf760_0 .net *"_ivl_367", 0 0, L_0x5ca3881dbec0;  1 drivers
L_0x705c4dd56138 .functor BUFT 1, C4<1>, C4<0>, C4<0>, C4<0>;
v0x5ca3881bf840_0 .net/2u *"_ivl_368", 0 0, L_0x705c4dd56138;  1 drivers
v0x5ca3881bf920_0 .net *"_ivl_371", 0 0, L_0x5ca3881dc2a0;  1 drivers
v0x5ca3881bfa00_0 .net *"_ivl_372", 0 0, L_0x5ca3881dc370;  1 drivers
v0x5ca3881bfae0_0 .net *"_ivl_377", 0 0, L_0x5ca3881dc7f0;  1 drivers
L_0x705c4dd56180 .functor BUFT 1, C4<1>, C4<0>, C4<0>, C4<0>;
v0x5ca3881bfbc0_0 .net/2u *"_ivl_378", 0 0, L_0x705c4dd56180;  1 drivers
v0x5ca3881bfca0_0 .net *"_ivl_381", 0 0, L_0x5ca3881dc890;  1 drivers
v0x5ca3881bfd80_0 .net *"_ivl_382", 0 0, L_0x5ca3881dcc50;  1 drivers
v0x5ca3881bfe60_0 .net *"_ivl_387", 0 0, L_0x5ca3881dcde0;  1 drivers
L_0x705c4dd561c8 .functor BUFT 1, C4<0>, C4<0>, C4<0>, C4<0>;
v0x5ca3881bff40_0 .net/2u *"_ivl_388", 0 0, L_0x705c4dd561c8;  1 drivers
v0x5ca3881c0020_0 .net *"_ivl_391", 0 0, L_0x5ca3881dd160;  1 drivers
v0x5ca3881c0100_0 .net *"_ivl_392", 0 0, L_0x5ca3881dd200;  1 drivers
v0x5ca3881c01e0_0 .net *"_ivl_397", 0 0, L_0x5ca3881dd6b0;  1 drivers
v0x5ca3881c02c0_0 .net *"_ivl_399", 0 0, L_0x5ca3881dd750;  1 drivers
L_0x705c4dd56210 .functor BUFT 1, C4<x>, C4<0>, C4<0>, C4<0>;
v0x5ca3881c03a0_0 .net *"_ivl_400", 0 0, L_0x705c4dd56210;  1 drivers
v0x5ca3881c0480_0 .net *"_ivl_402", 0 0, L_0x5ca3881ddb20;  1 drivers
v0x5ca3881c0560_0 .net *"_ivl_407", 0 0, L_0x5ca3881ddce0;  1 drivers
v0x5ca3881c0640_0 .net *"_ivl_409", 0 0, L_0x5ca3881de090;  1 drivers
v0x5ca3881c0720_0 .net *"_ivl_41", 0 0, L_0x5ca3881cf5e0;  1 drivers
L_0x705c4dd56258 .functor BUFT 1, C4<x>, C4<0>, C4<0>, C4<0>;
v0x5ca3881c0800_0 .net *"_ivl_410", 0 0, L_0x705c4dd56258;  1 drivers
v0x5ca3881c08e0_0 .net *"_ivl_412", 0 0, L_0x5ca3881de160;  1 drivers
v0x5ca3881c09c0_0 .net *"_ivl_417", 0 0, L_0x5ca3881de5f0;  1 drivers
v0x5ca3881c0aa0_0 .net *"_ivl_419", 0 0, L_0x5ca3881de690;  1 drivers
v0x5ca3881c0b80_0 .net *"_ivl_42", 0 0, L_0x5ca3881cf680;  1 drivers
L_0x705c4dd562a0 .functor BUFT 1, C4<x>, C4<0>, C4<0>, C4<0>;
v0x5ca3881c0c60_0 .net *"_ivl_420", 0 0, L_0x705c4dd562a0;  1 drivers
v0x5ca3881c0d40_0 .net *"_ivl_422", 0 0, L_0x5ca3881deab0;  1 drivers
L_0x705c4dd562e8 .functor BUFT 1, C4<0>, C4<0>, C4<0>, C4<0>;
v0x5ca3881c0e20_0 .net/2u *"_ivl_426", 0 0, L_0x705c4dd562e8;  1 drivers
L_0x705c4dd56330 .functor BUFT 1, C4<x>, C4<0>, C4<0>, C4<0>;
v0x5ca3881c0f00_0 .net *"_ivl_428", 0 0, L_0x705c4dd56330;  1 drivers
v0x5ca3881c0fe0_0 .net *"_ivl_430", 0 0, L_0x5ca3881dec40;  1 drivers
L_0x705c4dd56378 .functor BUFT 1, C4<1>, C4<0>, C4<0>, C4<0>;
v0x5ca3881c10c0_0 .net/2u *"_ivl_434", 0 0, L_0x705c4dd56378;  1 drivers
L_0x705c4dd563c0 .functor BUFT 1, C4<x>, C4<0>, C4<0>, C4<0>;
v0x5ca3881c11a0_0 .net *"_ivl_436", 0 0, L_0x705c4dd563c0;  1 drivers
v0x5ca3881c1280_0 .net *"_ivl_438", 0 0, L_0x5ca3881df0c0;  1 drivers
L_0x705c4dd56408 .functor BUFT 1, C4<0>, C4<0>, C4<0>, C4<0>;
v0x5ca3881c1360_0 .net/2u *"_ivl_442", 0 0, L_0x705c4dd56408;  1 drivers
L_0x705c4dd56450 .functor BUFT 1, C4<x>, C4<0>, C4<0>, C4<0>;
v0x5ca3881c1440_0 .net *"_ivl_444", 0 0, L_0x705c4dd56450;  1 drivers
v0x5ca3881c1520_0 .net *"_ivl_446", 0 0, L_0x5ca3881df230;  1 drivers
v0x5ca3881c1600_0 .net *"_ivl_451", 0 0, L_0x5ca3881df730;  1 drivers
L_0x705c4dd56498 .functor BUFT 1, C4<1>, C4<0>, C4<0>, C4<0>;
v0x5ca3881c16e0_0 .net/2u *"_ivl_452", 0 0, L_0x705c4dd56498;  1 drivers
v0x5ca3881c17c0_0 .net *"_ivl_455", 0 0, L_0x5ca3881df8e0;  1 drivers
v0x5ca3881c18a0_0 .net *"_ivl_456", 0 0, L_0x5ca3881dfd40;  1 drivers
v0x5ca3881c1980_0 .net *"_ivl_461", 0 0, L_0x5ca3881dff00;  1 drivers
L_0x705c4dd564e0 .functor BUFT 1, C4<0>, C4<0>, C4<0>, C4<0>;
v0x5ca3881c1a60_0 .net/2u *"_ivl_462", 0 0, L_0x705c4dd564e0;  1 drivers
v0x5ca3881c1b40_0 .net *"_ivl_465", 0 0, L_0x5ca3881e0310;  1 drivers
v0x5ca3881c1c20_0 .net *"_ivl_466", 0 0, L_0x5ca3881e03e0;  1 drivers
v0x5ca3881c1d00_0 .net *"_ivl_47", 0 0, L_0x5ca3881cf790;  1 drivers
v0x5ca3881c1de0_0 .net *"_ivl_471", 0 0, L_0x5ca3881e0920;  1 drivers
v0x5ca3881ba6b0_0 .net *"_ivl_473", 0 0, L_0x5ca3881e09c0;  1 drivers
v0x5ca3881ba790_0 .net *"_ivl_475", 0 0, L_0x5ca3881e0e40;  1 drivers
v0x5ca3881ba870_0 .net *"_ivl_476", 0 0, L_0x5ca3881e0f30;  1 drivers
v0x5ca3881ba950_0 .net *"_ivl_48", 0 0, L_0x5ca3881cf890;  1 drivers
v0x5ca3881baa30_0 .net *"_ivl_481", 0 0, L_0x5ca3881e1460;  1 drivers
v0x5ca3881bab10_0 .net *"_ivl_483", 0 0, L_0x5ca3881e1500;  1 drivers
v0x5ca3881babf0_0 .net *"_ivl_485", 0 0, L_0x5ca3881e1950;  1 drivers
v0x5ca3881bacd0_0 .net *"_ivl_486", 0 0, L_0x5ca3881e19f0;  1 drivers
v0x5ca3881badb0_0 .net *"_ivl_492", 0 0, L_0x5ca3881e2080;  1 drivers
v0x5ca3881c2eb0_0 .net *"_ivl_494", 0 0, L_0x5ca3881e24f0;  1 drivers
v0x5ca3881c2f90_0 .net *"_ivl_496", 0 0, L_0x5ca3881e2590;  1 drivers
v0x5ca3881c3070_0 .net *"_ivl_497", 0 0, L_0x5ca3881e2ad0;  1 drivers
v0x5ca3881c3150_0 .net *"_ivl_5", 0 0, L_0x5ca3881ced40;  1 drivers
v0x5ca3881c3230_0 .net *"_ivl_500", 0 0, L_0x5ca3881e2c10;  1 drivers
L_0x705c4dd56528 .functor BUFT 1, C4<0>, C4<0>, C4<0>, C4<0>;
v0x5ca3881c3310_0 .net/2u *"_ivl_501", 0 0, L_0x705c4dd56528;  1 drivers
v0x5ca3881c33f0_0 .net *"_ivl_508", 0 0, L_0x5ca3881e31e0;  1 drivers
L_0x705c4dd56570 .functor BUFT 1, C4<0>, C4<0>, C4<0>, C4<0>;
v0x5ca3881c34d0_0 .net/2u *"_ivl_509", 0 0, L_0x705c4dd56570;  1 drivers
v0x5ca3881c35b0_0 .net *"_ivl_511", 0 0, L_0x5ca3881e3680;  1 drivers
v0x5ca3881c3690_0 .net *"_ivl_516", 0 0, L_0x5ca3881e3900;  1 drivers
L_0x705c4dd565b8 .functor BUFT 1, C4<1>, C4<0>, C4<0>, C4<0>;
v0x5ca3881c3770_0 .net/2u *"_ivl_517", 0 0, L_0x705c4dd565b8;  1 drivers
v0x5ca3881c3850_0 .net *"_ivl_519", 0 0, L_0x5ca3881e3e00;  1 drivers
v0x5ca3881c3930_0 .net *"_ivl_524", 0 0, L_0x5ca3881e3f40;  1 drivers
L_0x705c4dd56600 .functor BUFT 1, C4<0>, C4<0>, C4<0>, C4<0>;
v0x5ca3881c3a10_0 .net/2u *"_ivl_525", 0 0, L_0x705c4dd56600;  1 drivers
v0x5ca3881c3af0_0 .net *"_ivl_527", 0 0, L_0x5ca3881e4400;  1 drivers
v0x5ca3881c3bd0_0 .net *"_ivl_53", 0 0, L_0x5ca3881cf9b0;  1 drivers
v0x5ca3881c3cb0_0 .net *"_ivl_532", 0 0, L_0x5ca3881e4570;  1 drivers
L_0x705c4dd56648 .functor BUFT 1, C4<x>, C4<0>, C4<0>, C4<0>;
v0x5ca3881c3d90_0 .net *"_ivl_533", 0 0, L_0x705c4dd56648;  1 drivers
v0x5ca3881c3e70_0 .net *"_ivl_535", 0 0, L_0x5ca3881e3fe0;  1 drivers
v0x5ca3881c3f50_0 .net *"_ivl_540", 0 0, L_0x5ca3881e4120;  1 drivers
L_0x705c4dd56690 .functor BUFT 1, C4<x>, C4<0>, C4<0>, C4<0>;
v0x5ca3881c4030_0 .net *"_ivl_541", 0 0, L_0x705c4dd56690;  1 drivers
v0x5ca3881c4110_0 .net *"_ivl_543", 0 0, L_0x5ca3881e41c0;  1 drivers
v0x5ca3881c41f0_0 .net *"_ivl_548", 0 0, L_0x5ca3881e4330;  1 drivers
L_0x705c4dd566d8 .functor BUFT 1, C4<x>, C4<0>, C4<0>, C4<0>;
v0x5ca3881c42d0_0 .net *"_ivl_549", 0 0, L_0x705c4dd566d8;  1 drivers
v0x5ca3881c43b0_0 .net *"_ivl_55", 0 0, L_0x5ca3881cfa50;  1 drivers
v0x5ca3881c4490_0 .net *"_ivl_551", 0 0, L_0x5ca3881e4ab0;  1 drivers
L_0x705c4dd56720 .functor BUFT 1, C4<0>, C4<0>, C4<0>, C4<0>;
v0x5ca3881c4570_0 .net/2u *"_ivl_553", 0 0, L_0x705c4dd56720;  1 drivers
v0x5ca3881c4650_0 .net *"_ivl_56", 0 0, L_0x5ca3881cfb60;  1 drivers
v0x5ca3881c4730_0 .net *"_ivl_560", 0 0, L_0x5ca3881e4700;  1 drivers
L_0x705c4dd56768 .functor BUFT 1, C4<1>, C4<0>, C4<0>, C4<0>;
v0x5ca3881c4810_0 .net/2u *"_ivl_561", 0 0, L_0x705c4dd56768;  1 drivers
v0x5ca3881c48f0_0 .net *"_ivl_564", 0 0, L_0x5ca3881e47f0;  1 drivers
v0x5ca3881c49d0_0 .net *"_ivl_565", 0 0, L_0x5ca3881e48c0;  1 drivers
v0x5ca3881c4ab0_0 .net *"_ivl_570", 0 0, L_0x5ca3881e50b0;  1 drivers
L_0x705c4dd567b0 .functor BUFT 1, C4<1>, C4<0>, C4<0>, C4<0>;
v0x5ca3881c4b90_0 .net/2u *"_ivl_571", 0 0, L_0x705c4dd567b0;  1 drivers
v0x5ca3881c4c70_0 .net *"_ivl_574", 0 0, L_0x5ca3881e4c40;  1 drivers
v0x5ca3881c4d50_0 .net *"_ivl_575", 0 0, L_0x5ca3881e4d30;  1 drivers
v0x5ca3881c4e30_0 .net *"_ivl_580", 0 0, L_0x5ca3881e4ec0;  1 drivers
L_0x705c4dd567f8 .functor BUFT 1, C4<0>, C4<0>, C4<0>, C4<0>;
v0x5ca3881c4f10_0 .net/2u *"_ivl_581", 0 0, L_0x705c4dd567f8;  1 drivers
v0x5ca3881c4ff0_0 .net *"_ivl_584", 0 0, L_0x5ca3881e4ff0;  1 drivers
v0x5ca3881c50d0_0 .net *"_ivl_585", 0 0, L_0x5ca3881e55f0;  1 drivers
L_0x705c4dd56840 .functor BUFT 1, C4<1>, C4<0>, C4<0>, C4<0>;
v0x5ca3881c51b0_0 .net/2u *"_ivl_589", 0 0, L_0x705c4dd56840;  1 drivers
L_0x705c4dd56888 .functor BUFT 1, C4<x>, C4<0>, C4<0>, C4<0>;
v0x5ca3881c5290_0 .net *"_ivl_591", 0 0, L_0x705c4dd56888;  1 drivers
v0x5ca3881c5370_0 .net *"_ivl_593", 0 0, L_0x5ca3881e5730;  1 drivers
L_0x705c4dd568d0 .functor BUFT 1, C4<0>, C4<0>, C4<0>, C4<0>;
v0x5ca3881c5450_0 .net/2u *"_ivl_597", 0 0, L_0x705c4dd568d0;  1 drivers
L_0x705c4dd56918 .functor BUFT 1, C4<x>, C4<0>, C4<0>, C4<0>;
v0x5ca3881c5530_0 .net *"_ivl_599", 0 0, L_0x705c4dd56918;  1 drivers
v0x5ca3881c5610_0 .net *"_ivl_601", 0 0, L_0x5ca3881e51f0;  1 drivers
L_0x705c4dd56960 .functor BUFT 1, C4<0>, C4<0>, C4<0>, C4<0>;
v0x5ca3881c56f0_0 .net/2u *"_ivl_605", 0 0, L_0x705c4dd56960;  1 drivers
v0x5ca3881c57d0_0 .net *"_ivl_614", 0 0, L_0x5ca3881e57d0;  1 drivers
L_0x705c4dd569a8 .functor BUFT 1, C4<0>, C4<0>, C4<0>, C4<0>;
v0x5ca3881c58b0_0 .net/2u *"_ivl_615", 0 0, L_0x705c4dd569a8;  1 drivers
v0x5ca3881c5990_0 .net *"_ivl_617", 0 0, L_0x5ca3881e58c0;  1 drivers
v0x5ca3881c5a70_0 .net *"_ivl_62", 0 0, L_0x5ca3881cfde0;  1 drivers
v0x5ca3881c5b50_0 .net *"_ivl_622", 0 0, L_0x5ca3881e5a50;  1 drivers
L_0x705c4dd569f0 .functor BUFT 1, C4<0>, C4<0>, C4<0>, C4<0>;
v0x5ca3881c5c30_0 .net/2u *"_ivl_623", 0 0, L_0x705c4dd569f0;  1 drivers
v0x5ca3881c5d10_0 .net *"_ivl_625", 0 0, L_0x5ca3881e5af0;  1 drivers
v0x5ca3881c5df0_0 .net *"_ivl_63", 0 0, L_0x5ca3881cfaf0;  1 drivers
v0x5ca3881c5ed0_0 .net *"_ivl_631", 0 0, L_0x5ca3881e6470;  1 drivers
L_0x705c4dd56a38 .functor BUFT 1, C4<0>, C4<0>, C4<0>, C4<0>;
v0x5ca3881c5fb0_0 .net/2u *"_ivl_632", 0 0, L_0x705c4dd56a38;  1 drivers
v0x5ca3881c6090_0 .net *"_ivl_634", 0 0, L_0x5ca3881e5ea0;  1 drivers
v0x5ca3881c6170_0 .net *"_ivl_639", 0 0, L_0x5ca3881e6020;  1 drivers
L_0x705c4dd56a80 .functor BUFT 1, C4<x>, C4<0>, C4<0>, C4<0>;
v0x5ca3881c6250_0 .net *"_ivl_640", 0 0, L_0x705c4dd56a80;  1 drivers
v0x5ca3881c6330_0 .net *"_ivl_642", 0 0, L_0x5ca3881e6110;  1 drivers
v0x5ca3881c6410_0 .net *"_ivl_647", 0 0, L_0x5ca3881e62a0;  1 drivers
L_0x705c4dd56ac8 .functor BUFT 1, C4<x>, C4<0>, C4<0>, C4<0>;
v0x5ca3881c64f0_0 .net *"_ivl_648", 0 0, L_0x705c4dd56ac8;  1 drivers
v0x5ca3881c65d0_0 .net *"_ivl_650", 0 0, L_0x5ca3881e6ab0;  1 drivers
v0x5ca3881c66b0_0 .net *"_ivl_656", 0 0, L_0x5ca3881e65a0;  1 drivers
L_0x705c4dd56b10 .functor BUFT 1, C4<x>, C4<0>, C4<0>, C4<0>;
v0x5ca3881c6790_0 .net *"_ivl_657", 0 0, L_0x705c4dd56b10;  1 drivers
v0x5ca3881c6870_0 .net *"_ivl_659", 0 0, L_0x5ca3881e66d0;  1 drivers
v0x5ca3881c6950_0 .net *"_ivl_666", 0 0, L_0x5ca3881e6910;  1 drivers
v0x5ca3881c6a30_0 .net *"_ivl_668", 0 0, L_0x5ca3881e69b0;  1 drivers
v0x5ca3881c6b10_0 .net *"_ivl_669", 0 0, L_0x5ca3881e6d30;  1 drivers
v0x5ca3881c6bf0_0 .net *"_ivl_674", 0 0, L_0x5ca3881e6e40;  1 drivers
v0x5ca3881c6cd0_0 .net *"_ivl_676", 0 0, L_0x5ca3881e6f70;  1 drivers
v0x5ca3881c6db0_0 .net *"_ivl_677", 0 0, L_0x5ca3881e7010;  1 drivers
v0x5ca3881c6e90_0 .net *"_ivl_68", 0 0, L_0x5ca3881d0060;  1 drivers
v0x5ca3881c6f70_0 .net *"_ivl_682", 0 0, L_0x5ca3881e7120;  1 drivers
v0x5ca3881c7050_0 .net *"_ivl_684", 0 0, L_0x5ca3881e71c0;  1 drivers
v0x5ca3881c7130_0 .net *"_ivl_685", 0 0, L_0x5ca3881e7490;  1 drivers
v0x5ca3881c7210_0 .net *"_ivl_690", 0 0, L_0x5ca3881e75a0;  1 drivers
v0x5ca3881c72f0_0 .net *"_ivl_692", 0 0, L_0x5ca3881e7640;  1 drivers
v0x5ca3881c73d0_0 .net *"_ivl_693", 0 0, L_0x5ca3881e7710;  1 drivers
v0x5ca3881c74b0_0 .net *"_ivl_696", 0 0, L_0x5ca3881e7850;  1 drivers
v0x5ca3881c7590_0 .net *"_ivl_698", 0 0, L_0x5ca3881e7940;  1 drivers
v0x5ca3881c7670_0 .net *"_ivl_70", 0 0, L_0x5ca3881d0150;  1 drivers
v0x5ca3881c7750_0 .net *"_ivl_704", 0 0, L_0x5ca3881e7d80;  1 drivers
v0x5ca3881c7830_0 .net *"_ivl_706", 0 0, L_0x5ca3881e7e20;  1 drivers
v0x5ca3881c7910_0 .net *"_ivl_707", 0 0, L_0x5ca3881e7ec0;  1 drivers
v0x5ca3881c79f0_0 .net *"_ivl_71", 0 0, L_0x5ca3881d0280;  1 drivers
v0x5ca3881c7ad0_0 .net *"_ivl_712", 0 0, L_0x5ca3881e7fd0;  1 drivers
v0x5ca3881c7bb0_0 .net *"_ivl_714", 0 0, L_0x5ca3881e80c0;  1 drivers
v0x5ca3881c7c90_0 .net *"_ivl_715", 0 0, L_0x5ca3881e83e0;  1 drivers
v0x5ca3881c7d70_0 .net *"_ivl_720", 0 0, L_0x5ca3881e84f0;  1 drivers
v0x5ca3881c7e50_0 .net *"_ivl_722", 0 0, L_0x5ca3881e8590;  1 drivers
v0x5ca3881c7f30_0 .net *"_ivl_723", 0 0, L_0x5ca3881e8630;  1 drivers
v0x5ca3881c8010_0 .net *"_ivl_728", 0 0, L_0x5ca3881e8740;  1 drivers
v0x5ca3881c80f0_0 .net *"_ivl_730", 0 0, L_0x5ca3881e8870;  1 drivers
v0x5ca3881c81d0_0 .net *"_ivl_731", 0 0, L_0x5ca3881e8bd0;  1 drivers
v0x5ca3881c82b0_0 .net *"_ivl_736", 0 0, L_0x5ca3881e8cc0;  1 drivers
v0x5ca3881c8390_0 .net *"_ivl_738", 0 0, L_0x5ca3881e8d60;  1 drivers
v0x5ca3881c8470_0 .net *"_ivl_739", 0 0, L_0x5ca3881e8e00;  1 drivers
v0x5ca3881c8550_0 .net *"_ivl_744", 0 0, L_0x5ca3881e8f40;  1 drivers
v0x5ca3881c8630_0 .net *"_ivl_746", 0 0, L_0x5ca3881e8fe0;  1 drivers
v0x5ca3881c8710_0 .net *"_ivl_747", 0 0, L_0x5ca3881e9080;  1 drivers
v0x5ca3881c87f0_0 .net *"_ivl_752", 0 0, L_0x5ca3881e93f0;  1 drivers
v0x5ca3881c88d0_0 .net *"_ivl_753", 0 0, L_0x5ca3881e9490;  1 drivers
v0x5ca3881c89b0_0 .net *"_ivl_758", 0 0, L_0x5ca3881e97e0;  1 drivers
v0x5ca3881c8a90_0 .net *"_ivl_759", 0 0, L_0x5ca3881ea230;  1 drivers
v0x5ca3881c8b70_0 .net *"_ivl_764", 0 0, L_0x5ca3881ea2f0;  1 drivers
v0x5ca3881c8c50_0 .net *"_ivl_765", 0 0, L_0x5ca3881ea390;  1 drivers
v0x5ca3881c8d30_0 .net *"_ivl_77", 0 0, L_0x5ca3881d0480;  1 drivers
v0x5ca3881c8e10_0 .net *"_ivl_770", 0 0, L_0x5ca3881ea830;  1 drivers
v0x5ca3881c8ef0_0 .net *"_ivl_771", 0 0, L_0x5ca3881e9c40;  1 drivers
v0x5ca3881c8fd0_0 .net *"_ivl_776", 0 0, L_0x5ca3881e9d30;  1 drivers
v0x5ca3881c90b0_0 .net *"_ivl_778", 0 0, L_0x5ca3881e9e00;  1 drivers
v0x5ca3881c9190_0 .net *"_ivl_779", 0 0, L_0x5ca3881e9ed0;  1 drivers
v0x5ca3881c9270_0 .net *"_ivl_784", 0 0, L_0x5ca3881ea010;  1 drivers
v0x5ca3881c9350_0 .net *"_ivl_786", 0 0, L_0x5ca3881ea100;  1 drivers
v0x5ca3881c9430_0 .net *"_ivl_787", 0 0, L_0x5ca3881ea1a0;  1 drivers
v0x5ca3881c9510_0 .net *"_ivl_79", 0 0, L_0x5ca3881d05c0;  1 drivers
v0x5ca3881c95f0_0 .net *"_ivl_792", 0 0, L_0x5ca3881ea970;  1 drivers
v0x5ca3881c96d0_0 .net *"_ivl_794", 0 0, L_0x5ca3881eaa10;  1 drivers
v0x5ca3881c97b0_0 .net *"_ivl_795", 0 0, L_0x5ca3881eaab0;  1 drivers
v0x5ca3881c9890_0 .net *"_ivl_80", 0 0, L_0x5ca3881d0660;  1 drivers
v0x5ca3881c9970_0 .net *"_ivl_800", 0 0, L_0x5ca3881eb7c0;  1 drivers
v0x5ca3881c9a50_0 .net *"_ivl_801", 0 0, L_0x5ca3881eb860;  1 drivers
v0x5ca3881c9b30_0 .net *"_ivl_806", 0 0, L_0x5ca3881eb8d0;  1 drivers
v0x5ca3881c9c10_0 .net *"_ivl_807", 0 0, L_0x5ca3881eb190;  1 drivers
v0x5ca3881c9cf0_0 .net *"_ivl_812", 0 0, L_0x5ca3881eb520;  1 drivers
v0x5ca3881c9dd0_0 .net *"_ivl_813", 0 0, L_0x5ca3881eb5c0;  1 drivers
v0x5ca3881c9eb0_0 .net *"_ivl_818", 0 0, L_0x5ca3881eb6b0;  1 drivers
v0x5ca3881c9f90_0 .net *"_ivl_820", 0 0, L_0x5ca3881ebfc0;  1 drivers
v0x5ca3881ca070_0 .net *"_ivl_821", 0 0, L_0x5ca3881ec170;  1 drivers
v0x5ca3881ca150_0 .net *"_ivl_827", 0 0, L_0x5ca3881eb970;  1 drivers
v0x5ca3881ca230_0 .net *"_ivl_83", 0 0, L_0x5ca3881d07f0;  1 drivers
v0x5ca3881ca310_0 .net *"_ivl_832", 0 0, L_0x5ca3881ebb50;  1 drivers
v0x5ca3881ca3f0_0 .net *"_ivl_834", 0 0, L_0x5ca3881ebbf0;  1 drivers
v0x5ca3881ca4d0_0 .net *"_ivl_835", 1 0, L_0x5ca3881ebc90;  1 drivers
v0x5ca3881ca5b0_0 .net *"_ivl_841", 0 0, L_0x5ca3881ebf10;  1 drivers
v0x5ca3881ca690_0 .net *"_ivl_846", 0 0, L_0x5ca3881ec650;  1 drivers
v0x5ca3881ca770_0 .net *"_ivl_848", 0 0, L_0x5ca3881ec800;  1 drivers
v0x5ca3881ca850_0 .net *"_ivl_849", 1 0, L_0x5ca3881ec8a0;  1 drivers
v0x5ca3881ca930_0 .net *"_ivl_85", 0 0, L_0x5ca3881d0520;  1 drivers
v0x5ca3881caa10_0 .net *"_ivl_855", 0 0, L_0x5ca3881ecb20;  1 drivers
L_0x705c4dd56b58 .functor BUFT 1, C4<1111111>, C4<0>, C4<0>, C4<0>;
v0x5ca3881caaf0_0 .net/2u *"_ivl_859", 6 0, L_0x705c4dd56b58;  1 drivers
v0x5ca3881cabd0_0 .net *"_ivl_865", 0 0, L_0x5ca3881ed680;  1 drivers
v0x5ca3881cacb0_0 .net *"_ivl_870", 0 0, L_0x5ca3881ece70;  1 drivers
v0x5ca3881cad90_0 .net *"_ivl_871", 0 0, L_0x5ca3881ed310;  1 drivers
v0x5ca3881cae70_0 .net *"_ivl_873", 0 0, L_0x5ca3881ed400;  1 drivers
v0x5ca3881caf50_0 .net *"_ivl_880", 0 0, L_0x5ca3881edf60;  1 drivers
v0x5ca3881cb030_0 .net *"_ivl_881", 1 0, L_0x5ca3881ed870;  1 drivers
v0x5ca3881cb110_0 .net *"_ivl_883", 0 0, L_0x5ca3881eda50;  1 drivers
v0x5ca3881cb1f0_0 .net *"_ivl_885", 0 0, L_0x5ca3881edb40;  1 drivers
v0x5ca3881cb2d0_0 .net *"_ivl_891", 1 0, L_0x5ca3881edc80;  1 drivers
v0x5ca3881cb3b0_0 .net *"_ivl_897", 0 0, L_0x5ca3881ee000;  1 drivers
v0x5ca3881cb490_0 .net *"_ivl_899", 0 0, L_0x5ca3881ee0a0;  1 drivers
v0x5ca3881cb570_0 .net *"_ivl_9", 0 0, L_0x5ca3881cede0;  1 drivers
v0x5ca3881cb650_0 .net *"_ivl_900", 1 0, L_0x5ca3881ee140;  1 drivers
v0x5ca3881cb730_0 .net *"_ivl_906", 0 0, L_0x5ca3881ef0a0;  1 drivers
v0x5ca3881cb810_0 .net *"_ivl_908", 0 0, L_0x5ca3881ef140;  1 drivers
v0x5ca3881cb8f0_0 .net *"_ivl_909", 1 0, L_0x5ca3881ee950;  1 drivers
v0x5ca3881cb9d0_0 .net *"_ivl_914", 1 0, L_0x5ca3881eec20;  1 drivers
L_0x705c4dd56ba0 .functor BUFT 1, C4<000>, C4<0>, C4<0>, C4<0>;
v0x5ca3881cbab0_0 .net/2u *"_ivl_919", 2 0, L_0x705c4dd56ba0;  1 drivers
v0x5ca3881cbb90_0 .net *"_ivl_92", 0 0, L_0x5ca3881d0b30;  1 drivers
L_0x705c4dd56be8 .functor BUFT 1, C4<000>, C4<0>, C4<0>, C4<0>;
v0x5ca3881cbc70_0 .net/2u *"_ivl_924", 2 0, L_0x705c4dd56be8;  1 drivers
v0x5ca3881cbd50_0 .net *"_ivl_926", 28 0, L_0x5ca3881efc30;  1 drivers
v0x5ca3881cbe30_0 .net *"_ivl_928", 0 0, L_0x5ca3881ef1e0;  1 drivers
L_0x705c4dd56c30 .functor BUFT 1, C4<00000000000000000000000000000>, C4<0>, C4<0>, C4<0>;
v0x5ca3881cbf10_0 .net/2u *"_ivl_933", 28 0, L_0x705c4dd56c30;  1 drivers
v0x5ca3881cbff0_0 .net *"_ivl_936", 0 0, L_0x5ca3881ef2d0;  1 drivers
v0x5ca3881cc0d0_0 .net *"_ivl_937", 29 0, L_0x5ca3881ef370;  1 drivers
L_0x705c4dd56c78 .functor BUFT 1, C4<00000000000000000000000000000>, C4<0>, C4<0>, C4<0>;
v0x5ca3881cc1b0_0 .net/2u *"_ivl_942", 28 0, L_0x705c4dd56c78;  1 drivers
v0x5ca3881cc290_0 .net *"_ivl_945", 1 0, L_0x5ca3881ef5a0;  1 drivers
v0x5ca3881cc370_0 .net *"_ivl_946", 30 0, L_0x5ca3881ef640;  1 drivers
v0x5ca3881cc450_0 .net *"_ivl_948", 28 0, L_0x5ca3881efcd0;  1 drivers
v0x5ca3881cc530_0 .net *"_ivl_950", 0 0, L_0x5ca3881efd70;  1 drivers
L_0x705c4dd56cc0 .functor BUFT 1, C4<0000000000000000000000000000>, C4<0>, C4<0>, C4<0>;
v0x5ca3881cc610_0 .net/2u *"_ivl_956", 27 0, L_0x705c4dd56cc0;  1 drivers
v0x5ca3881cc6f0_0 .net *"_ivl_959", 0 0, L_0x5ca3881efeb0;  1 drivers
v0x5ca3881cc7d0_0 .net *"_ivl_961", 0 0, L_0x5ca3881eff50;  1 drivers
v0x5ca3881cc8b0_0 .net *"_ivl_962", 29 0, L_0x5ca3881f0080;  1 drivers
v0x5ca3881cc990_0 .net *"_ivl_968", 0 0, L_0x5ca3881f0300;  1 drivers
v0x5ca3881cca70_0 .net *"_ivl_97", 0 0, L_0x5ca3881d0d80;  1 drivers
v0x5ca3881ccb50_0 .net *"_ivl_970", 0 0, L_0x5ca3881f03a0;  1 drivers
v0x5ca3881ccc30_0 .net *"_ivl_972", 0 0, L_0x5ca388200d00;  1 drivers
v0x5ca3881ccd10_0 .net *"_ivl_974", 0 0, L_0x5ca388200470;  1 drivers
v0x5ca3881ccdf0_0 .net *"_ivl_976", 0 0, L_0x5ca388200510;  1 drivers
v0x5ca3881cced0_0 .net *"_ivl_978", 0 0, L_0x5ca3882005b0;  1 drivers
v0x5ca3881ccfb0_0 .net *"_ivl_980", 0 0, L_0x5ca388200650;  1 drivers
v0x5ca3881cd090_0 .net *"_ivl_982", 0 0, L_0x5ca3882006f0;  1 drivers
v0x5ca3881cd170_0 .net *"_ivl_984", 0 0, L_0x5ca388200790;  1 drivers
v0x5ca3881cd250_0 .net *"_ivl_986", 0 0, L_0x5ca388200830;  1 drivers
v0x5ca3881cd330_0 .net *"_ivl_988", 0 0, L_0x5ca3882008d0;  1 drivers
v0x5ca3881cd410_0 .net *"_ivl_990", 0 0, L_0x5ca388200970;  1 drivers
v0x5ca3881cd4f0_0 .net *"_ivl_992", 0 0, L_0x5ca388200a10;  1 drivers
v0x5ca3881cd5d0_0 .net *"_ivl_994", 0 0, L_0x5ca388200ab0;  1 drivers
v0x5ca3881cd6b0_0 .net *"_ivl_996", 0 0, L_0x5ca388200b50;  1 drivers
v0x5ca3881cd790_0 .net *"_ivl_998", 0 0, L_0x5ca388201610;  1 drivers
v0x5ca3881cd870_0 .net "alarm_block", 0 0, L_0x5ca3881e5360;  alias, 1 drivers
v0x5ca3881cd950_0 .net "alarm_wrong_pin", 0 0, L_0x5ca3881e5460;  alias, 1 drivers
v0x5ca3881cd9f0_0 .net "clk", 0 0, v0x5ca38814c190_0;  alias, 1 drivers
v0x5ca3881cda90_0 .var "count0", 2 0;
v0x5ca3881cdb50_0 .var "current_state", 2 0;
v0x5ca3881cdc50_0 .net "gate_close", 0 0, L_0x5ca3881d0a30;  alias, 1 drivers
v0x5ca3881cdd30_0 .net "gate_open", 0 0, L_0x5ca3881e5550;  alias, 1 drivers
v0x5ca3881cde00_0 .net "input_password", 7 0, v0x5ca388171720_0;  alias, 1 drivers
v0x5ca3881cdef0_0 .net "nxt_count0", 2 0, L_0x5ca3881e6bf0;  1 drivers
v0x5ca3881cdfe0_0 .net "nxt_state", 2 0, L_0x5ca3881e6380;  1 drivers
v0x5ca3881ce0e0_0 .net "reset", 0 0, v0x5ca388189a30_0;  alias, 1 drivers
v0x5ca3881ce1c0_0 .net "sensor_entrance", 0 0, v0x5ca3881a2670_0;  alias, 1 drivers
v0x5ca3881ce290_0 .net "sensor_exit", 0 0, v0x5ca3881a2730_0;  alias, 1 drivers
E_0x5ca388095900 .event posedge, v0x5ca38814c190_0;
L_0x5ca3881cec50 .part v0x5ca388171720_0, 0, 1;
L_0x5ca3881ced40 .part v0x5ca388171720_0, 3, 1;
L_0x5ca3881cede0 .part v0x5ca388171720_0, 6, 1;
L_0x5ca3881ceed0 .part v0x5ca3881cda90_0, 2, 1;
L_0x5ca3881ceff0 .part v0x5ca3881cdb50_0, 0, 1;
L_0x5ca3881cf0e0 .part v0x5ca3881cdb50_0, 1, 1;
L_0x5ca3881cf2a0 .part v0x5ca3881cda90_0, 0, 1;
L_0x5ca3881cf3e0 .part L_0x5ca3881f01c0, 31, 1;
L_0x5ca3881cf5e0 .part v0x5ca388171720_0, 1, 1;
L_0x5ca3881cf790 .part v0x5ca388171720_0, 2, 1;
L_0x5ca3881cf9b0 .part v0x5ca388171720_0, 4, 1;
L_0x5ca3881cfa50 .part v0x5ca388171720_0, 5, 1;
L_0x5ca3881cfc50 .concat8 [ 1 1 1 1], L_0x5ca3881cf680, L_0x5ca3881cf890, L_0x5ca3881cfb60, L_0x5ca3881cfaf0;
L_0x5ca3881cfde0 .part v0x5ca388171720_0, 7, 1;
L_0x5ca3881d0060 .part L_0x5ca3881cfc50, 0, 1;
L_0x5ca3881d0150 .part L_0x5ca3881cfc50, 1, 1;
L_0x5ca3881d0390 .concat8 [ 1 1 0 0], L_0x5ca3881d0280, L_0x5ca3881d0660;
L_0x5ca3881d0480 .part L_0x5ca3881cfc50, 2, 1;
L_0x5ca3881d05c0 .part L_0x5ca3881cfc50, 3, 1;
L_0x5ca3881d07f0 .part L_0x5ca3881d0390, 0, 1;
L_0x5ca3881d0520 .part L_0x5ca3881d0390, 1, 1;
L_0x5ca3881d0ba0 .concat8 [ 1 1 0 0], L_0x5ca3881d0b30, L_0x5ca3881d0d80;
L_0x5ca3881d0f10 .part L_0x5ca3881d0ba0, 0, 1;
L_0x5ca3881d1030 .part L_0x5ca3881d0ba0, 1, 1;
L_0x5ca3881d12e0 .part L_0x5ca3881eeae0, 2, 1;
L_0x5ca3881d0e70 .part L_0x5ca3881ed7d0, 0, 1;
L_0x5ca3881d1b30 .concat8 [ 1 1 0 0], L_0x5ca3881d19a0, L_0x5ca3881d1c20;
L_0x5ca3881d1ce0 .part L_0x5ca3881d1b30, 0, 1;
L_0x5ca3881d1ef0 .part L_0x5ca3881d1b30, 1, 1;
L_0x5ca3881d22c0 .part v0x5ca3881cdb50_0, 2, 1;
L_0x5ca3881d26b0 .part L_0x5ca3881ed7d0, 0, 1;
L_0x5ca3881d27a0 .part L_0x5ca3881ed220, 1, 1;
L_0x5ca3881d2c70 .part v0x5ca3881cdb50_0, 1, 1;
L_0x5ca3881d2d80 .part v0x5ca3881cdb50_0, 2, 1;
L_0x5ca3881d31b0 .part L_0x5ca3881ed7d0, 0, 1;
L_0x5ca3881d3310 .concat8 [ 1 1 0 0], L_0x5ca3881d3250, L_0x5ca3881d3530;
L_0x5ca3881d2e20 .part L_0x5ca3881ed220, 1, 1;
L_0x5ca3881d3760 .part L_0x5ca3881d3310, 0, 1;
L_0x5ca3881d3990 .part L_0x5ca3881d3310, 1, 1;
L_0x5ca3881d3b40 .part v0x5ca3881cdb50_0, 0, 1;
L_0x5ca3881d3640 .part v0x5ca3881cdb50_0, 2, 1;
L_0x5ca3881d4210 .part L_0x5ca3881ed960, 1, 1;
L_0x5ca3881d4730 .part L_0x5ca3881ecc10, 0, 1;
L_0x5ca3881d4890 .part L_0x5ca3881ee2d0, 2, 1;
L_0x5ca3881d4aa0 .part L_0x5ca3881ee2d0, 5, 1;
L_0x5ca3881d4e00 .concat8 [ 1 1 0 0], L_0x5ca3881d4b90, L_0x5ca3881d53d0;
L_0x5ca3881d5070 .part L_0x5ca3881ee2d0, 8, 1;
L_0x5ca3881d5110 .part L_0x5ca3881ee2d0, 11, 1;
L_0x5ca3881d54e0 .part L_0x5ca3881d4e00, 0, 1;
L_0x5ca3881d55d0 .part L_0x5ca3881d4e00, 1, 1;
L_0x5ca3881d5a90 .part L_0x5ca3881ee2d0, 1, 1;
L_0x5ca3881d5b30 .part L_0x5ca3881ee2d0, 5, 1;
L_0x5ca3881d5e90 .concat8 [ 1 1 0 0], L_0x5ca3881d5d80, L_0x5ca3881d6280;
L_0x5ca3881d5f80 .part L_0x5ca3881ee2d0, 7, 1;
L_0x5ca3881d61e0 .part L_0x5ca3881ee2d0, 10, 1;
L_0x5ca3881d6560 .part L_0x5ca3881d5e90, 0, 1;
L_0x5ca3881d6820 .part L_0x5ca3881d5e90, 1, 1;
L_0x5ca3881d69d0 .part L_0x5ca3881ee2d0, 0, 1;
L_0x5ca3881d6c50 .part L_0x5ca3881ee2d0, 5, 1;
L_0x5ca3881d6f90 .concat8 [ 1 1 0 0], L_0x5ca3881d6cf0, L_0x5ca3881d75e0;
L_0x5ca3881d7270 .part L_0x5ca3881ee2d0, 6, 1;
L_0x5ca3881d7310 .part L_0x5ca3881ee2d0, 9, 1;
L_0x5ca3881d7740 .concat8 [ 1 1 1 0], L_0x5ca3881d7c20, L_0x5ca3881d68c0, L_0x5ca3881d5810;
L_0x5ca3881d7880 .part L_0x5ca3881d6f90, 0, 1;
L_0x5ca3881d7b80 .part L_0x5ca3881d6f90, 1, 1;
L_0x5ca3881d7f90 .part L_0x5ca3881eeae0, 2, 1;
L_0x5ca3881d8250 .part L_0x5ca3881eeae0, 3, 1;
L_0x5ca3881d8600 .part L_0x5ca3881ed590, 0, 1;
L_0x5ca3881d8990 .part L_0x5ca3881ef960, 2, 1;
L_0x5ca3881d8a30 .part L_0x5ca3881ef960, 8, 1;
L_0x5ca3881d9030 .part L_0x5ca3881ef960, 1, 1;
L_0x5ca3881d90d0 .part L_0x5ca3881ef960, 7, 1;
L_0x5ca3881d9540 .concat8 [ 1 1 1 0], L_0x5ca3881d9a50, L_0x5ca3881d9450, L_0x5ca3881d8d60;
L_0x5ca3881d96b0 .part L_0x5ca3881ef960, 0, 1;
L_0x5ca3881d99b0 .part L_0x5ca3881ef960, 6, 1;
L_0x5ca3881d9d80 .part L_0x5ca3881ed590, 0, 1;
L_0x5ca3881da0e0 .part L_0x5ca3881eeae0, 2, 1;
L_0x5ca3881da2d0 .part v0x5ca3881cdb50_0, 0, 1;
L_0x5ca3881da5f0 .part v0x5ca3881cdb50_0, 1, 1;
L_0x5ca3881da980 .part v0x5ca3881cdb50_0, 2, 1;
L_0x5ca3881db7f0 .part L_0x5ca388205330, 31, 1;
L_0x5ca3881db960 .functor MUXZ 1, L_0x705c4dd56060, L_0x705c4dd56018, L_0x5ca3881cfff0, C4<>;
L_0x5ca3881dbd50 .functor MUXZ 1, L_0x705c4dd560f0, L_0x705c4dd560a8, L_0x5ca3881cfff0, C4<>;
L_0x5ca3881dbec0 .part L_0x5ca3881ed7d0, 0, 1;
L_0x5ca3881dc2a0 .part L_0x5ca3881eca30, 2, 1;
L_0x5ca3881dc370 .functor MUXZ 1, L_0x5ca3881dc2a0, L_0x705c4dd56138, L_0x5ca3881dbec0, C4<>;
L_0x5ca3881dc7f0 .part L_0x5ca3881ed7d0, 0, 1;
L_0x5ca3881dc890 .part L_0x5ca3881eca30, 1, 1;
L_0x5ca3881dcc50 .functor MUXZ 1, L_0x5ca3881dc890, L_0x705c4dd56180, L_0x5ca3881dc7f0, C4<>;
L_0x5ca3881dcde0 .part L_0x5ca3881ed7d0, 0, 1;
L_0x5ca3881dd160 .part L_0x5ca3881eca30, 2, 1;
L_0x5ca3881dd200 .functor MUXZ 1, L_0x5ca3881dd160, L_0x705c4dd561c8, L_0x5ca3881dcde0, C4<>;
L_0x5ca3881dd6b0 .part L_0x5ca3881ed7d0, 0, 1;
L_0x5ca3881dd750 .part L_0x5ca3881ef4b0, 0, 1;
L_0x5ca3881ddb20 .functor MUXZ 1, L_0x705c4dd56210, L_0x5ca3881dd750, L_0x5ca3881dd6b0, C4<>;
L_0x5ca3881ddce0 .part L_0x5ca3881ed7d0, 0, 1;
L_0x5ca3881de090 .part L_0x5ca3881ef7d0, 1, 1;
L_0x5ca3881de160 .functor MUXZ 1, L_0x705c4dd56258, L_0x5ca3881de090, L_0x5ca3881ddce0, C4<>;
L_0x5ca3881de5f0 .part L_0x5ca3881ed7d0, 0, 1;
L_0x5ca3881de690 .part L_0x5ca3881ef7d0, 2, 1;
L_0x5ca3881deab0 .functor MUXZ 1, L_0x705c4dd562a0, L_0x5ca3881de690, L_0x5ca3881de5f0, C4<>;
L_0x5ca3881dec40 .functor MUXZ 1, L_0x705c4dd56330, L_0x705c4dd562e8, v0x5ca3881a2730_0, C4<>;
L_0x5ca3881df0c0 .functor MUXZ 1, L_0x705c4dd563c0, L_0x705c4dd56378, L_0x5ca3881db4e0, C4<>;
L_0x5ca3881df230 .functor MUXZ 1, L_0x705c4dd56450, L_0x705c4dd56408, L_0x5ca3881db4e0, C4<>;
L_0x5ca3881df730 .part L_0x5ca3881ed7d0, 0, 1;
L_0x5ca3881df8e0 .part L_0x5ca3881ecd30, 0, 1;
L_0x5ca3881dfd40 .functor MUXZ 1, L_0x5ca3881df8e0, L_0x705c4dd56498, L_0x5ca3881df730, C4<>;
L_0x5ca3881dff00 .part L_0x5ca3881ed7d0, 0, 1;
L_0x5ca3881e0310 .part L_0x5ca3881eba60, 2, 1;
L_0x5ca3881e03e0 .functor MUXZ 1, L_0x5ca3881e0310, L_0x705c4dd564e0, L_0x5ca3881dff00, C4<>;
L_0x5ca3881e0920 .part L_0x5ca3881ed7d0, 0, 1;
L_0x5ca3881e09c0 .part L_0x5ca3881ef4b0, 0, 1;
L_0x5ca3881e0e40 .part L_0x5ca3881eba60, 2, 1;
L_0x5ca3881e0f30 .functor MUXZ 1, L_0x5ca3881e0e40, L_0x5ca3881e09c0, L_0x5ca3881e0920, C4<>;
L_0x5ca3881e1460 .part L_0x5ca3881ed7d0, 0, 1;
L_0x5ca3881e1500 .part L_0x5ca3881ef7d0, 1, 1;
L_0x5ca3881e1950 .part L_0x5ca3881eba60, 2, 1;
L_0x5ca3881e19f0 .functor MUXZ 1, L_0x5ca3881e1950, L_0x5ca3881e1500, L_0x5ca3881e1460, C4<>;
L_0x5ca3881e1f40 .concat8 [ 1 1 1 0], L_0x5ca3881e0f30, L_0x5ca3881e19f0, L_0x5ca3881e2ad0;
L_0x5ca3881e2080 .part L_0x5ca3881ed7d0, 0, 1;
L_0x5ca3881e24f0 .part L_0x5ca3881ef7d0, 2, 1;
L_0x5ca3881e2590 .part L_0x5ca3881eba60, 2, 1;
L_0x5ca3881e2ad0 .functor MUXZ 1, L_0x5ca3881e2590, L_0x5ca3881e24f0, L_0x5ca3881e2080, C4<>;
L_0x5ca3881e2c10 .part L_0x5ca3881ed7d0, 0, 1;
L_0x5ca3881e30a0 .functor MUXZ 1, L_0x5ca3881db4e0, L_0x705c4dd56528, L_0x5ca3881e2c10, C4<>;
L_0x5ca3881e31e0 .part L_0x5ca3881ebe20, 0, 1;
L_0x5ca3881e3680 .functor MUXZ 1, L_0x705c4dd56570, L_0x5ca3881e31e0, L_0x5ca3881cfff0, C4<>;
L_0x5ca3881e3900 .part L_0x5ca3881ebe20, 2, 1;
L_0x5ca3881e3e00 .functor MUXZ 1, L_0x705c4dd565b8, L_0x5ca3881e3900, L_0x5ca3881cfff0, C4<>;
L_0x5ca3881e3f40 .part L_0x5ca3881ebe20, 2, 1;
L_0x5ca3881e4400 .functor MUXZ 1, L_0x705c4dd56600, L_0x5ca3881e3f40, L_0x5ca3881cfff0, C4<>;
L_0x5ca3881e4570 .part L_0x5ca3881e1f40, 0, 1;
L_0x5ca3881e3fe0 .functor MUXZ 1, L_0x705c4dd56648, L_0x5ca3881e4570, L_0x5ca3881cfff0, C4<>;
L_0x5ca3881e4120 .part L_0x5ca3881e1f40, 1, 1;
L_0x5ca3881e41c0 .functor MUXZ 1, L_0x705c4dd56690, L_0x5ca3881e4120, L_0x5ca3881cfff0, C4<>;
L_0x5ca3881e4330 .part L_0x5ca3881e1f40, 2, 1;
L_0x5ca3881e4ab0 .functor MUXZ 1, L_0x705c4dd566d8, L_0x5ca3881e4330, L_0x5ca3881cfff0, C4<>;
L_0x5ca3881e4ba0 .functor MUXZ 1, L_0x705c4dd56720, L_0x5ca3881e30a0, L_0x5ca3881cfff0, C4<>;
L_0x5ca3881e4700 .part L_0x5ca3881ed960, 1, 1;
L_0x5ca3881e47f0 .part L_0x5ca3881ec560, 0, 1;
L_0x5ca3881e48c0 .functor MUXZ 1, L_0x5ca3881e47f0, L_0x705c4dd56768, L_0x5ca3881e4700, C4<>;
L_0x5ca3881e50b0 .part L_0x5ca3881ed960, 1, 1;
L_0x5ca3881e4c40 .part L_0x5ca3881ec560, 2, 1;
L_0x5ca3881e4d30 .functor MUXZ 1, L_0x5ca3881e4c40, L_0x705c4dd567b0, L_0x5ca3881e50b0, C4<>;
L_0x5ca3881e4ec0 .part L_0x5ca3881ed960, 1, 1;
L_0x5ca3881e4ff0 .part L_0x5ca3881ec560, 2, 1;
L_0x5ca3881e55f0 .functor MUXZ 1, L_0x5ca3881e4ff0, L_0x705c4dd567f8, L_0x5ca3881e4ec0, C4<>;
L_0x5ca3881e5730 .functor MUXZ 1, L_0x705c4dd56888, L_0x705c4dd56840, v0x5ca3881a2670_0, C4<>;
L_0x5ca3881e51f0 .functor MUXZ 1, L_0x705c4dd56918, L_0x705c4dd568d0, v0x5ca3881a2670_0, C4<>;
L_0x5ca3881e5460 .functor MUXZ 1, L_0x5ca3881e4ba0, L_0x705c4dd56960, L_0x5ca3881d2f40, C4<>;
L_0x5ca3881e57d0 .part L_0x5ca3881d7740, 0, 1;
L_0x5ca3881e58c0 .functor MUXZ 1, L_0x705c4dd569a8, L_0x5ca3881e57d0, L_0x5ca3881d88d0, C4<>;
L_0x5ca3881e5a50 .part L_0x5ca3881d7740, 1, 1;
L_0x5ca3881e5af0 .functor MUXZ 1, L_0x705c4dd569f0, L_0x5ca3881e5a50, L_0x5ca3881d88d0, C4<>;
L_0x5ca3881e6380 .concat8 [ 1 1 1 0], L_0x5ca3881e58c0, L_0x5ca3881e5af0, L_0x5ca3881e5ea0;
L_0x5ca3881e6470 .part L_0x5ca3881d7740, 2, 1;
L_0x5ca3881e5ea0 .functor MUXZ 1, L_0x705c4dd56a38, L_0x5ca3881e6470, L_0x5ca3881d88d0, C4<>;
L_0x5ca3881e6020 .part L_0x5ca3881d9540, 0, 1;
L_0x5ca3881e6110 .functor MUXZ 1, L_0x705c4dd56a80, L_0x5ca3881e6020, L_0x5ca3881da210, C4<>;
L_0x5ca3881e62a0 .part L_0x5ca3881d9540, 1, 1;
L_0x5ca3881e6ab0 .functor MUXZ 1, L_0x705c4dd56ac8, L_0x5ca3881e62a0, L_0x5ca3881da210, C4<>;
L_0x5ca3881e6bf0 .concat8 [ 1 1 1 0], L_0x5ca3881e6110, L_0x5ca3881e6ab0, L_0x5ca3881e66d0;
L_0x5ca3881e65a0 .part L_0x5ca3881d9540, 2, 1;
L_0x5ca3881e66d0 .functor MUXZ 1, L_0x705c4dd56b10, L_0x5ca3881e65a0, L_0x5ca3881da210, C4<>;
L_0x5ca3881e6910 .part v0x5ca3881cda90_0, 2, 1;
L_0x5ca3881e69b0 .part L_0x5ca3882041e0, 1, 1;
L_0x5ca3881e6e40 .part v0x5ca3881cda90_0, 2, 1;
L_0x5ca3881e6f70 .part L_0x5ca3881ecc10, 0, 1;
L_0x5ca3881e7120 .part L_0x5ca388202ab0, 2, 1;
L_0x5ca3881e71c0 .part L_0x5ca3882041e0, 1, 1;
L_0x5ca3881e75a0 .part v0x5ca3881cda90_0, 1, 1;
L_0x5ca3881e7640 .part v0x5ca3881cda90_0, 0, 1;
L_0x5ca3881e7850 .part L_0x5ca388205330, 31, 1;
L_0x5ca3881e7940 .part L_0x5ca3881ecc10, 0, 1;
L_0x5ca3881e7d80 .part L_0x5ca3881eddb0, 9, 1;
L_0x5ca3881e7e20 .part L_0x5ca3881eeae0, 3, 1;
L_0x5ca3881e7fd0 .part L_0x5ca3881eddb0, 10, 1;
L_0x5ca3881e80c0 .part L_0x5ca3881eeae0, 3, 1;
L_0x5ca3881e84f0 .part L_0x5ca3881eddb0, 11, 1;
L_0x5ca3881e8590 .part L_0x5ca3881eeae0, 3, 1;
L_0x5ca3881e8740 .part L_0x5ca3881eddb0, 6, 1;
L_0x5ca3881e8870 .part L_0x5ca3881eeae0, 2, 1;
L_0x5ca3881e8cc0 .part L_0x5ca3881eddb0, 7, 1;
L_0x5ca3881e8d60 .part L_0x5ca3881eeae0, 2, 1;
L_0x5ca3881e8f40 .part L_0x5ca3881eddb0, 8, 1;
L_0x5ca3881e8fe0 .part L_0x5ca3881eeae0, 2, 1;
L_0x5ca3881e93f0 .part L_0x5ca3881eddb0, 5, 1;
L_0x5ca3881e97e0 .part L_0x5ca3881eddb0, 0, 1;
L_0x5ca3881ea2f0 .part L_0x5ca3881eddb0, 1, 1;
L_0x5ca3881ea830 .part L_0x5ca3881eddb0, 2, 1;
L_0x5ca3881e9d30 .part L_0x5ca3881eed10, 6, 1;
L_0x5ca3881e9e00 .part L_0x5ca3881eeae0, 2, 1;
L_0x5ca3881ea010 .part L_0x5ca3881eed10, 7, 1;
L_0x5ca3881ea100 .part L_0x5ca3881eeae0, 2, 1;
L_0x5ca3881ea970 .part L_0x5ca3881eed10, 8, 1;
L_0x5ca3881eaa10 .part L_0x5ca3881eeae0, 2, 1;
L_0x5ca3881eb7c0 .part L_0x5ca3881eed10, 0, 1;
L_0x5ca3881eb8d0 .part L_0x5ca3881eed10, 1, 1;
L_0x5ca3881eb520 .part L_0x5ca3881eed10, 2, 1;
L_0x5ca3881eb6b0 .part v0x5ca3881cda90_0, 1, 1;
L_0x5ca3881ebfc0 .part v0x5ca3881cda90_0, 0, 1;
L_0x5ca3881ec560 .concat8 [ 1 1 1 0], L_0x5ca3881e5730, L_0x5ca3881eb970, L_0x5ca3881e51f0;
L_0x5ca3881eb970 .part L_0x5ca3881ec560, 2, 1;
L_0x5ca3881eba60 .concat8 [ 2 1 0 0], L_0x5ca3881ebc90, L_0x5ca3881df230;
L_0x5ca3881ebb50 .part L_0x5ca3881eba60, 2, 1;
L_0x5ca3881ebbf0 .part L_0x5ca3881eba60, 2, 1;
L_0x5ca3881ebc90 .concat [ 1 1 0 0], L_0x5ca3881ebbf0, L_0x5ca3881ebb50;
L_0x5ca3881ebe20 .concat8 [ 1 1 1 0], L_0x5ca3881dfd40, L_0x5ca3881ebf10, L_0x5ca3881e03e0;
L_0x5ca3881ebf10 .part L_0x5ca3881ebe20, 2, 1;
L_0x5ca3881ecd30 .concat8 [ 1 2 0 0], L_0x5ca3881df0c0, L_0x5ca3881ec8a0;
L_0x5ca3881ec650 .part L_0x5ca3881eba60, 2, 1;
L_0x5ca3881ec800 .part L_0x5ca3881eba60, 2, 1;
L_0x5ca3881ec8a0 .concat [ 1 1 0 0], L_0x5ca3881ec800, L_0x5ca3881ec650;
L_0x5ca3881eca30 .concat8 [ 1 1 1 0], L_0x5ca3881ecb20, L_0x5ca3881dbd50, L_0x5ca3881db960;
L_0x5ca3881ecb20 .part L_0x5ca3881eca30, 2, 1;
L_0x5ca3881ecc10 .concat8 [ 1 7 0 0], L_0x5ca3881e7490, L_0x705c4dd56b58;
L_0x5ca3881ed590 .concat8 [ 1 1 0 0], L_0x5ca3881d7f20, L_0x5ca3881ed680;
L_0x5ca3881ed7d0 .concat8 [ 1 1 0 0], L_0x5ca3881db890, L_0x5ca3881ece70;
L_0x5ca3881ed220 .concat8 [ 1 1 1 0], L_0x5ca3881ed400, L_0x5ca3881dae10, L_0x5ca3881ed310;
L_0x5ca3881ed310 .part L_0x5ca3881ed870, 1, 1;
L_0x5ca3881ed400 .part L_0x5ca3881ed870, 0, 1;
L_0x5ca3881edf60 .part L_0x5ca3881ed7d0, 0, 1;
L_0x5ca3881ed870 .concat [ 1 1 0 0], L_0x5ca3881edf60, L_0x5ca3881d2460;
L_0x5ca3881ed960 .concat8 [ 1 1 1 0], L_0x5ca3881edb40, L_0x5ca3881db350, L_0x5ca3881eda50;
L_0x5ca3881eda50 .part L_0x5ca3881edc80, 1, 1;
L_0x5ca3881edb40 .part L_0x5ca3881edc80, 0, 1;
L_0x5ca3881edc80 .concat [ 1 1 0 0], v0x5ca3881a2670_0, L_0x5ca3881dacb0;
LS_0x5ca3881eddb0_0_0 .concat8 [ 1 1 1 2], L_0x5ca3881dc370, L_0x5ca3881dcc50, L_0x5ca3881dd200, L_0x5ca3881ee140;
LS_0x5ca3881eddb0_0_4 .concat8 [ 1 1 1 1], L_0x5ca3881dec40, L_0x5ca3881e3680, L_0x5ca3881e3e00, L_0x5ca3881e4400;
LS_0x5ca3881eddb0_0_8 .concat8 [ 1 1 1 0], L_0x5ca3881e48c0, L_0x5ca3881e4d30, L_0x5ca3881e55f0;
L_0x5ca3881eddb0 .concat8 [ 5 4 3 0], LS_0x5ca3881eddb0_0_0, LS_0x5ca3881eddb0_0_4, LS_0x5ca3881eddb0_0_8;
L_0x5ca3881ee000 .part L_0x5ca3881eddb0, 5, 1;
L_0x5ca3881ee0a0 .part L_0x5ca3881eddb0, 5, 1;
L_0x5ca3881ee140 .concat [ 1 1 0 0], L_0x5ca3881ee0a0, L_0x5ca3881ee000;
LS_0x5ca3881ee2d0_0_0 .concat8 [ 1 1 1 2], L_0x5ca3881ea230, L_0x5ca3881ea390, L_0x5ca3881e9c40, L_0x5ca3881ee950;
LS_0x5ca3881ee2d0_0_4 .concat8 [ 1 1 1 1], L_0x5ca3881e9490, L_0x5ca3881e8bd0, L_0x5ca3881e8e00, L_0x5ca3881e9080;
LS_0x5ca3881ee2d0_0_8 .concat8 [ 1 1 1 0], L_0x5ca3881e7ec0, L_0x5ca3881e83e0, L_0x5ca3881e8630;
L_0x5ca3881ee2d0 .concat8 [ 5 4 3 0], LS_0x5ca3881ee2d0_0_0, LS_0x5ca3881ee2d0_0_4, LS_0x5ca3881ee2d0_0_8;
L_0x5ca3881ef0a0 .part L_0x5ca3881ee2d0, 5, 1;
L_0x5ca3881ef140 .part L_0x5ca3881ee2d0, 5, 1;
L_0x5ca3881ee950 .concat [ 1 1 0 0], L_0x5ca3881ef140, L_0x5ca3881ef0a0;
L_0x5ca3881eeae0 .concat8 [ 2 1 1 0], L_0x5ca3881eec20, L_0x5ca3881db0e0, L_0x5ca3881db070;
L_0x5ca3881eec20 .concat [ 1 1 0 0], L_0x5ca3881e5360, L_0x5ca3881e5550;
LS_0x5ca3881eed10_0_0 .concat8 [ 1 1 1 3], L_0x5ca3881ddb20, L_0x5ca3881de160, L_0x5ca3881deab0, L_0x705c4dd56ba0;
LS_0x5ca3881eed10_0_4 .concat8 [ 1 1 1 0], L_0x5ca3881e3fe0, L_0x5ca3881e41c0, L_0x5ca3881e4ab0;
L_0x5ca3881eed10 .concat8 [ 6 3 0 0], LS_0x5ca3881eed10_0_0, LS_0x5ca3881eed10_0_4;
LS_0x5ca3881ef960_0_0 .concat8 [ 1 1 1 3], L_0x5ca3881eb860, L_0x5ca3881eb190, L_0x5ca3881eb5c0, L_0x705c4dd56be8;
LS_0x5ca3881ef960_0_4 .concat8 [ 1 1 1 0], L_0x5ca3881e9ed0, L_0x5ca3881ea1a0, L_0x5ca3881eaab0;
L_0x5ca3881ef960 .concat8 [ 6 3 0 0], LS_0x5ca3881ef960_0_0, LS_0x5ca3881ef960_0_4;
L_0x5ca3881efc30 .part L_0x5ca3881ef370, 1, 29;
L_0x5ca3881ef1e0 .part L_0x5ca3881ef370, 0, 1;
L_0x5ca3881ef2d0 .part v0x5ca3881cda90_0, 0, 1;
L_0x5ca3881ef370 .concat [ 1 29 0 0], L_0x5ca3881ef2d0, L_0x705c4dd56c30;
L_0x5ca3881ef4b0 .concat8 [ 1 31 0 0], L_0x5ca3881898a0, L_0x5ca3881ef640;
L_0x5ca3881ef5a0 .part v0x5ca3881cda90_0, 1, 2;
L_0x5ca3881ef640 .concat [ 2 29 0 0], L_0x5ca3881ef5a0, L_0x705c4dd56c78;
L_0x5ca3881ef7d0 .concat8 [ 1 1 1 29], L_0x5ca3881efd70, L_0x5ca3881ec170, L_0x5ca3881e6d30, L_0x5ca3881efcd0;
L_0x5ca3881efcd0 .part L_0x5ca3881f0080, 1, 29;
L_0x5ca3881efd70 .part L_0x5ca3881f0080, 0, 1;
L_0x5ca3881efeb0 .part L_0x5ca3882041e0, 2, 1;
L_0x5ca3881eff50 .part L_0x5ca3881ef4b0, 0, 1;
L_0x5ca3881f0080 .concat [ 1 1 28 0], L_0x5ca3881eff50, L_0x5ca3881efeb0, L_0x705c4dd56cc0;
L_0x5ca3881f01c0 .concat8 [ 31 1 0 0], L_0x5ca388201750, L_0x5ca3881e7010;
L_0x5ca3881f0300 .part L_0x5ca3881f01c0, 31, 1;
L_0x5ca3881f03a0 .part L_0x5ca3881f01c0, 31, 1;
L_0x5ca388200d00 .part L_0x5ca3881f01c0, 31, 1;
L_0x5ca388200470 .part L_0x5ca3881f01c0, 31, 1;
L_0x5ca388200510 .part L_0x5ca3881f01c0, 31, 1;
L_0x5ca3882005b0 .part L_0x5ca3881f01c0, 31, 1;
L_0x5ca388200650 .part L_0x5ca3881f01c0, 31, 1;
L_0x5ca3882006f0 .part L_0x5ca3881f01c0, 31, 1;
L_0x5ca388200790 .part L_0x5ca3881f01c0, 31, 1;
L_0x5ca388200830 .part L_0x5ca3881f01c0, 31, 1;
L_0x5ca3882008d0 .part L_0x5ca3881f01c0, 31, 1;
L_0x5ca388200970 .part L_0x5ca3881f01c0, 31, 1;
L_0x5ca388200a10 .part L_0x5ca3881f01c0, 31, 1;
L_0x5ca388200ab0 .part L_0x5ca3881f01c0, 31, 1;
L_0x5ca388200b50 .part L_0x5ca3881f01c0, 31, 1;
L_0x5ca388201610 .part L_0x5ca3881f01c0, 31, 1;
L_0x5ca3882016b0 .part L_0x5ca3881f01c0, 31, 1;
L_0x5ca388200da0 .part L_0x5ca3881f01c0, 31, 1;
L_0x5ca388200e40 .part L_0x5ca3881f01c0, 31, 1;
L_0x5ca388200ee0 .part L_0x5ca3881f01c0, 31, 1;
L_0x5ca388200f80 .part L_0x5ca3881f01c0, 31, 1;
L_0x5ca388201020 .part L_0x5ca3881f01c0, 31, 1;
L_0x5ca3882010c0 .part L_0x5ca3881f01c0, 31, 1;
L_0x5ca388201160 .part L_0x5ca3881f01c0, 31, 1;
L_0x5ca388201200 .part L_0x5ca3881f01c0, 31, 1;
L_0x5ca3882012a0 .part L_0x5ca3881f01c0, 31, 1;
L_0x5ca388201340 .part L_0x5ca3881f01c0, 31, 1;
L_0x5ca3882013e0 .part L_0x5ca3881f01c0, 31, 1;
L_0x5ca388201480 .part L_0x5ca3881f01c0, 31, 1;
L_0x5ca388201520 .part L_0x5ca3882041e0, 1, 1;
L_0x5ca388202030 .part v0x5ca3881cda90_0, 0, 1;
LS_0x5ca388201750_0_0 .concat [ 1 1 1 1], L_0x5ca388202030, L_0x5ca388201520, L_0x5ca388201480, L_0x5ca3882013e0;
LS_0x5ca388201750_0_4 .concat [ 1 1 1 1], L_0x5ca388201340, L_0x5ca3882012a0, L_0x5ca388201200, L_0x5ca388201160;
LS_0x5ca388201750_0_8 .concat [ 1 1 1 1], L_0x5ca3882010c0, L_0x5ca388201020, L_0x5ca388200f80, L_0x5ca388200ee0;
LS_0x5ca388201750_0_12 .concat [ 1 1 1 1], L_0x5ca388200e40, L_0x5ca388200da0, L_0x5ca3882016b0, L_0x5ca388201610;
LS_0x5ca388201750_0_16 .concat [ 1 1 1 1], L_0x5ca388200b50, L_0x5ca388200ab0, L_0x5ca388200a10, L_0x5ca388200970;
LS_0x5ca388201750_0_20 .concat [ 1 1 1 1], L_0x5ca3882008d0, L_0x5ca388200830, L_0x5ca388200790, L_0x5ca3882006f0;
LS_0x5ca388201750_0_24 .concat [ 1 1 1 1], L_0x5ca388200650, L_0x5ca3882005b0, L_0x5ca388200510, L_0x5ca388200470;
LS_0x5ca388201750_0_28 .concat [ 1 1 1 0], L_0x5ca388200d00, L_0x5ca3881f03a0, L_0x5ca3881f0300;
LS_0x5ca388201750_1_0 .concat [ 4 4 4 4], LS_0x5ca388201750_0_0, LS_0x5ca388201750_0_4, LS_0x5ca388201750_0_8, LS_0x5ca388201750_0_12;
LS_0x5ca388201750_1_4 .concat [ 4 4 4 3], LS_0x5ca388201750_0_16, LS_0x5ca388201750_0_20, LS_0x5ca388201750_0_24, LS_0x5ca388201750_0_28;
L_0x5ca388201750 .concat [ 16 15 0 0], LS_0x5ca388201750_1_0, LS_0x5ca388201750_1_4;
L_0x5ca388202ab0 .concat8 [ 2 1 29 0], L_0x5ca3882021c0, L_0x5ca38817f630, L_0x5ca3882020d0;
L_0x5ca3882020d0 .part L_0x5ca3882023a0, 2, 29;
L_0x5ca3882021c0 .part L_0x5ca3882023a0, 0, 2;
L_0x5ca388202300 .part v0x5ca3881cda90_0, 0, 2;
L_0x5ca3882023a0 .concat [ 2 29 0 0], L_0x5ca388202300, L_0x705c4dd56d08;
L_0x5ca3882024e0 .part L_0x5ca388203f10, 2, 28;
L_0x5ca388202580 .part L_0x5ca388203f10, 0, 2;
L_0x5ca388202670 .part L_0x5ca388205330, 31, 1;
L_0x5ca388202710 .part L_0x5ca388205330, 31, 1;
L_0x5ca388202840 .part L_0x5ca388205330, 31, 1;
L_0x5ca3882028e0 .part L_0x5ca388205330, 31, 1;
L_0x5ca388203540 .part L_0x5ca388205330, 31, 1;
L_0x5ca3882035e0 .part L_0x5ca388205330, 31, 1;
L_0x5ca388202bf0 .part L_0x5ca388205330, 31, 1;
L_0x5ca388202c90 .part L_0x5ca388205330, 31, 1;
L_0x5ca388202d30 .part L_0x5ca388205330, 31, 1;
L_0x5ca388202dd0 .part L_0x5ca388205330, 31, 1;
L_0x5ca388202e70 .part L_0x5ca388205330, 31, 1;
L_0x5ca388202f10 .part L_0x5ca388205330, 31, 1;
L_0x5ca388202fb0 .part L_0x5ca388205330, 31, 1;
L_0x5ca388203050 .part L_0x5ca388205330, 31, 1;
L_0x5ca388203300 .part L_0x5ca388205330, 31, 1;
L_0x5ca3882033a0 .part L_0x5ca388205330, 31, 1;
L_0x5ca388203440 .part L_0x5ca388205330, 31, 1;
L_0x5ca388204140 .part L_0x5ca388205330, 31, 1;
L_0x5ca388203790 .part L_0x5ca388205330, 31, 1;
L_0x5ca388203830 .part L_0x5ca388205330, 31, 1;
L_0x5ca3882038d0 .part L_0x5ca388205330, 31, 1;
L_0x5ca388203970 .part L_0x5ca388205330, 31, 1;
L_0x5ca388203a10 .part L_0x5ca388205330, 31, 1;
L_0x5ca388203ab0 .part L_0x5ca388205330, 31, 1;
L_0x5ca388203b50 .part L_0x5ca388205330, 31, 1;
L_0x5ca388203bf0 .part L_0x5ca388205330, 31, 1;
L_0x5ca388203c90 .part L_0x5ca388205330, 31, 1;
L_0x5ca388203d30 .part L_0x5ca388205330, 31, 1;
L_0x5ca388203dd0 .part L_0x5ca3881ef7d0, 1, 1;
L_0x5ca388203e70 .part L_0x5ca3881ef4b0, 0, 1;
LS_0x5ca388203f10_0_0 .concat [ 1 1 1 1], L_0x5ca388203e70, L_0x5ca388203dd0, L_0x5ca388203d30, L_0x5ca388203c90;
LS_0x5ca388203f10_0_4 .concat [ 1 1 1 1], L_0x5ca388203bf0, L_0x5ca388203b50, L_0x5ca388203ab0, L_0x5ca388203a10;
LS_0x5ca388203f10_0_8 .concat [ 1 1 1 1], L_0x5ca388203970, L_0x5ca3882038d0, L_0x5ca388203830, L_0x5ca388203790;
LS_0x5ca388203f10_0_12 .concat [ 1 1 1 1], L_0x5ca388204140, L_0x5ca388203440, L_0x5ca3882033a0, L_0x5ca388203300;
LS_0x5ca388203f10_0_16 .concat [ 1 1 1 1], L_0x5ca388203050, L_0x5ca388202fb0, L_0x5ca388202f10, L_0x5ca388202e70;
LS_0x5ca388203f10_0_20 .concat [ 1 1 1 1], L_0x5ca388202dd0, L_0x5ca388202d30, L_0x5ca388202c90, L_0x5ca388202bf0;
LS_0x5ca388203f10_0_24 .concat [ 1 1 1 1], L_0x5ca3882035e0, L_0x5ca388203540, L_0x5ca3882028e0, L_0x5ca388202840;
LS_0x5ca388203f10_0_28 .concat [ 1 1 0 0], L_0x5ca388202710, L_0x5ca388202670;
LS_0x5ca388203f10_1_0 .concat [ 4 4 4 4], LS_0x5ca388203f10_0_0, LS_0x5ca388203f10_0_4, LS_0x5ca388203f10_0_8, LS_0x5ca388203f10_0_12;
LS_0x5ca388203f10_1_4 .concat [ 4 4 4 2], LS_0x5ca388203f10_0_16, LS_0x5ca388203f10_0_20, LS_0x5ca388203f10_0_24, LS_0x5ca388203f10_0_28;
L_0x5ca388203f10 .concat [ 16 14 0 0], LS_0x5ca388203f10_1_0, LS_0x5ca388203f10_1_4;
L_0x5ca388205330 .concat [ 2 1 28 1], L_0x5ca388202580, o0x705c4dda0ae8, L_0x5ca3882024e0, L_0x5ca3881cf4d0;
L_0x5ca3882041e0 .concat [ 1 1 1 29], L_0x5ca3881ef1e0, L_0x5ca3881e7710, o0x705c4dda0b18, L_0x5ca3881efc30;
    .scope S_0x5ca3881a2910;
T_0 ;
    %wait E_0x5ca388095900;
    %load/vec4 v0x5ca3881ce0e0_0;
    %flag_set/vec4 8;
    %jmp/0xz  T_0.0, 8;
    %pushi/vec4 0, 0, 1;
    %ix/load 4, 0, 0;
    %ix/load 5, 0, 0;
    %flag_set/imm 4, 0;
    %assign/vec4/off/d v0x5ca3881cdb50_0, 4, 5;
    %jmp T_0.1;
T_0.0 ;
    %load/vec4 v0x5ca3881b3d30_0;
    %flag_set/vec4 8;
    %jmp/0xz  T_0.2, 8;
    %load/vec4 v0x5ca3881cdfe0_0;
    %parti/s 1, 0, 2;
    %ix/load 4, 0, 0;
    %ix/load 5, 0, 0;
    %flag_set/imm 4, 0;
    %assign/vec4/off/d v0x5ca3881cdb50_0, 4, 5;
T_0.2 ;
T_0.1 ;
    %jmp T_0;
    .thread T_0;
    .scope S_0x5ca3881a2910;
T_1 ;
    %wait E_0x5ca388095900;
    %load/vec4 v0x5ca3881ce0e0_0;
    %flag_set/vec4 8;
    %jmp/0xz  T_1.0, 8;
    %pushi/vec4 0, 0, 1;
    %ix/load 4, 1, 0;
    %ix/load 5, 0, 0;
    %flag_set/imm 4, 0;
    %assign/vec4/off/d v0x5ca3881cdb50_0, 4, 5;
    %jmp T_1.1;
T_1.0 ;
    %load/vec4 v0x5ca3881b3d30_0;
    %flag_set/vec4 8;
    %jmp/0xz  T_1.2, 8;
    %load/vec4 v0x5ca3881cdfe0_0;
    %parti/s 1, 1, 2;
    %ix/load 4, 1, 0;
    %ix/load 5, 0, 0;
    %flag_set/imm 4, 0;
    %assign/vec4/off/d v0x5ca3881cdb50_0, 4, 5;
T_1.2 ;
T_1.1 ;
    %jmp T_1;
    .thread T_1;
    .scope S_0x5ca3881a2910;
T_2 ;
    %wait E_0x5ca388095900;
    %load/vec4 v0x5ca3881ce0e0_0;
    %flag_set/vec4 8;
    %jmp/0xz  T_2.0, 8;
    %pushi/vec4 0, 0, 1;
    %ix/load 4, 2, 0;
    %ix/load 5, 0, 0;
    %flag_set/imm 4, 0;
    %assign/vec4/off/d v0x5ca3881cdb50_0, 4, 5;
    %jmp T_2.1;
T_2.0 ;
    %load/vec4 v0x5ca3881b3d30_0;
    %flag_set/vec4 8;
    %jmp/0xz  T_2.2, 8;
    %load/vec4 v0x5ca3881cdfe0_0;
    %parti/s 1, 2, 3;
    %ix/load 4, 2, 0;
    %ix/load 5, 0, 0;
    %flag_set/imm 4, 0;
    %assign/vec4/off/d v0x5ca3881cdb50_0, 4, 5;
T_2.2 ;
T_2.1 ;
    %jmp T_2;
    .thread T_2;
    .scope S_0x5ca3881a2910;
T_3 ;
    %wait E_0x5ca388095900;
    %load/vec4 v0x5ca3881ce0e0_0;
    %flag_set/vec4 8;
    %jmp/0xz  T_3.0, 8;
    %pushi/vec4 0, 0, 1;
    %ix/load 4, 0, 0;
    %ix/load 5, 0, 0;
    %flag_set/imm 4, 0;
    %assign/vec4/off/d v0x5ca3881cda90_0, 4, 5;
    %jmp T_3.1;
T_3.0 ;
    %load/vec4 v0x5ca3881b3df0_0;
    %flag_set/vec4 8;
    %jmp/0xz  T_3.2, 8;
    %load/vec4 v0x5ca3881cdef0_0;
    %parti/s 1, 0, 2;
    %ix/load 4, 0, 0;
    %ix/load 5, 0, 0;
    %flag_set/imm 4, 0;
    %assign/vec4/off/d v0x5ca3881cda90_0, 4, 5;
T_3.2 ;
T_3.1 ;
    %jmp T_3;
    .thread T_3;
    .scope S_0x5ca3881a2910;
T_4 ;
    %wait E_0x5ca388095900;
    %load/vec4 v0x5ca3881ce0e0_0;
    %flag_set/vec4 8;
    %jmp/0xz  T_4.0, 8;
    %pushi/vec4 0, 0, 1;
    %ix/load 4, 1, 0;
    %ix/load 5, 0, 0;
    %flag_set/imm 4, 0;
    %assign/vec4/off/d v0x5ca3881cda90_0, 4, 5;
    %jmp T_4.1;
T_4.0 ;
    %load/vec4 v0x5ca3881b3df0_0;
    %flag_set/vec4 8;
    %jmp/0xz  T_4.2, 8;
    %load/vec4 v0x5ca3881cdef0_0;
    %parti/s 1, 1, 2;
    %ix/load 4, 1, 0;
    %ix/load 5, 0, 0;
    %flag_set/imm 4, 0;
    %assign/vec4/off/d v0x5ca3881cda90_0, 4, 5;
T_4.2 ;
T_4.1 ;
    %jmp T_4;
    .thread T_4;
    .scope S_0x5ca3881a2910;
T_5 ;
    %wait E_0x5ca388095900;
    %load/vec4 v0x5ca3881ce0e0_0;
    %flag_set/vec4 8;
    %jmp/0xz  T_5.0, 8;
    %pushi/vec4 0, 0, 1;
    %ix/load 4, 2, 0;
    %ix/load 5, 0, 0;
    %flag_set/imm 4, 0;
    %assign/vec4/off/d v0x5ca3881cda90_0, 4, 5;
    %jmp T_5.1;
T_5.0 ;
    %load/vec4 v0x5ca3881b3df0_0;
    %flag_set/vec4 8;
    %jmp/0xz  T_5.2, 8;
    %load/vec4 v0x5ca3881cdef0_0;
    %parti/s 1, 2, 3;
    %ix/load 4, 2, 0;
    %ix/load 5, 0, 0;
    %flag_set/imm 4, 0;
    %assign/vec4/off/d v0x5ca3881cda90_0, 4, 5;
T_5.2 ;
T_5.1 ;
    %jmp T_5;
    .thread T_5;
    .scope S_0x5ca3880fec80;
T_6 ;
    %pushi/vec4 0, 0, 1;
    %store/vec4 v0x5ca38814c190_0, 0, 1;
    %pushi/vec4 0, 0, 1;
    %store/vec4 v0x5ca388189a30_0, 0, 1;
    %pushi/vec4 0, 0, 1;
    %store/vec4 v0x5ca3881a2670_0, 0, 1;
    %pushi/vec4 0, 0, 1;
    %store/vec4 v0x5ca3881a2730_0, 0, 1;
    %delay 5, 0;
    %pushi/vec4 1, 0, 1;
    %store/vec4 v0x5ca388189a30_0, 0, 1;
    %delay 10, 0;
    %pushi/vec4 0, 0, 1;
    %store/vec4 v0x5ca388189a30_0, 0, 1;
    %vpi_call 3 33 "$display", "Prueba #1: Funcionamiento normal b\303\241sico" {0 0 0};
    %delay 10, 0;
    %pushi/vec4 1, 0, 1;
    %store/vec4 v0x5ca3881a2670_0, 0, 1;
    %delay 10, 0;
    %pushi/vec4 73, 0, 8;
    %store/vec4 v0x5ca388171720_0, 0, 8;
    %vpi_call 3 36 "$display", "Esperando que la compuerta se abra..." {0 0 0};
    %delay 10, 0;
    %pushi/vec4 0, 0, 1;
    %store/vec4 v0x5ca3881a2670_0, 0, 1;
    %delay 10, 0;
    %pushi/vec4 1, 0, 1;
    %store/vec4 v0x5ca3881a2730_0, 0, 1;
    %vpi_call 3 39 "$display", "Esperando que la compuerta se cierre..." {0 0 0};
    %delay 10, 0;
    %pushi/vec4 0, 0, 1;
    %store/vec4 v0x5ca3881a2730_0, 0, 1;
    %vpi_call 3 44 "$display", "Prueba #2: Ingreso de PIN incorrecto menos de 3 veces" {0 0 0};
    %delay 20, 0;
    %pushi/vec4 1, 0, 1;
    %store/vec4 v0x5ca3881a2670_0, 0, 1;
    %vpi_call 3 46 "$display", "Esperando contrase\303\261a..." {0 0 0};
    %delay 10, 0;
    %pushi/vec4 170, 0, 8;
    %store/vec4 v0x5ca388171720_0, 0, 8;
    %vpi_call 3 48 "$display", "Esperando contrase\303\261a..." {0 0 0};
    %delay 10, 0;
    %pushi/vec4 236, 0, 8;
    %store/vec4 v0x5ca388171720_0, 0, 8;
    %vpi_call 3 50 "$display", "Esperando contrase\303\261a..." {0 0 0};
    %delay 10, 0;
    %pushi/vec4 73, 0, 8;
    %store/vec4 v0x5ca388171720_0, 0, 8;
    %vpi_call 3 53 "$display", "Esperando que la compuerta se abra..." {0 0 0};
    %delay 10, 0;
    %pushi/vec4 0, 0, 1;
    %store/vec4 v0x5ca3881a2670_0, 0, 1;
    %delay 10, 0;
    %pushi/vec4 1, 0, 1;
    %store/vec4 v0x5ca3881a2730_0, 0, 1;
    %vpi_call 3 57 "$display", "Esperando que la compuerta se cierre..." {0 0 0};
    %delay 10, 0;
    %pushi/vec4 0, 0, 1;
    %store/vec4 v0x5ca3881a2730_0, 0, 1;
    %vpi_call 3 61 "$display", "Prueba #3: Ingreso de pin incorrecto 3 veces" {0 0 0};
    %delay 10, 0;
    %pushi/vec4 1, 0, 1;
    %store/vec4 v0x5ca3881a2670_0, 0, 1;
    %delay 10, 0;
    %pushi/vec4 170, 0, 8;
    %store/vec4 v0x5ca388171720_0, 0, 8;
    %delay 10, 0;
    %pushi/vec4 204, 0, 8;
    %store/vec4 v0x5ca388171720_0, 0, 8;
    %delay 10, 0;
    %pushi/vec4 240, 0, 8;
    %store/vec4 v0x5ca388171720_0, 0, 8;
    %delay 20, 0;
    %pushi/vec4 73, 0, 8;
    %store/vec4 v0x5ca388171720_0, 0, 8;
    %vpi_call 3 67 "$display", "Esperando que la compuerta se abra..." {0 0 0};
    %delay 10, 0;
    %pushi/vec4 0, 0, 1;
    %store/vec4 v0x5ca3881a2670_0, 0, 1;
    %delay 10, 0;
    %pushi/vec4 1, 0, 1;
    %store/vec4 v0x5ca3881a2730_0, 0, 1;
    %vpi_call 3 70 "$display", "Esperando que la compuerta se cierre..." {0 0 0};
    %delay 10, 0;
    %pushi/vec4 0, 0, 1;
    %store/vec4 v0x5ca3881a2730_0, 0, 1;
    %vpi_call 3 74 "$display", "Prueba #4: alarma de bloqueo" {0 0 0};
    %delay 10, 0;
    %pushi/vec4 1, 0, 1;
    %store/vec4 v0x5ca3881a2730_0, 0, 1;
    %delay 10, 0;
    %pushi/vec4 1, 0, 1;
    %store/vec4 v0x5ca3881a2670_0, 0, 1;
    %delay 10, 0;
    %pushi/vec4 170, 0, 8;
    %store/vec4 v0x5ca388171720_0, 0, 8;
    %delay 10, 0;
    %pushi/vec4 204, 0, 8;
    %store/vec4 v0x5ca388171720_0, 0, 8;
    %delay 10, 0;
    %pushi/vec4 73, 0, 8;
    %store/vec4 v0x5ca388171720_0, 0, 8;
    %vpi_call 3 80 "$display", "Esperando que la compuerta se abra..." {0 0 0};
    %delay 10, 0;
    %pushi/vec4 0, 0, 1;
    %store/vec4 v0x5ca3881a2670_0, 0, 1;
    %delay 10, 0;
    %pushi/vec4 1, 0, 1;
    %store/vec4 v0x5ca3881a2730_0, 0, 1;
    %vpi_call 3 83 "$display", "Esperando que la compuerta se cierre..." {0 0 0};
    %delay 10, 0;
    %pushi/vec4 0, 0, 1;
    %store/vec4 v0x5ca3881a2730_0, 0, 1;
    %delay 400, 0;
    %vpi_call 3 85 "$finish" {0 0 0};
    %end;
    .thread T_6;
    .scope S_0x5ca3880fec80;
T_7 ;
    %delay 5, 0;
    %load/vec4 v0x5ca38814c190_0;
    %inv;
    %store/vec4 v0x5ca38814c190_0, 0, 1;
    %jmp T_7;
    .thread T_7;
    .scope S_0x5ca3880e18a0;
T_8 ;
    %vpi_call 2 16 "$dumpfile", "resultados.vcd" {0 0 0};
    %vpi_call 2 17 "$dumpvars", 32'sb11111111111111111111111111111111, S_0x5ca3881a2910 {0 0 0};
    %vpi_call 2 18 "$monitor", "sensor_entrance=%b,sensor_exit=%b,gate_open=%b,gate_close=%b,alarm_pin=%b, alarm_block=%b", v0x5ca3881ceac0_0, v0x5ca3881cebb0_0, v0x5ca3881ce7a0_0, v0x5ca3881ce6b0_0, v0x5ca3881ce500_0, v0x5ca3881ce440_0 {0 0 0};
    %end;
    .thread T_8;
# The file index is used to find the file name in the following table.
:file_names 5;
    "N/A";
    "<interactive>";
    "testbench.v";
    "./tester.v";
    "./controller_rtlil.v";
