#! /home/juanpa/.local/bin/oss-cad-suite/bin/vvp
:ivl_version "13.0 (devel)" "(s20221226-518-g94d9d1951)";
:ivl_delay_selection "TYPICAL";
:vpi_time_precision + 0;
:vpi_module "/home/juanpa/.local/bin/oss-cad-suite/lib/ivl/system.vpi";
:vpi_module "/home/juanpa/.local/bin/oss-cad-suite/lib/ivl/vhdl_sys.vpi";
:vpi_module "/home/juanpa/.local/bin/oss-cad-suite/lib/ivl/vhdl_textio.vpi";
:vpi_module "/home/juanpa/.local/bin/oss-cad-suite/lib/ivl/v2005_math.vpi";
:vpi_module "/home/juanpa/.local/bin/oss-cad-suite/lib/ivl/va_math.vpi";
S_0x5555560f6ae0 .scope module, "tester" "tester" 2 1;
 .timescale 0 0;
    .port_info 0 /OUTPUT 1 "GTX_CLK";
    .port_info 1 /OUTPUT 1 "RESET";
    .port_info 2 /OUTPUT 1 "TX_EN";
    .port_info 3 /OUTPUT 8 "tx_octet";
v0x5555560f8cf0_0 .var "GTX_CLK", 0 0;
v0x5555561422b0_0 .var "RESET", 0 0;
v0x555556142370_0 .var "TX_EN", 0 0;
v0x555556142440_0 .var "tx_octet", 7 0;
    .scope S_0x5555560f6ae0;
T_0 ;
    %pushi/vec4 0, 0, 1;
    %store/vec4 v0x5555560f8cf0_0, 0, 1;
    %pushi/vec4 0, 0, 1;
    %store/vec4 v0x5555561422b0_0, 0, 1;
    %pushi/vec4 0, 0, 1;
    %store/vec4 v0x555556142370_0, 0, 1;
    %delay 10, 0;
    %pushi/vec4 1, 0, 1;
    %store/vec4 v0x5555561422b0_0, 0, 1;
    %delay 55, 0;
    %pushi/vec4 1, 0, 1;
    %store/vec4 v0x555556142370_0, 0, 1;
    %pushi/vec4 251, 0, 8;
    %store/vec4 v0x555556142440_0, 0, 8;
    %delay 10, 0;
    %pushi/vec4 5, 0, 8;
    %store/vec4 v0x555556142440_0, 0, 8;
    %delay 10, 0;
    %pushi/vec4 2, 0, 8;
    %store/vec4 v0x555556142440_0, 0, 8;
    %delay 10, 0;
    %pushi/vec4 8, 0, 8;
    %store/vec4 v0x555556142440_0, 0, 8;
    %delay 10, 0;
    %pushi/vec4 6, 0, 8;
    %store/vec4 v0x555556142440_0, 0, 8;
    %delay 10, 0;
    %pushi/vec4 7, 0, 8;
    %store/vec4 v0x555556142440_0, 0, 8;
    %delay 10, 0;
    %pushi/vec4 2, 0, 8;
    %store/vec4 v0x555556142440_0, 0, 8;
    %delay 10, 0;
    %pushi/vec4 3, 0, 8;
    %store/vec4 v0x555556142440_0, 0, 8;
    %delay 10, 0;
    %pushi/vec4 2, 0, 8;
    %store/vec4 v0x555556142440_0, 0, 8;
    %delay 10, 0;
    %pushi/vec4 6, 0, 8;
    %store/vec4 v0x555556142440_0, 0, 8;
    %delay 10, 0;
    %pushi/vec4 0, 0, 1;
    %store/vec4 v0x555556142370_0, 0, 1;
    %pushi/vec4 253, 0, 8;
    %store/vec4 v0x555556142440_0, 0, 8;
    %delay 10, 0;
    %pushi/vec4 247, 0, 8;
    %store/vec4 v0x555556142440_0, 0, 8;
    %delay 300, 0;
    %vpi_call 2 26 "$finish" {0 0 0};
    %end;
    .thread T_0;
    .scope S_0x5555560f6ae0;
T_1 ;
    %delay 5, 0;
    %load/vec4 v0x5555560f8cf0_0;
    %nor/r;
    %store/vec4 v0x5555560f8cf0_0, 0, 1;
    %jmp T_1;
    .thread T_1;
# The file index is used to find the file name in the following table.
:file_names 3;
    "N/A";
    "<interactive>";
    "/home/juanpa/Documents/UCR/digitales_2/1S2024_G7/hdl/Transmisor/transmisor-synchronization/tester.v";
