#! /usr/bin/vvp
:ivl_version "11.0 (stable)";
:ivl_delay_selection "TYPICAL";
:vpi_time_precision + 0;
:vpi_module "/usr/lib/x86_64-linux-gnu/ivl/system.vpi";
:vpi_module "/usr/lib/x86_64-linux-gnu/ivl/vhdl_sys.vpi";
:vpi_module "/usr/lib/x86_64-linux-gnu/ivl/vhdl_textio.vpi";
:vpi_module "/usr/lib/x86_64-linux-gnu/ivl/v2005_math.vpi";
:vpi_module "/usr/lib/x86_64-linux-gnu/ivl/va_math.vpi";
S_0x5cb17e8682a0 .scope module, "BUF" "BUF" 2 1;
 .timescale 0 0;
    .port_info 0 /INPUT 1 "A";
    .port_info 1 /OUTPUT 1 "Y";
o0x780ef148b018 .functor BUFZ 1, C4<z>; HiZ drive
L_0x5cb17e86a6c0 .functor BUFZ 1, o0x780ef148b018, C4<0>, C4<0>, C4<0>;
v0x5cb17e868cd0_0 .net "A", 0 0, o0x780ef148b018;  0 drivers
v0x5cb17e869e30_0 .net "Y", 0 0, L_0x5cb17e86a6c0;  1 drivers
S_0x5cb17e866e10 .scope module, "controller_tb" "controller_tb" 3 5;
 .timescale 0 0;
v0x5cb17e8b1f80_0 .net "alarm_block", 0 0, L_0x5cb17e8b4420;  1 drivers
v0x5cb17e8b2040_0 .net "alarm_wrong_pin", 0 0, L_0x5cb17e8ba7c0;  1 drivers
v0x5cb17e8b2100_0 .net "clk", 0 0, v0x5cb17e86b250_0;  1 drivers
v0x5cb17e8b21a0_0 .net "gate_close", 0 0, L_0x5cb17e8ba310;  1 drivers
v0x5cb17e8b2240_0 .net "gate_open", 0 0, L_0x5cb17e8b6a70;  1 drivers
v0x5cb17e8b22e0_0 .net "input_password", 7 0, v0x5cb17e882ed0_0;  1 drivers
v0x5cb17e8b23d0_0 .net "reset", 0 0, v0x5cb17e882fb0_0;  1 drivers
v0x5cb17e8b2470_0 .net "sensor_entrance", 0 0, v0x5cb17e883070_0;  1 drivers
v0x5cb17e8b2510_0 .net "sensor_exit", 0 0, v0x5cb17e883130_0;  1 drivers
S_0x5cb17e882b70 .scope module, "P0" "tester" 3 35, 4 3 0, S_0x5cb17e866e10;
 .timescale 0 0;
    .port_info 0 /OUTPUT 1 "clk";
    .port_info 1 /OUTPUT 1 "reset";
    .port_info 2 /OUTPUT 1 "sensor_entrance";
    .port_info 3 /OUTPUT 1 "sensor_exit";
    .port_info 4 /OUTPUT 8 "input_password";
    .port_info 5 /INPUT 1 "gate_open";
    .port_info 6 /INPUT 1 "alarm_wrong_pin";
    .port_info 7 /INPUT 1 "gate_close";
    .port_info 8 /INPUT 1 "alarm_block";
v0x5cb17e869750_0 .net "alarm_block", 0 0, L_0x5cb17e8b4420;  alias, 1 drivers
v0x5cb17e869020_0 .net "alarm_wrong_pin", 0 0, L_0x5cb17e8ba7c0;  alias, 1 drivers
v0x5cb17e86b250_0 .var "clk", 0 0;
v0x5cb17e86ab20_0 .net "gate_close", 0 0, L_0x5cb17e8ba310;  alias, 1 drivers
v0x5cb17e869400_0 .net "gate_open", 0 0, L_0x5cb17e8b6a70;  alias, 1 drivers
v0x5cb17e882ed0_0 .var "input_password", 7 0;
v0x5cb17e882fb0_0 .var "reset", 0 0;
v0x5cb17e883070_0 .var "sensor_entrance", 0 0;
v0x5cb17e883130_0 .var "sensor_exit", 0 0;
S_0x5cb17e883310 .scope module, "U0" "controller" 3 22, 5 5 0, S_0x5cb17e866e10;
 .timescale 0 0;
    .port_info 0 /INPUT 1 "clk";
    .port_info 1 /INPUT 1 "reset";
    .port_info 2 /INPUT 1 "sensor_entrance";
    .port_info 3 /INPUT 1 "sensor_exit";
    .port_info 4 /INPUT 8 "input_password";
    .port_info 5 /OUTPUT 1 "gate_open";
    .port_info 6 /OUTPUT 1 "gate_close";
    .port_info 7 /OUTPUT 1 "alarm_wrong_pin";
    .port_info 8 /OUTPUT 1 "alarm_block";
v0x5cb17e8ad7e0_0 .net "_000_", 0 0, L_0x5cb17e8b6680;  1 drivers
v0x5cb17e8ad8d0_0 .net "_001_", 0 0, L_0x5cb17e8b76c0;  1 drivers
v0x5cb17e8ad9e0_0 .net "_002_", 0 0, L_0x5cb17e8b8e30;  1 drivers
v0x5cb17e8adad0_0 .net "_003_", 0 0, L_0x5cb17e8b9c10;  1 drivers
v0x5cb17e8adbc0_0 .net "_004_", 0 0, L_0x5cb17e8ba1f0;  1 drivers
v0x5cb17e8add00_0 .net "_005_", 0 0, L_0x5cb17e86a000;  1 drivers
v0x5cb17e8adda0_0 .net "_006_", 0 0, L_0x5cb17e869630;  1 drivers
v0x5cb17e8ade90_0 .net "_007_", 0 0, L_0x5cb17e868f00;  1 drivers
v0x5cb17e8adf30_0 .net "_008_", 0 0, L_0x5cb17e86cc90;  1 drivers
v0x5cb17e8ae060_0 .net "_009_", 0 0, L_0x5cb17e86d1e0;  1 drivers
v0x5cb17e8ae100_0 .net "_010_", 0 0, L_0x5cb17e874350;  1 drivers
v0x5cb17e8ae1a0_0 .net "_011_", 0 0, L_0x5cb17e8b2dc0;  1 drivers
v0x5cb17e8ae240_0 .net "_012_", 0 0, L_0x5cb17e8b2f00;  1 drivers
v0x5cb17e8ae330_0 .net "_013_", 0 0, L_0x5cb17e8b3030;  1 drivers
v0x5cb17e8ae420_0 .net "_014_", 0 0, L_0x5cb17e8b3290;  1 drivers
v0x5cb17e8ae510_0 .net "_015_", 0 0, L_0x5cb17e8b3460;  1 drivers
v0x5cb17e8ae5b0_0 .net "_016_", 0 0, L_0x5cb17e8b3890;  1 drivers
v0x5cb17e8ae6a0_0 .net "_017_", 0 0, L_0x5cb17e8b3ad0;  1 drivers
v0x5cb17e8ae740_0 .net "_018_", 0 0, L_0x5cb17e8b3c80;  1 drivers
v0x5cb17e8ae7e0_0 .net "_019_", 0 0, L_0x5cb17e8b3e20;  1 drivers
v0x5cb17e8ae8d0_0 .net "_020_", 0 0, L_0x5cb17e8b3f60;  1 drivers
v0x5cb17e8ae9c0_0 .net "_021_", 0 0, L_0x5cb17e8b41f0;  1 drivers
v0x5cb17e8aeab0_0 .net "_022_", 0 0, L_0x5cb17e8b4580;  1 drivers
v0x5cb17e8aeba0_0 .net "_023_", 0 0, L_0x5cb17e8b4660;  1 drivers
v0x5cb17e8aec90_0 .net "_024_", 0 0, L_0x5cb17e8b4910;  1 drivers
v0x5cb17e8aed80_0 .net "_025_", 0 0, L_0x5cb17e8b4cc0;  1 drivers
v0x5cb17e8aee70_0 .net "_026_", 0 0, L_0x5cb17e8b5190;  1 drivers
v0x5cb17e8aef10_0 .net "_027_", 0 0, L_0x5cb17e8b5290;  1 drivers
v0x5cb17e8af000_0 .net "_028_", 0 0, L_0x5cb17e8b5370;  1 drivers
v0x5cb17e8af0a0_0 .net "_029_", 0 0, L_0x5cb17e8b55d0;  1 drivers
v0x5cb17e8af190_0 .net "_030_", 0 0, L_0x5cb17e8b5740;  1 drivers
v0x5cb17e8af280_0 .net "_031_", 0 0, L_0x5cb17e8b59a0;  1 drivers
v0x5cb17e8af370_0 .net "_032_", 0 0, L_0x5cb17e8b5cd0;  1 drivers
v0x5cb17e8af460_0 .net "_033_", 0 0, L_0x5cb17e8b5ed0;  1 drivers
v0x5cb17e8af550_0 .net "_034_", 0 0, L_0x5cb17e8b6040;  1 drivers
v0x5cb17e8af5f0_0 .net "_035_", 0 0, L_0x5cb17e8b6240;  1 drivers
v0x5cb17e8af690_0 .net "_036_", 0 0, L_0x5cb17e8b63b0;  1 drivers
v0x5cb17e8af7c0_0 .net "_037_", 0 0, L_0x5cb17e8b6490;  1 drivers
v0x5cb17e8af860_0 .net "_038_", 0 0, L_0x5cb17e8b6760;  1 drivers
v0x5cb17e8af900_0 .net "_039_", 0 0, L_0x5cb17e8b6970;  1 drivers
v0x5cb17e8af9a0_0 .net "_040_", 0 0, L_0x5cb17e8b6be0;  1 drivers
v0x5cb17e8afa90_0 .net "_041_", 0 0, L_0x5cb17e8b6cc0;  1 drivers
v0x5cb17e8afb80_0 .net "_042_", 0 0, L_0x5cb17e8b6e80;  1 drivers
v0x5cb17e8afc70_0 .net "_043_", 0 0, L_0x5cb17e8b7090;  1 drivers
v0x5cb17e8afd60_0 .net "_044_", 0 0, L_0x5cb17e8b72d0;  1 drivers
v0x5cb17e8afe50_0 .net "_045_", 0 0, L_0x5cb17e8b7510;  1 drivers
v0x5cb17e8aff40_0 .net "_046_", 0 0, L_0x5cb17e8b77e0;  1 drivers
v0x5cb17e8affe0_0 .net "_047_", 0 0, L_0x5cb17e8b7b90;  1 drivers
v0x5cb17e8b00d0_0 .net "_048_", 0 0, L_0x5cb17e8b7cb0;  1 drivers
v0x5cb17e8b0170_0 .net "_049_", 0 0, L_0x5cb17e8b7e60;  1 drivers
v0x5cb17e8b0260_0 .net "_050_", 0 0, L_0x5cb17e8b80a0;  1 drivers
v0x5cb17e8b0350_0 .net "_051_", 0 0, L_0x5cb17e8b8250;  1 drivers
v0x5cb17e8b0440_0 .net "_052_", 0 0, L_0x5cb17e8b8490;  1 drivers
v0x5cb17e8b0570_0 .net "_053_", 0 0, L_0x5cb17e8b8520;  1 drivers
v0x5cb17e8b0610_0 .net "_054_", 0 0, L_0x5cb17e8b86f0;  1 drivers
v0x5cb17e8b0700_0 .net "_055_", 0 0, L_0x5cb17e8b8920;  1 drivers
v0x5cb17e8b07a0_0 .net "_056_", 0 0, L_0x5cb17e8b8a40;  1 drivers
v0x5cb17e8b0890_0 .net "_057_", 0 0, L_0x5cb17e8b8bf0;  1 drivers
v0x5cb17e8b0980_0 .net "_058_", 0 0, L_0x5cb17e8b8fe0;  1 drivers
v0x5cb17e8b0a70_0 .net "_059_", 0 0, L_0x5cb17e8b9190;  1 drivers
v0x5cb17e8b0b60_0 .net "_060_", 0 0, L_0x5cb17e8b93d0;  1 drivers
v0x5cb17e8b0c50_0 .net "_061_", 0 0, L_0x5cb17e8b94f0;  1 drivers
v0x5cb17e8b0d40_0 .net "_062_", 0 0, L_0x5cb17e8b9890;  1 drivers
v0x5cb17e8b0e30_0 .net "_063_", 0 0, L_0x5cb17e8b9920;  1 drivers
v0x5cb17e8b0f20_0 .net "_064_", 0 0, L_0x5cb17e8b9d30;  1 drivers
v0x5cb17e8b1420_0 .net "_065_", 0 0, L_0x5cb17e8ba590;  1 drivers
v0x5cb17e8b1510_0 .net "alarm_block", 0 0, L_0x5cb17e8b4420;  alias, 1 drivers
v0x5cb17e8b1640_0 .net "alarm_wrong_pin", 0 0, L_0x5cb17e8ba7c0;  alias, 1 drivers
v0x5cb17e8b16e0_0 .net "clk", 0 0, v0x5cb17e86b250_0;  alias, 1 drivers
v0x5cb17e8b1780_0 .net "count0", 2 0, L_0x5cb17e8baa90;  1 drivers
v0x5cb17e8b1820_0 .net "current_state", 2 0, L_0x5cb17e8ba8e0;  1 drivers
v0x5cb17e8b18c0_0 .net "gate_close", 0 0, L_0x5cb17e8ba310;  alias, 1 drivers
v0x5cb17e8b19d0_0 .net "gate_open", 0 0, L_0x5cb17e8b6a70;  alias, 1 drivers
v0x5cb17e8b1ae0_0 .net "input_password", 7 0, v0x5cb17e882ed0_0;  alias, 1 drivers
v0x5cb17e8b1bc0_0 .net "reset", 0 0, v0x5cb17e882fb0_0;  alias, 1 drivers
v0x5cb17e8b1c60_0 .net "sensor_entrance", 0 0, v0x5cb17e883070_0;  alias, 1 drivers
v0x5cb17e8b1d70_0 .net "sensor_exit", 0 0, v0x5cb17e883130_0;  alias, 1 drivers
L_0x5cb17e8b26d0 .part L_0x5cb17e8baa90, 2, 1;
L_0x5cb17e8b27b0 .part L_0x5cb17e8baa90, 1, 1;
L_0x5cb17e8b2900 .part L_0x5cb17e8baa90, 0, 1;
L_0x5cb17e8b2a50 .part L_0x5cb17e8ba8e0, 2, 1;
L_0x5cb17e8b2b80 .part L_0x5cb17e8ba8e0, 1, 1;
L_0x5cb17e8b2c90 .part L_0x5cb17e8ba8e0, 0, 1;
L_0x5cb17e8b2f90 .part v0x5cb17e882ed0_0, 6, 1;
L_0x5cb17e8b30c0 .part v0x5cb17e882ed0_0, 1, 1;
L_0x5cb17e8b3560 .part L_0x5cb17e8ba8e0, 2, 1;
L_0x5cb17e8b3690 .part L_0x5cb17e8ba8e0, 1, 1;
L_0x5cb17e8b3d80 .part L_0x5cb17e8ba8e0, 0, 1;
L_0x5cb17e8b3fd0 .part L_0x5cb17e8ba8e0, 1, 1;
L_0x5cb17e8b40e0 .part L_0x5cb17e8ba8e0, 0, 1;
L_0x5cb17e8b42b0 .part L_0x5cb17e8ba8e0, 2, 1;
L_0x5cb17e8b4490 .part L_0x5cb17e8ba8e0, 2, 1;
L_0x5cb17e8b4720 .part L_0x5cb17e8ba8e0, 0, 1;
L_0x5cb17e8b49d0 .part v0x5cb17e882ed0_0, 2, 1;
L_0x5cb17e8b4ac0 .part v0x5cb17e882ed0_0, 4, 1;
L_0x5cb17e8b4d80 .part v0x5cb17e882ed0_0, 5, 1;
L_0x5cb17e8b4e70 .part v0x5cb17e882ed0_0, 7, 1;
L_0x5cb17e8b4bb0 .part v0x5cb17e882ed0_0, 0, 1;
L_0x5cb17e8b5470 .part v0x5cb17e882ed0_0, 3, 1;
L_0x5cb17e8b57b0 .part v0x5cb17e882ed0_0, 1, 1;
L_0x5cb17e8b5a10 .part v0x5cb17e882ed0_0, 6, 1;
L_0x5cb17e8b6860 .part L_0x5cb17e8ba8e0, 0, 1;
L_0x5cb17e8b78e0 .part L_0x5cb17e8baa90, 1, 1;
L_0x5cb17e8b7af0 .part L_0x5cb17e8baa90, 0, 1;
L_0x5cb17e8b9560 .part L_0x5cb17e8baa90, 1, 1;
L_0x5cb17e8b96f0 .part L_0x5cb17e8baa90, 0, 1;
L_0x5cb17e8b9da0 .part L_0x5cb17e8baa90, 2, 1;
L_0x5cb17e8ba380 .part L_0x5cb17e8ba8e0, 2, 1;
L_0x5cb17e8ba8e0 .concat8 [ 1 1 1 0], v0x5cb17e8abcd0_0, v0x5cb17e8ac2a0_0, v0x5cb17e8ac780_0;
L_0x5cb17e8baa90 .concat8 [ 1 1 1 0], v0x5cb17e8acd30_0, v0x5cb17e8ad1f0_0, v0x5cb17e8ad700_0;
S_0x5cb17e8938f0 .scope module, "_066_" "NOT" 5 103, 2 7 0, S_0x5cb17e883310;
 .timescale 0 0;
    .port_info 0 /INPUT 1 "A";
    .port_info 1 /OUTPUT 1 "Y";
L_0x5cb17e86a000 .functor NOT 1, L_0x5cb17e8b26d0, C4<0>, C4<0>, C4<0>;
v0x5cb17e893af0_0 .net "A", 0 0, L_0x5cb17e8b26d0;  1 drivers
v0x5cb17e893bd0_0 .net "Y", 0 0, L_0x5cb17e86a000;  alias, 1 drivers
S_0x5cb17e893cf0 .scope module, "_067_" "NOT" 5 107, 2 7 0, S_0x5cb17e883310;
 .timescale 0 0;
    .port_info 0 /INPUT 1 "A";
    .port_info 1 /OUTPUT 1 "Y";
L_0x5cb17e869630 .functor NOT 1, L_0x5cb17e8b27b0, C4<0>, C4<0>, C4<0>;
v0x5cb17e893ed0_0 .net "A", 0 0, L_0x5cb17e8b27b0;  1 drivers
v0x5cb17e893fb0_0 .net "Y", 0 0, L_0x5cb17e869630;  alias, 1 drivers
S_0x5cb17e8940d0 .scope module, "_068_" "NOT" 5 111, 2 7 0, S_0x5cb17e883310;
 .timescale 0 0;
    .port_info 0 /INPUT 1 "A";
    .port_info 1 /OUTPUT 1 "Y";
L_0x5cb17e868f00 .functor NOT 1, L_0x5cb17e8b2900, C4<0>, C4<0>, C4<0>;
v0x5cb17e8942b0_0 .net "A", 0 0, L_0x5cb17e8b2900;  1 drivers
v0x5cb17e894370_0 .net "Y", 0 0, L_0x5cb17e868f00;  alias, 1 drivers
S_0x5cb17e894490 .scope module, "_069_" "NOT" 5 115, 2 7 0, S_0x5cb17e883310;
 .timescale 0 0;
    .port_info 0 /INPUT 1 "A";
    .port_info 1 /OUTPUT 1 "Y";
L_0x5cb17e86cc90 .functor NOT 1, L_0x5cb17e8b2a50, C4<0>, C4<0>, C4<0>;
v0x5cb17e894670_0 .net "A", 0 0, L_0x5cb17e8b2a50;  1 drivers
v0x5cb17e894750_0 .net "Y", 0 0, L_0x5cb17e86cc90;  alias, 1 drivers
S_0x5cb17e894870 .scope module, "_070_" "NOT" 5 119, 2 7 0, S_0x5cb17e883310;
 .timescale 0 0;
    .port_info 0 /INPUT 1 "A";
    .port_info 1 /OUTPUT 1 "Y";
L_0x5cb17e86d1e0 .functor NOT 1, L_0x5cb17e8b2b80, C4<0>, C4<0>, C4<0>;
v0x5cb17e894ae0_0 .net "A", 0 0, L_0x5cb17e8b2b80;  1 drivers
v0x5cb17e894bc0_0 .net "Y", 0 0, L_0x5cb17e86d1e0;  alias, 1 drivers
S_0x5cb17e894ce0 .scope module, "_071_" "NOT" 5 123, 2 7 0, S_0x5cb17e883310;
 .timescale 0 0;
    .port_info 0 /INPUT 1 "A";
    .port_info 1 /OUTPUT 1 "Y";
L_0x5cb17e874350 .functor NOT 1, L_0x5cb17e8b2c90, C4<0>, C4<0>, C4<0>;
v0x5cb17e894f00_0 .net "A", 0 0, L_0x5cb17e8b2c90;  1 drivers
v0x5cb17e894fe0_0 .net "Y", 0 0, L_0x5cb17e874350;  alias, 1 drivers
S_0x5cb17e895100 .scope module, "_072_" "NOT" 5 127, 2 7 0, S_0x5cb17e883310;
 .timescale 0 0;
    .port_info 0 /INPUT 1 "A";
    .port_info 1 /OUTPUT 1 "Y";
L_0x5cb17e8b2dc0 .functor NOT 1, v0x5cb17e882fb0_0, C4<0>, C4<0>, C4<0>;
v0x5cb17e895320_0 .net "A", 0 0, v0x5cb17e882fb0_0;  alias, 1 drivers
v0x5cb17e8953e0_0 .net "Y", 0 0, L_0x5cb17e8b2dc0;  alias, 1 drivers
S_0x5cb17e8954e0 .scope module, "_073_" "NOT" 5 131, 2 7 0, S_0x5cb17e883310;
 .timescale 0 0;
    .port_info 0 /INPUT 1 "A";
    .port_info 1 /OUTPUT 1 "Y";
L_0x5cb17e8b2f00 .functor NOT 1, L_0x5cb17e8b2f90, C4<0>, C4<0>, C4<0>;
v0x5cb17e895700_0 .net "A", 0 0, L_0x5cb17e8b2f90;  1 drivers
v0x5cb17e8957e0_0 .net "Y", 0 0, L_0x5cb17e8b2f00;  alias, 1 drivers
S_0x5cb17e895900 .scope module, "_074_" "NOT" 5 135, 2 7 0, S_0x5cb17e883310;
 .timescale 0 0;
    .port_info 0 /INPUT 1 "A";
    .port_info 1 /OUTPUT 1 "Y";
L_0x5cb17e8b3030 .functor NOT 1, L_0x5cb17e8b30c0, C4<0>, C4<0>, C4<0>;
v0x5cb17e895b20_0 .net "A", 0 0, L_0x5cb17e8b30c0;  1 drivers
v0x5cb17e895c00_0 .net "Y", 0 0, L_0x5cb17e8b3030;  alias, 1 drivers
S_0x5cb17e895d20 .scope module, "_075_" "NOT" 5 139, 2 7 0, S_0x5cb17e883310;
 .timescale 0 0;
    .port_info 0 /INPUT 1 "A";
    .port_info 1 /OUTPUT 1 "Y";
L_0x5cb17e8b3290 .functor NOT 1, v0x5cb17e883070_0, C4<0>, C4<0>, C4<0>;
v0x5cb17e895ef0_0 .net "A", 0 0, v0x5cb17e883070_0;  alias, 1 drivers
v0x5cb17e895fb0_0 .net "Y", 0 0, L_0x5cb17e8b3290;  alias, 1 drivers
S_0x5cb17e8960b0 .scope module, "_076_" "NOR" 5 143, 2 19 0, S_0x5cb17e883310;
 .timescale 0 0;
    .port_info 0 /INPUT 1 "A";
    .port_info 1 /INPUT 1 "B";
    .port_info 2 /OUTPUT 1 "Y";
L_0x5cb17e8b33d0 .functor OR 1, L_0x5cb17e8b3560, L_0x5cb17e8b3690, C4<0>, C4<0>;
L_0x5cb17e8b3460 .functor NOT 1, L_0x5cb17e8b33d0, C4<0>, C4<0>, C4<0>;
v0x5cb17e8962e0_0 .net "A", 0 0, L_0x5cb17e8b3560;  1 drivers
v0x5cb17e8963c0_0 .net "B", 0 0, L_0x5cb17e8b3690;  1 drivers
v0x5cb17e896480_0 .net "Y", 0 0, L_0x5cb17e8b3460;  alias, 1 drivers
v0x5cb17e896520_0 .net *"_ivl_0", 0 0, L_0x5cb17e8b33d0;  1 drivers
S_0x5cb17e896680 .scope module, "_077_" "NAND" 5 148, 2 13 0, S_0x5cb17e883310;
 .timescale 0 0;
    .port_info 0 /INPUT 1 "A";
    .port_info 1 /INPUT 1 "B";
    .port_info 2 /OUTPUT 1 "Y";
L_0x5cb17e8b3790 .functor AND 1, L_0x5cb17e874350, L_0x5cb17e8b3460, C4<1>, C4<1>;
L_0x5cb17e8b3890 .functor NOT 1, L_0x5cb17e8b3790, C4<0>, C4<0>, C4<0>;
v0x5cb17e8968b0_0 .net "A", 0 0, L_0x5cb17e874350;  alias, 1 drivers
v0x5cb17e896970_0 .net "B", 0 0, L_0x5cb17e8b3460;  alias, 1 drivers
v0x5cb17e896a10_0 .net "Y", 0 0, L_0x5cb17e8b3890;  alias, 1 drivers
v0x5cb17e896ae0_0 .net *"_ivl_0", 0 0, L_0x5cb17e8b3790;  1 drivers
S_0x5cb17e896c00 .scope module, "_078_" "NOR" 5 153, 2 19 0, S_0x5cb17e883310;
 .timescale 0 0;
    .port_info 0 /INPUT 1 "A";
    .port_info 1 /INPUT 1 "B";
    .port_info 2 /OUTPUT 1 "Y";
L_0x5cb17e8b3920 .functor OR 1, L_0x5cb17e8b3290, L_0x5cb17e8b3890, C4<0>, C4<0>;
L_0x5cb17e8b3ad0 .functor NOT 1, L_0x5cb17e8b3920, C4<0>, C4<0>, C4<0>;
v0x5cb17e896e30_0 .net "A", 0 0, L_0x5cb17e8b3290;  alias, 1 drivers
v0x5cb17e896f20_0 .net "B", 0 0, L_0x5cb17e8b3890;  alias, 1 drivers
v0x5cb17e896ff0_0 .net "Y", 0 0, L_0x5cb17e8b3ad0;  alias, 1 drivers
v0x5cb17e8970c0_0 .net *"_ivl_0", 0 0, L_0x5cb17e8b3920;  1 drivers
S_0x5cb17e8971e0 .scope module, "_079_" "NAND" 5 158, 2 13 0, S_0x5cb17e883310;
 .timescale 0 0;
    .port_info 0 /INPUT 1 "A";
    .port_info 1 /INPUT 1 "B";
    .port_info 2 /OUTPUT 1 "Y";
L_0x5cb17e8b3bf0 .functor AND 1, L_0x5cb17e8b3d80, L_0x5cb17e8b3460, C4<1>, C4<1>;
L_0x5cb17e8b3c80 .functor NOT 1, L_0x5cb17e8b3bf0, C4<0>, C4<0>, C4<0>;
v0x5cb17e897410_0 .net "A", 0 0, L_0x5cb17e8b3d80;  1 drivers
v0x5cb17e8974f0_0 .net "B", 0 0, L_0x5cb17e8b3460;  alias, 1 drivers
v0x5cb17e897600_0 .net "Y", 0 0, L_0x5cb17e8b3c80;  alias, 1 drivers
v0x5cb17e8976a0_0 .net *"_ivl_0", 0 0, L_0x5cb17e8b3bf0;  1 drivers
S_0x5cb17e8977e0 .scope module, "_080_" "NOT" 5 163, 2 7 0, S_0x5cb17e883310;
 .timescale 0 0;
    .port_info 0 /INPUT 1 "A";
    .port_info 1 /OUTPUT 1 "Y";
L_0x5cb17e8b3e20 .functor NOT 1, L_0x5cb17e8b3c80, C4<0>, C4<0>, C4<0>;
v0x5cb17e897a00_0 .net "A", 0 0, L_0x5cb17e8b3c80;  alias, 1 drivers
v0x5cb17e897af0_0 .net "Y", 0 0, L_0x5cb17e8b3e20;  alias, 1 drivers
S_0x5cb17e897bf0 .scope module, "_081_" "NAND" 5 167, 2 13 0, S_0x5cb17e883310;
 .timescale 0 0;
    .port_info 0 /INPUT 1 "A";
    .port_info 1 /INPUT 1 "B";
    .port_info 2 /OUTPUT 1 "Y";
L_0x5cb17e8b3ed0 .functor AND 1, L_0x5cb17e8b3fd0, L_0x5cb17e8b40e0, C4<1>, C4<1>;
L_0x5cb17e8b3f60 .functor NOT 1, L_0x5cb17e8b3ed0, C4<0>, C4<0>, C4<0>;
v0x5cb17e897e20_0 .net "A", 0 0, L_0x5cb17e8b3fd0;  1 drivers
v0x5cb17e897f00_0 .net "B", 0 0, L_0x5cb17e8b40e0;  1 drivers
v0x5cb17e897fc0_0 .net "Y", 0 0, L_0x5cb17e8b3f60;  alias, 1 drivers
v0x5cb17e898090_0 .net *"_ivl_0", 0 0, L_0x5cb17e8b3ed0;  1 drivers
S_0x5cb17e8981f0 .scope module, "_082_" "NOR" 5 172, 2 19 0, S_0x5cb17e883310;
 .timescale 0 0;
    .port_info 0 /INPUT 1 "A";
    .port_info 1 /INPUT 1 "B";
    .port_info 2 /OUTPUT 1 "Y";
L_0x5cb17e8b4180 .functor OR 1, L_0x5cb17e8b42b0, L_0x5cb17e86d1e0, C4<0>, C4<0>;
L_0x5cb17e8b41f0 .functor NOT 1, L_0x5cb17e8b4180, C4<0>, C4<0>, C4<0>;
v0x5cb17e898420_0 .net "A", 0 0, L_0x5cb17e8b42b0;  1 drivers
v0x5cb17e898500_0 .net "B", 0 0, L_0x5cb17e86d1e0;  alias, 1 drivers
v0x5cb17e8985f0_0 .net "Y", 0 0, L_0x5cb17e8b41f0;  alias, 1 drivers
v0x5cb17e8986c0_0 .net *"_ivl_0", 0 0, L_0x5cb17e8b4180;  1 drivers
S_0x5cb17e8987e0 .scope module, "_083_" "NOR" 5 177, 2 19 0, S_0x5cb17e883310;
 .timescale 0 0;
    .port_info 0 /INPUT 1 "A";
    .port_info 1 /INPUT 1 "B";
    .port_info 2 /OUTPUT 1 "Y";
L_0x5cb17e8b4070 .functor OR 1, L_0x5cb17e8b4490, L_0x5cb17e8b3f60, C4<0>, C4<0>;
L_0x5cb17e8b4420 .functor NOT 1, L_0x5cb17e8b4070, C4<0>, C4<0>, C4<0>;
v0x5cb17e898a10_0 .net "A", 0 0, L_0x5cb17e8b4490;  1 drivers
v0x5cb17e898af0_0 .net "B", 0 0, L_0x5cb17e8b3f60;  alias, 1 drivers
v0x5cb17e898be0_0 .net "Y", 0 0, L_0x5cb17e8b4420;  alias, 1 drivers
v0x5cb17e898ce0_0 .net *"_ivl_0", 0 0, L_0x5cb17e8b4070;  1 drivers
S_0x5cb17e898dc0 .scope module, "_084_" "NOT" 5 182, 2 7 0, S_0x5cb17e883310;
 .timescale 0 0;
    .port_info 0 /INPUT 1 "A";
    .port_info 1 /OUTPUT 1 "Y";
L_0x5cb17e8b4580 .functor NOT 1, L_0x5cb17e8b4420, C4<0>, C4<0>, C4<0>;
v0x5cb17e898fe0_0 .net "A", 0 0, L_0x5cb17e8b4420;  alias, 1 drivers
v0x5cb17e8990f0_0 .net "Y", 0 0, L_0x5cb17e8b4580;  alias, 1 drivers
S_0x5cb17e899210 .scope module, "_085_" "NAND" 5 186, 2 13 0, S_0x5cb17e883310;
 .timescale 0 0;
    .port_info 0 /INPUT 1 "A";
    .port_info 1 /INPUT 1 "B";
    .port_info 2 /OUTPUT 1 "Y";
L_0x5cb17e8b45f0 .functor AND 1, L_0x5cb17e86cc90, L_0x5cb17e8b4720, C4<1>, C4<1>;
L_0x5cb17e8b4660 .functor NOT 1, L_0x5cb17e8b45f0, C4<0>, C4<0>, C4<0>;
v0x5cb17e899440_0 .net "A", 0 0, L_0x5cb17e86cc90;  alias, 1 drivers
v0x5cb17e899500_0 .net "B", 0 0, L_0x5cb17e8b4720;  1 drivers
v0x5cb17e8995a0_0 .net "Y", 0 0, L_0x5cb17e8b4660;  alias, 1 drivers
v0x5cb17e899670_0 .net *"_ivl_0", 0 0, L_0x5cb17e8b45f0;  1 drivers
S_0x5cb17e8997d0 .scope module, "_086_" "NOR" 5 191, 2 19 0, S_0x5cb17e883310;
 .timescale 0 0;
    .port_info 0 /INPUT 1 "A";
    .port_info 1 /INPUT 1 "B";
    .port_info 2 /OUTPUT 1 "Y";
L_0x5cb17e8b48a0 .functor OR 1, L_0x5cb17e8b49d0, L_0x5cb17e8b4ac0, C4<0>, C4<0>;
L_0x5cb17e8b4910 .functor NOT 1, L_0x5cb17e8b48a0, C4<0>, C4<0>, C4<0>;
v0x5cb17e899a00_0 .net "A", 0 0, L_0x5cb17e8b49d0;  1 drivers
v0x5cb17e899ae0_0 .net "B", 0 0, L_0x5cb17e8b4ac0;  1 drivers
v0x5cb17e899ba0_0 .net "Y", 0 0, L_0x5cb17e8b4910;  alias, 1 drivers
v0x5cb17e899c70_0 .net *"_ivl_0", 0 0, L_0x5cb17e8b48a0;  1 drivers
S_0x5cb17e899dd0 .scope module, "_087_" "NOR" 5 196, 2 19 0, S_0x5cb17e883310;
 .timescale 0 0;
    .port_info 0 /INPUT 1 "A";
    .port_info 1 /INPUT 1 "B";
    .port_info 2 /OUTPUT 1 "Y";
L_0x5cb17e8b4c50 .functor OR 1, L_0x5cb17e8b4d80, L_0x5cb17e8b4e70, C4<0>, C4<0>;
L_0x5cb17e8b4cc0 .functor NOT 1, L_0x5cb17e8b4c50, C4<0>, C4<0>, C4<0>;
v0x5cb17e89a000_0 .net "A", 0 0, L_0x5cb17e8b4d80;  1 drivers
v0x5cb17e89a0e0_0 .net "B", 0 0, L_0x5cb17e8b4e70;  1 drivers
v0x5cb17e89a1a0_0 .net "Y", 0 0, L_0x5cb17e8b4cc0;  alias, 1 drivers
v0x5cb17e89a270_0 .net *"_ivl_0", 0 0, L_0x5cb17e8b4c50;  1 drivers
S_0x5cb17e89a3d0 .scope module, "_088_" "NAND" 5 201, 2 13 0, S_0x5cb17e883310;
 .timescale 0 0;
    .port_info 0 /INPUT 1 "A";
    .port_info 1 /INPUT 1 "B";
    .port_info 2 /OUTPUT 1 "Y";
L_0x5cb17e8b5120 .functor AND 1, L_0x5cb17e8b4910, L_0x5cb17e8b4cc0, C4<1>, C4<1>;
L_0x5cb17e8b5190 .functor NOT 1, L_0x5cb17e8b5120, C4<0>, C4<0>, C4<0>;
v0x5cb17e89a600_0 .net "A", 0 0, L_0x5cb17e8b4910;  alias, 1 drivers
v0x5cb17e89a6f0_0 .net "B", 0 0, L_0x5cb17e8b4cc0;  alias, 1 drivers
v0x5cb17e89a7c0_0 .net "Y", 0 0, L_0x5cb17e8b5190;  alias, 1 drivers
v0x5cb17e89a890_0 .net *"_ivl_0", 0 0, L_0x5cb17e8b5120;  1 drivers
S_0x5cb17e89a9b0 .scope module, "_089_" "NOT" 5 206, 2 7 0, S_0x5cb17e883310;
 .timescale 0 0;
    .port_info 0 /INPUT 1 "A";
    .port_info 1 /OUTPUT 1 "Y";
L_0x5cb17e8b5290 .functor NOT 1, L_0x5cb17e8b5190, C4<0>, C4<0>, C4<0>;
v0x5cb17e89abd0_0 .net "A", 0 0, L_0x5cb17e8b5190;  alias, 1 drivers
v0x5cb17e89acc0_0 .net "Y", 0 0, L_0x5cb17e8b5290;  alias, 1 drivers
S_0x5cb17e89adc0 .scope module, "_090_" "NAND" 5 210, 2 13 0, S_0x5cb17e883310;
 .timescale 0 0;
    .port_info 0 /INPUT 1 "A";
    .port_info 1 /INPUT 1 "B";
    .port_info 2 /OUTPUT 1 "Y";
L_0x5cb17e8b5300 .functor AND 1, L_0x5cb17e8b4bb0, L_0x5cb17e8b5470, C4<1>, C4<1>;
L_0x5cb17e8b5370 .functor NOT 1, L_0x5cb17e8b5300, C4<0>, C4<0>, C4<0>;
v0x5cb17e89aff0_0 .net "A", 0 0, L_0x5cb17e8b4bb0;  1 drivers
v0x5cb17e89b0d0_0 .net "B", 0 0, L_0x5cb17e8b5470;  1 drivers
v0x5cb17e89b190_0 .net "Y", 0 0, L_0x5cb17e8b5370;  alias, 1 drivers
v0x5cb17e89b260_0 .net *"_ivl_0", 0 0, L_0x5cb17e8b5300;  1 drivers
S_0x5cb17e89b3c0 .scope module, "_091_" "NOT" 5 215, 2 7 0, S_0x5cb17e883310;
 .timescale 0 0;
    .port_info 0 /INPUT 1 "A";
    .port_info 1 /OUTPUT 1 "Y";
L_0x5cb17e8b55d0 .functor NOT 1, L_0x5cb17e8b5370, C4<0>, C4<0>, C4<0>;
v0x5cb17e89b5e0_0 .net "A", 0 0, L_0x5cb17e8b5370;  alias, 1 drivers
v0x5cb17e89b6d0_0 .net "Y", 0 0, L_0x5cb17e8b55d0;  alias, 1 drivers
S_0x5cb17e89b7d0 .scope module, "_092_" "NOR" 5 219, 2 19 0, S_0x5cb17e883310;
 .timescale 0 0;
    .port_info 0 /INPUT 1 "A";
    .port_info 1 /INPUT 1 "B";
    .port_info 2 /OUTPUT 1 "Y";
L_0x5cb17e8b5640 .functor OR 1, L_0x5cb17e8b2f00, L_0x5cb17e8b57b0, C4<0>, C4<0>;
L_0x5cb17e8b5740 .functor NOT 1, L_0x5cb17e8b5640, C4<0>, C4<0>, C4<0>;
v0x5cb17e89ba00_0 .net "A", 0 0, L_0x5cb17e8b2f00;  alias, 1 drivers
v0x5cb17e89baf0_0 .net "B", 0 0, L_0x5cb17e8b57b0;  1 drivers
v0x5cb17e89bb90_0 .net "Y", 0 0, L_0x5cb17e8b5740;  alias, 1 drivers
v0x5cb17e89bc60_0 .net *"_ivl_0", 0 0, L_0x5cb17e8b5640;  1 drivers
S_0x5cb17e89bdc0 .scope module, "_093_" "NAND" 5 224, 2 13 0, S_0x5cb17e883310;
 .timescale 0 0;
    .port_info 0 /INPUT 1 "A";
    .port_info 1 /INPUT 1 "B";
    .port_info 2 /OUTPUT 1 "Y";
L_0x5cb17e8b58a0 .functor AND 1, L_0x5cb17e8b5a10, L_0x5cb17e8b3030, C4<1>, C4<1>;
L_0x5cb17e8b59a0 .functor NOT 1, L_0x5cb17e8b58a0, C4<0>, C4<0>, C4<0>;
v0x5cb17e89bff0_0 .net "A", 0 0, L_0x5cb17e8b5a10;  1 drivers
v0x5cb17e89c0d0_0 .net "B", 0 0, L_0x5cb17e8b3030;  alias, 1 drivers
v0x5cb17e89c1c0_0 .net "Y", 0 0, L_0x5cb17e8b59a0;  alias, 1 drivers
v0x5cb17e89c290_0 .net *"_ivl_0", 0 0, L_0x5cb17e8b58a0;  1 drivers
S_0x5cb17e89c3b0 .scope module, "_094_" "NOR" 5 229, 2 19 0, S_0x5cb17e883310;
 .timescale 0 0;
    .port_info 0 /INPUT 1 "A";
    .port_info 1 /INPUT 1 "B";
    .port_info 2 /OUTPUT 1 "Y";
L_0x5cb17e8b5bd0 .functor OR 1, L_0x5cb17e8b5370, L_0x5cb17e8b59a0, C4<0>, C4<0>;
L_0x5cb17e8b5cd0 .functor NOT 1, L_0x5cb17e8b5bd0, C4<0>, C4<0>, C4<0>;
v0x5cb17e89c5e0_0 .net "A", 0 0, L_0x5cb17e8b5370;  alias, 1 drivers
v0x5cb17e89c6f0_0 .net "B", 0 0, L_0x5cb17e8b59a0;  alias, 1 drivers
v0x5cb17e89c7b0_0 .net "Y", 0 0, L_0x5cb17e8b5cd0;  alias, 1 drivers
v0x5cb17e89c880_0 .net *"_ivl_0", 0 0, L_0x5cb17e8b5bd0;  1 drivers
S_0x5cb17e89c9a0 .scope module, "_095_" "NAND" 5 234, 2 13 0, S_0x5cb17e883310;
 .timescale 0 0;
    .port_info 0 /INPUT 1 "A";
    .port_info 1 /INPUT 1 "B";
    .port_info 2 /OUTPUT 1 "Y";
L_0x5cb17e8b5d40 .functor AND 1, L_0x5cb17e8b55d0, L_0x5cb17e8b5740, C4<1>, C4<1>;
L_0x5cb17e8b5ed0 .functor NOT 1, L_0x5cb17e8b5d40, C4<0>, C4<0>, C4<0>;
v0x5cb17e89cbd0_0 .net "A", 0 0, L_0x5cb17e8b55d0;  alias, 1 drivers
v0x5cb17e89ccc0_0 .net "B", 0 0, L_0x5cb17e8b5740;  alias, 1 drivers
v0x5cb17e89cd90_0 .net "Y", 0 0, L_0x5cb17e8b5ed0;  alias, 1 drivers
v0x5cb17e89ce60_0 .net *"_ivl_0", 0 0, L_0x5cb17e8b5d40;  1 drivers
S_0x5cb17e89cf80 .scope module, "_096_" "NOR" 5 239, 2 19 0, S_0x5cb17e883310;
 .timescale 0 0;
    .port_info 0 /INPUT 1 "A";
    .port_info 1 /INPUT 1 "B";
    .port_info 2 /OUTPUT 1 "Y";
L_0x5cb17e8b5f40 .functor OR 1, L_0x5cb17e8b5190, L_0x5cb17e8b5ed0, C4<0>, C4<0>;
L_0x5cb17e8b6040 .functor NOT 1, L_0x5cb17e8b5f40, C4<0>, C4<0>, C4<0>;
v0x5cb17e89d1b0_0 .net "A", 0 0, L_0x5cb17e8b5190;  alias, 1 drivers
v0x5cb17e89d2c0_0 .net "B", 0 0, L_0x5cb17e8b5ed0;  alias, 1 drivers
v0x5cb17e89d380_0 .net "Y", 0 0, L_0x5cb17e8b6040;  alias, 1 drivers
v0x5cb17e89d450_0 .net *"_ivl_0", 0 0, L_0x5cb17e8b5f40;  1 drivers
S_0x5cb17e89d570 .scope module, "_097_" "NAND" 5 244, 2 13 0, S_0x5cb17e883310;
 .timescale 0 0;
    .port_info 0 /INPUT 1 "A";
    .port_info 1 /INPUT 1 "B";
    .port_info 2 /OUTPUT 1 "Y";
L_0x5cb17e8b60b0 .functor AND 1, L_0x5cb17e8b5290, L_0x5cb17e8b5cd0, C4<1>, C4<1>;
L_0x5cb17e8b6240 .functor NOT 1, L_0x5cb17e8b60b0, C4<0>, C4<0>, C4<0>;
v0x5cb17e89d7a0_0 .net "A", 0 0, L_0x5cb17e8b5290;  alias, 1 drivers
v0x5cb17e89d890_0 .net "B", 0 0, L_0x5cb17e8b5cd0;  alias, 1 drivers
v0x5cb17e89d960_0 .net "Y", 0 0, L_0x5cb17e8b6240;  alias, 1 drivers
v0x5cb17e89da30_0 .net *"_ivl_0", 0 0, L_0x5cb17e8b60b0;  1 drivers
S_0x5cb17e89db50 .scope module, "_098_" "NOR" 5 249, 2 19 0, S_0x5cb17e883310;
 .timescale 0 0;
    .port_info 0 /INPUT 1 "A";
    .port_info 1 /INPUT 1 "B";
    .port_info 2 /OUTPUT 1 "Y";
L_0x5cb17e8b62b0 .functor OR 1, L_0x5cb17e8b4660, L_0x5cb17e8b6040, C4<0>, C4<0>;
L_0x5cb17e8b63b0 .functor NOT 1, L_0x5cb17e8b62b0, C4<0>, C4<0>, C4<0>;
v0x5cb17e89dd80_0 .net "A", 0 0, L_0x5cb17e8b4660;  alias, 1 drivers
v0x5cb17e89de70_0 .net "B", 0 0, L_0x5cb17e8b6040;  alias, 1 drivers
v0x5cb17e89df40_0 .net "Y", 0 0, L_0x5cb17e8b63b0;  alias, 1 drivers
v0x5cb17e89e010_0 .net *"_ivl_0", 0 0, L_0x5cb17e8b62b0;  1 drivers
S_0x5cb17e89e130 .scope module, "_099_" "NOR" 5 254, 2 19 0, S_0x5cb17e883310;
 .timescale 0 0;
    .port_info 0 /INPUT 1 "A";
    .port_info 1 /INPUT 1 "B";
    .port_info 2 /OUTPUT 1 "Y";
L_0x5cb17e8b6420 .functor OR 1, L_0x5cb17e8b3ad0, L_0x5cb17e8b63b0, C4<0>, C4<0>;
L_0x5cb17e8b6490 .functor NOT 1, L_0x5cb17e8b6420, C4<0>, C4<0>, C4<0>;
v0x5cb17e89e360_0 .net "A", 0 0, L_0x5cb17e8b3ad0;  alias, 1 drivers
v0x5cb17e89e450_0 .net "B", 0 0, L_0x5cb17e8b63b0;  alias, 1 drivers
v0x5cb17e89e520_0 .net "Y", 0 0, L_0x5cb17e8b6490;  alias, 1 drivers
v0x5cb17e89e5f0_0 .net *"_ivl_0", 0 0, L_0x5cb17e8b6420;  1 drivers
S_0x5cb17e89e710 .scope module, "_100_" "NOR" 5 259, 2 19 0, S_0x5cb17e883310;
 .timescale 0 0;
    .port_info 0 /INPUT 1 "A";
    .port_info 1 /INPUT 1 "B";
    .port_info 2 /OUTPUT 1 "Y";
L_0x5cb17e8b6500 .functor OR 1, v0x5cb17e882fb0_0, L_0x5cb17e8b6490, C4<0>, C4<0>;
L_0x5cb17e8b6680 .functor NOT 1, L_0x5cb17e8b6500, C4<0>, C4<0>, C4<0>;
v0x5cb17e89e940_0 .net "A", 0 0, v0x5cb17e882fb0_0;  alias, 1 drivers
v0x5cb17e89ea50_0 .net "B", 0 0, L_0x5cb17e8b6490;  alias, 1 drivers
v0x5cb17e89eb10_0 .net "Y", 0 0, L_0x5cb17e8b6680;  alias, 1 drivers
v0x5cb17e89ebe0_0 .net *"_ivl_0", 0 0, L_0x5cb17e8b6500;  1 drivers
S_0x5cb17e89ed00 .scope module, "_101_" "NOR" 5 264, 2 19 0, S_0x5cb17e883310;
 .timescale 0 0;
    .port_info 0 /INPUT 1 "A";
    .port_info 1 /INPUT 1 "B";
    .port_info 2 /OUTPUT 1 "Y";
L_0x5cb17e8b66f0 .functor OR 1, L_0x5cb17e86d1e0, L_0x5cb17e8b6860, C4<0>, C4<0>;
L_0x5cb17e8b6760 .functor NOT 1, L_0x5cb17e8b66f0, C4<0>, C4<0>, C4<0>;
v0x5cb17e89ef30_0 .net "A", 0 0, L_0x5cb17e86d1e0;  alias, 1 drivers
v0x5cb17e89f040_0 .net "B", 0 0, L_0x5cb17e8b6860;  1 drivers
v0x5cb17e89f100_0 .net "Y", 0 0, L_0x5cb17e8b6760;  alias, 1 drivers
v0x5cb17e89f1a0_0 .net *"_ivl_0", 0 0, L_0x5cb17e8b66f0;  1 drivers
S_0x5cb17e89f300 .scope module, "_102_" "NAND" 5 269, 2 13 0, S_0x5cb17e883310;
 .timescale 0 0;
    .port_info 0 /INPUT 1 "A";
    .port_info 1 /INPUT 1 "B";
    .port_info 2 /OUTPUT 1 "Y";
L_0x5cb17e8b6900 .functor AND 1, L_0x5cb17e86cc90, L_0x5cb17e8b6760, C4<1>, C4<1>;
L_0x5cb17e8b6970 .functor NOT 1, L_0x5cb17e8b6900, C4<0>, C4<0>, C4<0>;
v0x5cb17e89f530_0 .net "A", 0 0, L_0x5cb17e86cc90;  alias, 1 drivers
v0x5cb17e89f640_0 .net "B", 0 0, L_0x5cb17e8b6760;  alias, 1 drivers
v0x5cb17e89f700_0 .net "Y", 0 0, L_0x5cb17e8b6970;  alias, 1 drivers
v0x5cb17e89f7d0_0 .net *"_ivl_0", 0 0, L_0x5cb17e8b6900;  1 drivers
S_0x5cb17e89f8f0 .scope module, "_103_" "NOT" 5 274, 2 7 0, S_0x5cb17e883310;
 .timescale 0 0;
    .port_info 0 /INPUT 1 "A";
    .port_info 1 /OUTPUT 1 "Y";
L_0x5cb17e8b6a70 .functor NOT 1, L_0x5cb17e8b6970, C4<0>, C4<0>, C4<0>;
v0x5cb17e89fb10_0 .net "A", 0 0, L_0x5cb17e8b6970;  alias, 1 drivers
v0x5cb17e89fc00_0 .net "Y", 0 0, L_0x5cb17e8b6a70;  alias, 1 drivers
S_0x5cb17e89fcf0 .scope module, "_104_" "NOR" 5 278, 2 19 0, S_0x5cb17e883310;
 .timescale 0 0;
    .port_info 0 /INPUT 1 "A";
    .port_info 1 /INPUT 1 "B";
    .port_info 2 /OUTPUT 1 "Y";
L_0x5cb17e8b6b70 .functor OR 1, v0x5cb17e883130_0, L_0x5cb17e8b6970, C4<0>, C4<0>;
L_0x5cb17e8b6be0 .functor NOT 1, L_0x5cb17e8b6b70, C4<0>, C4<0>, C4<0>;
v0x5cb17e89ff20_0 .net "A", 0 0, v0x5cb17e883130_0;  alias, 1 drivers
v0x5cb17e8a0010_0 .net "B", 0 0, L_0x5cb17e8b6970;  alias, 1 drivers
v0x5cb17e8a0100_0 .net "Y", 0 0, L_0x5cb17e8b6be0;  alias, 1 drivers
v0x5cb17e8a01a0_0 .net *"_ivl_0", 0 0, L_0x5cb17e8b6b70;  1 drivers
S_0x5cb17e8a02e0 .scope module, "_105_" "NAND" 5 283, 2 13 0, S_0x5cb17e883310;
 .timescale 0 0;
    .port_info 0 /INPUT 1 "A";
    .port_info 1 /INPUT 1 "B";
    .port_info 2 /OUTPUT 1 "Y";
L_0x5cb17e8b6c50 .functor AND 1, v0x5cb17e883130_0, L_0x5cb17e8b3ad0, C4<1>, C4<1>;
L_0x5cb17e8b6cc0 .functor NOT 1, L_0x5cb17e8b6c50, C4<0>, C4<0>, C4<0>;
v0x5cb17e8a0510_0 .net "A", 0 0, v0x5cb17e883130_0;  alias, 1 drivers
v0x5cb17e8a0620_0 .net "B", 0 0, L_0x5cb17e8b3ad0;  alias, 1 drivers
v0x5cb17e8a0730_0 .net "Y", 0 0, L_0x5cb17e8b6cc0;  alias, 1 drivers
v0x5cb17e8a07d0_0 .net *"_ivl_0", 0 0, L_0x5cb17e8b6c50;  1 drivers
S_0x5cb17e8a0910 .scope module, "_106_" "NOR" 5 288, 2 19 0, S_0x5cb17e883310;
 .timescale 0 0;
    .port_info 0 /INPUT 1 "A";
    .port_info 1 /INPUT 1 "B";
    .port_info 2 /OUTPUT 1 "Y";
L_0x5cb17e8b6d80 .functor OR 1, L_0x5cb17e8b3c80, L_0x5cb17e8b6240, C4<0>, C4<0>;
L_0x5cb17e8b6e80 .functor NOT 1, L_0x5cb17e8b6d80, C4<0>, C4<0>, C4<0>;
v0x5cb17e8a0b40_0 .net "A", 0 0, L_0x5cb17e8b3c80;  alias, 1 drivers
v0x5cb17e8a0c50_0 .net "B", 0 0, L_0x5cb17e8b6240;  alias, 1 drivers
v0x5cb17e8a0d10_0 .net "Y", 0 0, L_0x5cb17e8b6e80;  alias, 1 drivers
v0x5cb17e8a0db0_0 .net *"_ivl_0", 0 0, L_0x5cb17e8b6d80;  1 drivers
S_0x5cb17e8a0ed0 .scope module, "_107_" "NOR" 5 293, 2 19 0, S_0x5cb17e883310;
 .timescale 0 0;
    .port_info 0 /INPUT 1 "A";
    .port_info 1 /INPUT 1 "B";
    .port_info 2 /OUTPUT 1 "Y";
L_0x5cb17e8b6ef0 .functor OR 1, L_0x5cb17e8b4420, L_0x5cb17e8b6e80, C4<0>, C4<0>;
L_0x5cb17e8b7090 .functor NOT 1, L_0x5cb17e8b6ef0, C4<0>, C4<0>, C4<0>;
v0x5cb17e8a1100_0 .net "A", 0 0, L_0x5cb17e8b4420;  alias, 1 drivers
v0x5cb17e8a11c0_0 .net "B", 0 0, L_0x5cb17e8b6e80;  alias, 1 drivers
v0x5cb17e8a12b0_0 .net "Y", 0 0, L_0x5cb17e8b7090;  alias, 1 drivers
v0x5cb17e8a1380_0 .net *"_ivl_0", 0 0, L_0x5cb17e8b6ef0;  1 drivers
S_0x5cb17e8a14a0 .scope module, "_108_" "NAND" 5 298, 2 13 0, S_0x5cb17e883310;
 .timescale 0 0;
    .port_info 0 /INPUT 1 "A";
    .port_info 1 /INPUT 1 "B";
    .port_info 2 /OUTPUT 1 "Y";
L_0x5cb17e8b7120 .functor AND 1, L_0x5cb17e8b6cc0, L_0x5cb17e8b7090, C4<1>, C4<1>;
L_0x5cb17e8b72d0 .functor NOT 1, L_0x5cb17e8b7120, C4<0>, C4<0>, C4<0>;
v0x5cb17e8a16d0_0 .net "A", 0 0, L_0x5cb17e8b6cc0;  alias, 1 drivers
v0x5cb17e8a17c0_0 .net "B", 0 0, L_0x5cb17e8b7090;  alias, 1 drivers
v0x5cb17e8a1890_0 .net "Y", 0 0, L_0x5cb17e8b72d0;  alias, 1 drivers
v0x5cb17e8a1960_0 .net *"_ivl_0", 0 0, L_0x5cb17e8b7120;  1 drivers
S_0x5cb17e8a1a80 .scope module, "_109_" "NOR" 5 303, 2 19 0, S_0x5cb17e883310;
 .timescale 0 0;
    .port_info 0 /INPUT 1 "A";
    .port_info 1 /INPUT 1 "B";
    .port_info 2 /OUTPUT 1 "Y";
L_0x5cb17e8b7360 .functor OR 1, L_0x5cb17e8b6be0, L_0x5cb17e8b72d0, C4<0>, C4<0>;
L_0x5cb17e8b7510 .functor NOT 1, L_0x5cb17e8b7360, C4<0>, C4<0>, C4<0>;
v0x5cb17e8a1cb0_0 .net "A", 0 0, L_0x5cb17e8b6be0;  alias, 1 drivers
v0x5cb17e8a1da0_0 .net "B", 0 0, L_0x5cb17e8b72d0;  alias, 1 drivers
v0x5cb17e8a1e70_0 .net "Y", 0 0, L_0x5cb17e8b7510;  alias, 1 drivers
v0x5cb17e8a1f40_0 .net *"_ivl_0", 0 0, L_0x5cb17e8b7360;  1 drivers
S_0x5cb17e8a2060 .scope module, "_110_" "NOR" 5 308, 2 19 0, S_0x5cb17e883310;
 .timescale 0 0;
    .port_info 0 /INPUT 1 "A";
    .port_info 1 /INPUT 1 "B";
    .port_info 2 /OUTPUT 1 "Y";
L_0x5cb17e8b75a0 .functor OR 1, v0x5cb17e882fb0_0, L_0x5cb17e8b7510, C4<0>, C4<0>;
L_0x5cb17e8b76c0 .functor NOT 1, L_0x5cb17e8b75a0, C4<0>, C4<0>, C4<0>;
v0x5cb17e8a2290_0 .net "A", 0 0, v0x5cb17e882fb0_0;  alias, 1 drivers
v0x5cb17e8a2350_0 .net "B", 0 0, L_0x5cb17e8b7510;  alias, 1 drivers
v0x5cb17e8a2440_0 .net "Y", 0 0, L_0x5cb17e8b76c0;  alias, 1 drivers
v0x5cb17e8a2510_0 .net *"_ivl_0", 0 0, L_0x5cb17e8b75a0;  1 drivers
S_0x5cb17e8a2630 .scope module, "_111_" "NAND" 5 313, 2 13 0, S_0x5cb17e883310;
 .timescale 0 0;
    .port_info 0 /INPUT 1 "A";
    .port_info 1 /INPUT 1 "B";
    .port_info 2 /OUTPUT 1 "Y";
L_0x5cb17e8b7750 .functor AND 1, L_0x5cb17e8b78e0, L_0x5cb17e8b7af0, C4<1>, C4<1>;
L_0x5cb17e8b77e0 .functor NOT 1, L_0x5cb17e8b7750, C4<0>, C4<0>, C4<0>;
v0x5cb17e8a2860_0 .net "A", 0 0, L_0x5cb17e8b78e0;  1 drivers
v0x5cb17e8a2940_0 .net "B", 0 0, L_0x5cb17e8b7af0;  1 drivers
v0x5cb17e8a2a00_0 .net "Y", 0 0, L_0x5cb17e8b77e0;  alias, 1 drivers
v0x5cb17e8a2ad0_0 .net *"_ivl_0", 0 0, L_0x5cb17e8b7750;  1 drivers
S_0x5cb17e8a2c30 .scope module, "_112_" "NOT" 5 318, 2 7 0, S_0x5cb17e883310;
 .timescale 0 0;
    .port_info 0 /INPUT 1 "A";
    .port_info 1 /OUTPUT 1 "Y";
L_0x5cb17e8b7b90 .functor NOT 1, L_0x5cb17e8b77e0, C4<0>, C4<0>, C4<0>;
v0x5cb17e8a2e50_0 .net "A", 0 0, L_0x5cb17e8b77e0;  alias, 1 drivers
v0x5cb17e8a2f40_0 .net "Y", 0 0, L_0x5cb17e8b7b90;  alias, 1 drivers
S_0x5cb17e8a3040 .scope module, "_113_" "NAND" 5 322, 2 13 0, S_0x5cb17e883310;
 .timescale 0 0;
    .port_info 0 /INPUT 1 "A";
    .port_info 1 /INPUT 1 "B";
    .port_info 2 /OUTPUT 1 "Y";
L_0x5cb17e8b7c20 .functor AND 1, L_0x5cb17e86a000, L_0x5cb17e8b77e0, C4<1>, C4<1>;
L_0x5cb17e8b7cb0 .functor NOT 1, L_0x5cb17e8b7c20, C4<0>, C4<0>, C4<0>;
v0x5cb17e8a3270_0 .net "A", 0 0, L_0x5cb17e86a000;  alias, 1 drivers
v0x5cb17e8a3360_0 .net "B", 0 0, L_0x5cb17e8b77e0;  alias, 1 drivers
v0x5cb17e8a3450_0 .net "Y", 0 0, L_0x5cb17e8b7cb0;  alias, 1 drivers
v0x5cb17e8a34f0_0 .net *"_ivl_0", 0 0, L_0x5cb17e8b7c20;  1 drivers
S_0x5cb17e8a3630 .scope module, "_114_" "NOR" 5 327, 2 19 0, S_0x5cb17e883310;
 .timescale 0 0;
    .port_info 0 /INPUT 1 "A";
    .port_info 1 /INPUT 1 "B";
    .port_info 2 /OUTPUT 1 "Y";
L_0x5cb17e8b7dd0 .functor OR 1, L_0x5cb17e8b6040, L_0x5cb17e8b7cb0, C4<0>, C4<0>;
L_0x5cb17e8b7e60 .functor NOT 1, L_0x5cb17e8b7dd0, C4<0>, C4<0>, C4<0>;
v0x5cb17e8a3860_0 .net "A", 0 0, L_0x5cb17e8b6040;  alias, 1 drivers
v0x5cb17e8a3970_0 .net "B", 0 0, L_0x5cb17e8b7cb0;  alias, 1 drivers
v0x5cb17e8a3a30_0 .net "Y", 0 0, L_0x5cb17e8b7e60;  alias, 1 drivers
v0x5cb17e8a3b00_0 .net *"_ivl_0", 0 0, L_0x5cb17e8b7dd0;  1 drivers
S_0x5cb17e8a3c20 .scope module, "_115_" "NOR" 5 332, 2 19 0, S_0x5cb17e883310;
 .timescale 0 0;
    .port_info 0 /INPUT 1 "A";
    .port_info 1 /INPUT 1 "B";
    .port_info 2 /OUTPUT 1 "Y";
L_0x5cb17e8b7ef0 .functor OR 1, L_0x5cb17e8b4580, L_0x5cb17e8b7e60, C4<0>, C4<0>;
L_0x5cb17e8b80a0 .functor NOT 1, L_0x5cb17e8b7ef0, C4<0>, C4<0>, C4<0>;
v0x5cb17e8a3e50_0 .net "A", 0 0, L_0x5cb17e8b4580;  alias, 1 drivers
v0x5cb17e8a3f40_0 .net "B", 0 0, L_0x5cb17e8b7e60;  alias, 1 drivers
v0x5cb17e8a4010_0 .net "Y", 0 0, L_0x5cb17e8b80a0;  alias, 1 drivers
v0x5cb17e8a40e0_0 .net *"_ivl_0", 0 0, L_0x5cb17e8b7ef0;  1 drivers
S_0x5cb17e8a4200 .scope module, "_116_" "NOR" 5 337, 2 19 0, S_0x5cb17e883310;
 .timescale 0 0;
    .port_info 0 /INPUT 1 "A";
    .port_info 1 /INPUT 1 "B";
    .port_info 2 /OUTPUT 1 "Y";
L_0x5cb17e8b8130 .functor OR 1, L_0x5cb17e8b41f0, L_0x5cb17e8b63b0, C4<0>, C4<0>;
L_0x5cb17e8b8250 .functor NOT 1, L_0x5cb17e8b8130, C4<0>, C4<0>, C4<0>;
v0x5cb17e8a4430_0 .net "A", 0 0, L_0x5cb17e8b41f0;  alias, 1 drivers
v0x5cb17e8a4520_0 .net "B", 0 0, L_0x5cb17e8b63b0;  alias, 1 drivers
v0x5cb17e8a4610_0 .net "Y", 0 0, L_0x5cb17e8b8250;  alias, 1 drivers
v0x5cb17e8a46b0_0 .net *"_ivl_0", 0 0, L_0x5cb17e8b8130;  1 drivers
S_0x5cb17e8a47f0 .scope module, "_117_" "NOR" 5 342, 2 19 0, S_0x5cb17e883310;
 .timescale 0 0;
    .port_info 0 /INPUT 1 "A";
    .port_info 1 /INPUT 1 "B";
    .port_info 2 /OUTPUT 1 "Y";
L_0x5cb17e8b82e0 .functor OR 1, L_0x5cb17e8b80a0, L_0x5cb17e8b8250, C4<0>, C4<0>;
L_0x5cb17e8b8490 .functor NOT 1, L_0x5cb17e8b82e0, C4<0>, C4<0>, C4<0>;
v0x5cb17e8a4a20_0 .net "A", 0 0, L_0x5cb17e8b80a0;  alias, 1 drivers
v0x5cb17e8a4b10_0 .net "B", 0 0, L_0x5cb17e8b8250;  alias, 1 drivers
v0x5cb17e8a4be0_0 .net "Y", 0 0, L_0x5cb17e8b8490;  alias, 1 drivers
v0x5cb17e8a4cb0_0 .net *"_ivl_0", 0 0, L_0x5cb17e8b82e0;  1 drivers
S_0x5cb17e8a4dd0 .scope module, "_118_" "NOT" 5 347, 2 7 0, S_0x5cb17e883310;
 .timescale 0 0;
    .port_info 0 /INPUT 1 "A";
    .port_info 1 /OUTPUT 1 "Y";
L_0x5cb17e8b8520 .functor NOT 1, L_0x5cb17e8b8490, C4<0>, C4<0>, C4<0>;
v0x5cb17e8a4ff0_0 .net "A", 0 0, L_0x5cb17e8b8490;  alias, 1 drivers
v0x5cb17e8a50e0_0 .net "Y", 0 0, L_0x5cb17e8b8520;  alias, 1 drivers
S_0x5cb17e8a51e0 .scope module, "_119_" "NOR" 5 351, 2 19 0, S_0x5cb17e883310;
 .timescale 0 0;
    .port_info 0 /INPUT 1 "A";
    .port_info 1 /INPUT 1 "B";
    .port_info 2 /OUTPUT 1 "Y";
L_0x5cb17e8b85d0 .functor OR 1, L_0x5cb17e868f00, L_0x5cb17e8b8520, C4<0>, C4<0>;
L_0x5cb17e8b86f0 .functor NOT 1, L_0x5cb17e8b85d0, C4<0>, C4<0>, C4<0>;
v0x5cb17e8a5410_0 .net "A", 0 0, L_0x5cb17e868f00;  alias, 1 drivers
v0x5cb17e8a5500_0 .net "B", 0 0, L_0x5cb17e8b8520;  alias, 1 drivers
v0x5cb17e8a55d0_0 .net "Y", 0 0, L_0x5cb17e8b86f0;  alias, 1 drivers
v0x5cb17e8a56a0_0 .net *"_ivl_0", 0 0, L_0x5cb17e8b85d0;  1 drivers
S_0x5cb17e8a57c0 .scope module, "_120_" "NAND" 5 356, 2 13 0, S_0x5cb17e883310;
 .timescale 0 0;
    .port_info 0 /INPUT 1 "A";
    .port_info 1 /INPUT 1 "B";
    .port_info 2 /OUTPUT 1 "Y";
L_0x5cb17e8b8780 .functor AND 1, L_0x5cb17e86a000, L_0x5cb17e8b63b0, C4<1>, C4<1>;
L_0x5cb17e8b8920 .functor NOT 1, L_0x5cb17e8b8780, C4<0>, C4<0>, C4<0>;
v0x5cb17e8a59f0_0 .net "A", 0 0, L_0x5cb17e86a000;  alias, 1 drivers
v0x5cb17e8a5b00_0 .net "B", 0 0, L_0x5cb17e8b63b0;  alias, 1 drivers
v0x5cb17e8a5bc0_0 .net "Y", 0 0, L_0x5cb17e8b8920;  alias, 1 drivers
v0x5cb17e8a5c60_0 .net *"_ivl_0", 0 0, L_0x5cb17e8b8780;  1 drivers
S_0x5cb17e8a5da0 .scope module, "_121_" "NAND" 5 361, 2 13 0, S_0x5cb17e883310;
 .timescale 0 0;
    .port_info 0 /INPUT 1 "A";
    .port_info 1 /INPUT 1 "B";
    .port_info 2 /OUTPUT 1 "Y";
L_0x5cb17e8b89b0 .functor AND 1, L_0x5cb17e868f00, L_0x5cb17e8b8920, C4<1>, C4<1>;
L_0x5cb17e8b8a40 .functor NOT 1, L_0x5cb17e8b89b0, C4<0>, C4<0>, C4<0>;
v0x5cb17e8a5fd0_0 .net "A", 0 0, L_0x5cb17e868f00;  alias, 1 drivers
v0x5cb17e8a60e0_0 .net "B", 0 0, L_0x5cb17e8b8920;  alias, 1 drivers
v0x5cb17e8a61a0_0 .net "Y", 0 0, L_0x5cb17e8b8a40;  alias, 1 drivers
v0x5cb17e8a6270_0 .net *"_ivl_0", 0 0, L_0x5cb17e8b89b0;  1 drivers
S_0x5cb17e8a6390 .scope module, "_122_" "NAND" 5 366, 2 13 0, S_0x5cb17e883310;
 .timescale 0 0;
    .port_info 0 /INPUT 1 "A";
    .port_info 1 /INPUT 1 "B";
    .port_info 2 /OUTPUT 1 "Y";
L_0x5cb17e8b8ad0 .functor AND 1, L_0x5cb17e8b2dc0, L_0x5cb17e8b8a40, C4<1>, C4<1>;
L_0x5cb17e8b8bf0 .functor NOT 1, L_0x5cb17e8b8ad0, C4<0>, C4<0>, C4<0>;
v0x5cb17e8a65c0_0 .net "A", 0 0, L_0x5cb17e8b2dc0;  alias, 1 drivers
v0x5cb17e8a66b0_0 .net "B", 0 0, L_0x5cb17e8b8a40;  alias, 1 drivers
v0x5cb17e8a6780_0 .net "Y", 0 0, L_0x5cb17e8b8bf0;  alias, 1 drivers
v0x5cb17e8a6850_0 .net *"_ivl_0", 0 0, L_0x5cb17e8b8ad0;  1 drivers
S_0x5cb17e8a6970 .scope module, "_123_" "NOR" 5 371, 2 19 0, S_0x5cb17e883310;
 .timescale 0 0;
    .port_info 0 /INPUT 1 "A";
    .port_info 1 /INPUT 1 "B";
    .port_info 2 /OUTPUT 1 "Y";
L_0x5cb17e8b8c80 .functor OR 1, L_0x5cb17e8b86f0, L_0x5cb17e8b8bf0, C4<0>, C4<0>;
L_0x5cb17e8b8e30 .functor NOT 1, L_0x5cb17e8b8c80, C4<0>, C4<0>, C4<0>;
v0x5cb17e8a6ba0_0 .net "A", 0 0, L_0x5cb17e8b86f0;  alias, 1 drivers
v0x5cb17e8a6c90_0 .net "B", 0 0, L_0x5cb17e8b8bf0;  alias, 1 drivers
v0x5cb17e8a6d60_0 .net "Y", 0 0, L_0x5cb17e8b8e30;  alias, 1 drivers
v0x5cb17e8a6e30_0 .net *"_ivl_0", 0 0, L_0x5cb17e8b8c80;  1 drivers
S_0x5cb17e8a6f50 .scope module, "_124_" "NOR" 5 376, 2 19 0, S_0x5cb17e883310;
 .timescale 0 0;
    .port_info 0 /INPUT 1 "A";
    .port_info 1 /INPUT 1 "B";
    .port_info 2 /OUTPUT 1 "Y";
L_0x5cb17e8b8ec0 .functor OR 1, L_0x5cb17e869630, L_0x5cb17e8b8490, C4<0>, C4<0>;
L_0x5cb17e8b8fe0 .functor NOT 1, L_0x5cb17e8b8ec0, C4<0>, C4<0>, C4<0>;
v0x5cb17e8a7180_0 .net "A", 0 0, L_0x5cb17e869630;  alias, 1 drivers
v0x5cb17e8a7270_0 .net "B", 0 0, L_0x5cb17e8b8490;  alias, 1 drivers
v0x5cb17e8a7360_0 .net "Y", 0 0, L_0x5cb17e8b8fe0;  alias, 1 drivers
v0x5cb17e8a7400_0 .net *"_ivl_0", 0 0, L_0x5cb17e8b8ec0;  1 drivers
S_0x5cb17e8a7540 .scope module, "_125_" "NOR" 5 381, 2 19 0, S_0x5cb17e883310;
 .timescale 0 0;
    .port_info 0 /INPUT 1 "A";
    .port_info 1 /INPUT 1 "B";
    .port_info 2 /OUTPUT 1 "Y";
L_0x5cb17e8b9070 .functor OR 1, L_0x5cb17e8b7b90, L_0x5cb17e8b8920, C4<0>, C4<0>;
L_0x5cb17e8b9190 .functor NOT 1, L_0x5cb17e8b9070, C4<0>, C4<0>, C4<0>;
v0x5cb17e8a7770_0 .net "A", 0 0, L_0x5cb17e8b7b90;  alias, 1 drivers
v0x5cb17e8a7860_0 .net "B", 0 0, L_0x5cb17e8b8920;  alias, 1 drivers
v0x5cb17e8a7950_0 .net "Y", 0 0, L_0x5cb17e8b9190;  alias, 1 drivers
v0x5cb17e8a79f0_0 .net *"_ivl_0", 0 0, L_0x5cb17e8b9070;  1 drivers
S_0x5cb17e8a7b30 .scope module, "_126_" "NOR" 5 386, 2 19 0, S_0x5cb17e883310;
 .timescale 0 0;
    .port_info 0 /INPUT 1 "A";
    .port_info 1 /INPUT 1 "B";
    .port_info 2 /OUTPUT 1 "Y";
L_0x5cb17e8b9220 .functor OR 1, L_0x5cb17e8b8fe0, L_0x5cb17e8b9190, C4<0>, C4<0>;
L_0x5cb17e8b93d0 .functor NOT 1, L_0x5cb17e8b9220, C4<0>, C4<0>, C4<0>;
v0x5cb17e8a7d60_0 .net "A", 0 0, L_0x5cb17e8b8fe0;  alias, 1 drivers
v0x5cb17e8a7e50_0 .net "B", 0 0, L_0x5cb17e8b9190;  alias, 1 drivers
v0x5cb17e8a7f20_0 .net "Y", 0 0, L_0x5cb17e8b93d0;  alias, 1 drivers
v0x5cb17e8a7ff0_0 .net *"_ivl_0", 0 0, L_0x5cb17e8b9220;  1 drivers
S_0x5cb17e8a8110 .scope module, "_127_" "NOR" 5 391, 2 19 0, S_0x5cb17e883310;
 .timescale 0 0;
    .port_info 0 /INPUT 1 "A";
    .port_info 1 /INPUT 1 "B";
    .port_info 2 /OUTPUT 1 "Y";
L_0x5cb17e8b9460 .functor OR 1, L_0x5cb17e8b9560, L_0x5cb17e8b96f0, C4<0>, C4<0>;
L_0x5cb17e8b94f0 .functor NOT 1, L_0x5cb17e8b9460, C4<0>, C4<0>, C4<0>;
v0x5cb17e8a8340_0 .net "A", 0 0, L_0x5cb17e8b9560;  1 drivers
v0x5cb17e8a8420_0 .net "B", 0 0, L_0x5cb17e8b96f0;  1 drivers
v0x5cb17e8a84e0_0 .net "Y", 0 0, L_0x5cb17e8b94f0;  alias, 1 drivers
v0x5cb17e8a85b0_0 .net *"_ivl_0", 0 0, L_0x5cb17e8b9460;  1 drivers
S_0x5cb17e8a8710 .scope module, "_128_" "NOR" 5 396, 2 19 0, S_0x5cb17e883310;
 .timescale 0 0;
    .port_info 0 /INPUT 1 "A";
    .port_info 1 /INPUT 1 "B";
    .port_info 2 /OUTPUT 1 "Y";
L_0x5cb17e8b9790 .functor OR 1, v0x5cb17e882fb0_0, L_0x5cb17e8b94f0, C4<0>, C4<0>;
L_0x5cb17e8b9890 .functor NOT 1, L_0x5cb17e8b9790, C4<0>, C4<0>, C4<0>;
v0x5cb17e8a8940_0 .net "A", 0 0, v0x5cb17e882fb0_0;  alias, 1 drivers
v0x5cb17e8a8a00_0 .net "B", 0 0, L_0x5cb17e8b94f0;  alias, 1 drivers
v0x5cb17e8a8af0_0 .net "Y", 0 0, L_0x5cb17e8b9890;  alias, 1 drivers
v0x5cb17e8a8bc0_0 .net *"_ivl_0", 0 0, L_0x5cb17e8b9790;  1 drivers
S_0x5cb17e8a8ce0 .scope module, "_129_" "NOT" 5 401, 2 7 0, S_0x5cb17e883310;
 .timescale 0 0;
    .port_info 0 /INPUT 1 "A";
    .port_info 1 /OUTPUT 1 "Y";
L_0x5cb17e8b9920 .functor NOT 1, L_0x5cb17e8b9890, C4<0>, C4<0>, C4<0>;
v0x5cb17e8a8eb0_0 .net "A", 0 0, L_0x5cb17e8b9890;  alias, 1 drivers
v0x5cb17e8a8fa0_0 .net "Y", 0 0, L_0x5cb17e8b9920;  alias, 1 drivers
S_0x5cb17e8a90a0 .scope module, "_130_" "NOR" 5 405, 2 19 0, S_0x5cb17e883310;
 .timescale 0 0;
    .port_info 0 /INPUT 1 "A";
    .port_info 1 /INPUT 1 "B";
    .port_info 2 /OUTPUT 1 "Y";
L_0x5cb17e8b9a60 .functor OR 1, L_0x5cb17e8b93d0, L_0x5cb17e8b9920, C4<0>, C4<0>;
L_0x5cb17e8b9c10 .functor NOT 1, L_0x5cb17e8b9a60, C4<0>, C4<0>, C4<0>;
v0x5cb17e8a96e0_0 .net "A", 0 0, L_0x5cb17e8b93d0;  alias, 1 drivers
v0x5cb17e8a97d0_0 .net "B", 0 0, L_0x5cb17e8b9920;  alias, 1 drivers
v0x5cb17e8a98a0_0 .net "Y", 0 0, L_0x5cb17e8b9c10;  alias, 1 drivers
v0x5cb17e8a9970_0 .net *"_ivl_0", 0 0, L_0x5cb17e8b9a60;  1 drivers
S_0x5cb17e8a9a90 .scope module, "_131_" "NAND" 5 410, 2 13 0, S_0x5cb17e883310;
 .timescale 0 0;
    .port_info 0 /INPUT 1 "A";
    .port_info 1 /INPUT 1 "B";
    .port_info 2 /OUTPUT 1 "Y";
L_0x5cb17e8b9ca0 .functor AND 1, L_0x5cb17e8b9da0, L_0x5cb17e8b2dc0, C4<1>, C4<1>;
L_0x5cb17e8b9d30 .functor NOT 1, L_0x5cb17e8b9ca0, C4<0>, C4<0>, C4<0>;
v0x5cb17e8a9cc0_0 .net "A", 0 0, L_0x5cb17e8b9da0;  1 drivers
v0x5cb17e8a9da0_0 .net "B", 0 0, L_0x5cb17e8b2dc0;  alias, 1 drivers
v0x5cb17e8a9eb0_0 .net "Y", 0 0, L_0x5cb17e8b9d30;  alias, 1 drivers
v0x5cb17e8a9f50_0 .net *"_ivl_0", 0 0, L_0x5cb17e8b9ca0;  1 drivers
S_0x5cb17e8aa090 .scope module, "_132_" "NOR" 5 415, 2 19 0, S_0x5cb17e883310;
 .timescale 0 0;
    .port_info 0 /INPUT 1 "A";
    .port_info 1 /INPUT 1 "B";
    .port_info 2 /OUTPUT 1 "Y";
L_0x5cb17e8ba050 .functor OR 1, L_0x5cb17e8b8490, L_0x5cb17e8b9d30, C4<0>, C4<0>;
L_0x5cb17e8ba1f0 .functor NOT 1, L_0x5cb17e8ba050, C4<0>, C4<0>, C4<0>;
v0x5cb17e8aa2c0_0 .net "A", 0 0, L_0x5cb17e8b8490;  alias, 1 drivers
v0x5cb17e8aa380_0 .net "B", 0 0, L_0x5cb17e8b9d30;  alias, 1 drivers
v0x5cb17e8aa470_0 .net "Y", 0 0, L_0x5cb17e8ba1f0;  alias, 1 drivers
v0x5cb17e8aa540_0 .net *"_ivl_0", 0 0, L_0x5cb17e8ba050;  1 drivers
S_0x5cb17e8aa660 .scope module, "_133_" "NOR" 5 420, 2 19 0, S_0x5cb17e883310;
 .timescale 0 0;
    .port_info 0 /INPUT 1 "A";
    .port_info 1 /INPUT 1 "B";
    .port_info 2 /OUTPUT 1 "Y";
L_0x5cb17e8ba280 .functor OR 1, L_0x5cb17e8ba380, L_0x5cb17e8b6760, C4<0>, C4<0>;
L_0x5cb17e8ba310 .functor NOT 1, L_0x5cb17e8ba280, C4<0>, C4<0>, C4<0>;
v0x5cb17e8aa890_0 .net "A", 0 0, L_0x5cb17e8ba380;  1 drivers
v0x5cb17e8aa970_0 .net "B", 0 0, L_0x5cb17e8b6760;  alias, 1 drivers
v0x5cb17e8aaa80_0 .net "Y", 0 0, L_0x5cb17e8ba310;  alias, 1 drivers
v0x5cb17e8aab50_0 .net *"_ivl_0", 0 0, L_0x5cb17e8ba280;  1 drivers
S_0x5cb17e8aac50 .scope module, "_134_" "NAND" 5 425, 2 13 0, S_0x5cb17e883310;
 .timescale 0 0;
    .port_info 0 /INPUT 1 "A";
    .port_info 1 /INPUT 1 "B";
    .port_info 2 /OUTPUT 1 "Y";
L_0x5cb17e8ba470 .functor AND 1, L_0x5cb17e8b3e20, L_0x5cb17e8b7cb0, C4<1>, C4<1>;
L_0x5cb17e8ba590 .functor NOT 1, L_0x5cb17e8ba470, C4<0>, C4<0>, C4<0>;
v0x5cb17e8aae80_0 .net "A", 0 0, L_0x5cb17e8b3e20;  alias, 1 drivers
v0x5cb17e8aaf70_0 .net "B", 0 0, L_0x5cb17e8b7cb0;  alias, 1 drivers
v0x5cb17e8ab060_0 .net "Y", 0 0, L_0x5cb17e8ba590;  alias, 1 drivers
v0x5cb17e8ab100_0 .net *"_ivl_0", 0 0, L_0x5cb17e8ba470;  1 drivers
S_0x5cb17e8ab240 .scope module, "_135_" "NOR" 5 430, 2 19 0, S_0x5cb17e883310;
 .timescale 0 0;
    .port_info 0 /INPUT 1 "A";
    .port_info 1 /INPUT 1 "B";
    .port_info 2 /OUTPUT 1 "Y";
L_0x5cb17e8ba620 .functor OR 1, L_0x5cb17e8b6040, L_0x5cb17e8ba590, C4<0>, C4<0>;
L_0x5cb17e8ba7c0 .functor NOT 1, L_0x5cb17e8ba620, C4<0>, C4<0>, C4<0>;
v0x5cb17e8ab470_0 .net "A", 0 0, L_0x5cb17e8b6040;  alias, 1 drivers
v0x5cb17e8ab530_0 .net "B", 0 0, L_0x5cb17e8ba590;  alias, 1 drivers
v0x5cb17e8ab620_0 .net "Y", 0 0, L_0x5cb17e8ba7c0;  alias, 1 drivers
v0x5cb17e8ab720_0 .net *"_ivl_0", 0 0, L_0x5cb17e8ba620;  1 drivers
S_0x5cb17e8ab800 .scope module, "_136_" "DFF" 5 436, 2 25 0, S_0x5cb17e883310;
 .timescale 0 0;
    .port_info 0 /INPUT 1 "C";
    .port_info 1 /INPUT 1 "D";
    .port_info 2 /OUTPUT 1 "Q";
v0x5cb17e8abb70_0 .net "C", 0 0, v0x5cb17e86b250_0;  alias, 1 drivers
v0x5cb17e8abc30_0 .net "D", 0 0, L_0x5cb17e8b6680;  alias, 1 drivers
v0x5cb17e8abcd0_0 .var "Q", 0 0;
E_0x5cb17e8abaa0 .event posedge, v0x5cb17e86b250_0;
S_0x5cb17e8abde0 .scope module, "_137_" "DFF" 5 442, 2 25 0, S_0x5cb17e883310;
 .timescale 0 0;
    .port_info 0 /INPUT 1 "C";
    .port_info 1 /INPUT 1 "D";
    .port_info 2 /OUTPUT 1 "Q";
v0x5cb17e8ac0d0_0 .net "C", 0 0, v0x5cb17e86b250_0;  alias, 1 drivers
v0x5cb17e8ac1e0_0 .net "D", 0 0, L_0x5cb17e8b76c0;  alias, 1 drivers
v0x5cb17e8ac2a0_0 .var "Q", 0 0;
S_0x5cb17e8ac380 .scope module, "_138_" "DFF" 5 448, 2 25 0, S_0x5cb17e883310;
 .timescale 0 0;
    .port_info 0 /INPUT 1 "C";
    .port_info 1 /INPUT 1 "D";
    .port_info 2 /OUTPUT 1 "Q";
v0x5cb17e8ac600_0 .net "C", 0 0, v0x5cb17e86b250_0;  alias, 1 drivers
L_0x780ef1442018 .functor BUFT 1, C4<0>, C4<0>, C4<0>, C4<0>;
v0x5cb17e8ac6c0_0 .net "D", 0 0, L_0x780ef1442018;  1 drivers
v0x5cb17e8ac780_0 .var "Q", 0 0;
S_0x5cb17e8ac8a0 .scope module, "_139_" "DFF" 5 454, 2 25 0, S_0x5cb17e883310;
 .timescale 0 0;
    .port_info 0 /INPUT 1 "C";
    .port_info 1 /INPUT 1 "D";
    .port_info 2 /OUTPUT 1 "Q";
v0x5cb17e8acb20_0 .net "C", 0 0, v0x5cb17e86b250_0;  alias, 1 drivers
v0x5cb17e8acc70_0 .net "D", 0 0, L_0x5cb17e8b8e30;  alias, 1 drivers
v0x5cb17e8acd30_0 .var "Q", 0 0;
S_0x5cb17e8ace10 .scope module, "_140_" "DFF" 5 460, 2 25 0, S_0x5cb17e883310;
 .timescale 0 0;
    .port_info 0 /INPUT 1 "C";
    .port_info 1 /INPUT 1 "D";
    .port_info 2 /OUTPUT 1 "Q";
v0x5cb17e8ad070_0 .net "C", 0 0, v0x5cb17e86b250_0;  alias, 1 drivers
v0x5cb17e8ad130_0 .net "D", 0 0, L_0x5cb17e8b9c10;  alias, 1 drivers
v0x5cb17e8ad1f0_0 .var "Q", 0 0;
S_0x5cb17e8ad2d0 .scope module, "_141_" "DFF" 5 466, 2 25 0, S_0x5cb17e883310;
 .timescale 0 0;
    .port_info 0 /INPUT 1 "C";
    .port_info 1 /INPUT 1 "D";
    .port_info 2 /OUTPUT 1 "Q";
v0x5cb17e8ad580_0 .net "C", 0 0, v0x5cb17e86b250_0;  alias, 1 drivers
v0x5cb17e8ad640_0 .net "D", 0 0, L_0x5cb17e8ba1f0;  alias, 1 drivers
v0x5cb17e8ad700_0 .var "Q", 0 0;
    .scope S_0x5cb17e8ab800;
T_0 ;
    %wait E_0x5cb17e8abaa0;
    %load/vec4 v0x5cb17e8abc30_0;
    %assign/vec4 v0x5cb17e8abcd0_0, 0;
    %jmp T_0;
    .thread T_0;
    .scope S_0x5cb17e8abde0;
T_1 ;
    %wait E_0x5cb17e8abaa0;
    %load/vec4 v0x5cb17e8ac1e0_0;
    %assign/vec4 v0x5cb17e8ac2a0_0, 0;
    %jmp T_1;
    .thread T_1;
    .scope S_0x5cb17e8ac380;
T_2 ;
    %wait E_0x5cb17e8abaa0;
    %load/vec4 v0x5cb17e8ac6c0_0;
    %assign/vec4 v0x5cb17e8ac780_0, 0;
    %jmp T_2;
    .thread T_2;
    .scope S_0x5cb17e8ac8a0;
T_3 ;
    %wait E_0x5cb17e8abaa0;
    %load/vec4 v0x5cb17e8acc70_0;
    %assign/vec4 v0x5cb17e8acd30_0, 0;
    %jmp T_3;
    .thread T_3;
    .scope S_0x5cb17e8ace10;
T_4 ;
    %wait E_0x5cb17e8abaa0;
    %load/vec4 v0x5cb17e8ad130_0;
    %assign/vec4 v0x5cb17e8ad1f0_0, 0;
    %jmp T_4;
    .thread T_4;
    .scope S_0x5cb17e8ad2d0;
T_5 ;
    %wait E_0x5cb17e8abaa0;
    %load/vec4 v0x5cb17e8ad640_0;
    %assign/vec4 v0x5cb17e8ad700_0, 0;
    %jmp T_5;
    .thread T_5;
    .scope S_0x5cb17e882b70;
T_6 ;
    %pushi/vec4 0, 0, 1;
    %store/vec4 v0x5cb17e86b250_0, 0, 1;
    %pushi/vec4 0, 0, 1;
    %store/vec4 v0x5cb17e882fb0_0, 0, 1;
    %pushi/vec4 0, 0, 1;
    %store/vec4 v0x5cb17e883070_0, 0, 1;
    %pushi/vec4 0, 0, 1;
    %store/vec4 v0x5cb17e883130_0, 0, 1;
    %delay 5, 0;
    %pushi/vec4 1, 0, 1;
    %store/vec4 v0x5cb17e882fb0_0, 0, 1;
    %delay 10, 0;
    %pushi/vec4 0, 0, 1;
    %store/vec4 v0x5cb17e882fb0_0, 0, 1;
    %vpi_call 4 33 "$display", "Prueba #1: Funcionamiento normal b\303\241sico" {0 0 0};
    %delay 10, 0;
    %pushi/vec4 1, 0, 1;
    %store/vec4 v0x5cb17e883070_0, 0, 1;
    %delay 10, 0;
    %pushi/vec4 73, 0, 8;
    %store/vec4 v0x5cb17e882ed0_0, 0, 8;
    %vpi_call 4 36 "$display", "Esperando que la compuerta se abra..." {0 0 0};
    %delay 10, 0;
    %pushi/vec4 0, 0, 1;
    %store/vec4 v0x5cb17e883070_0, 0, 1;
    %delay 10, 0;
    %pushi/vec4 1, 0, 1;
    %store/vec4 v0x5cb17e883130_0, 0, 1;
    %vpi_call 4 39 "$display", "Esperando que la compuerta se cierre..." {0 0 0};
    %delay 10, 0;
    %pushi/vec4 0, 0, 1;
    %store/vec4 v0x5cb17e883130_0, 0, 1;
    %vpi_call 4 44 "$display", "Prueba #2: Ingreso de PIN incorrecto menos de 3 veces" {0 0 0};
    %delay 20, 0;
    %pushi/vec4 1, 0, 1;
    %store/vec4 v0x5cb17e883070_0, 0, 1;
    %vpi_call 4 46 "$display", "Esperando contrase\303\261a..." {0 0 0};
    %delay 10, 0;
    %pushi/vec4 170, 0, 8;
    %store/vec4 v0x5cb17e882ed0_0, 0, 8;
    %vpi_call 4 48 "$display", "Esperando contrase\303\261a..." {0 0 0};
    %delay 10, 0;
    %pushi/vec4 236, 0, 8;
    %store/vec4 v0x5cb17e882ed0_0, 0, 8;
    %vpi_call 4 50 "$display", "Esperando contrase\303\261a..." {0 0 0};
    %delay 10, 0;
    %pushi/vec4 73, 0, 8;
    %store/vec4 v0x5cb17e882ed0_0, 0, 8;
    %vpi_call 4 53 "$display", "Esperando que la compuerta se abra..." {0 0 0};
    %delay 10, 0;
    %pushi/vec4 0, 0, 1;
    %store/vec4 v0x5cb17e883070_0, 0, 1;
    %delay 10, 0;
    %pushi/vec4 1, 0, 1;
    %store/vec4 v0x5cb17e883130_0, 0, 1;
    %vpi_call 4 57 "$display", "Esperando que la compuerta se cierre..." {0 0 0};
    %delay 10, 0;
    %pushi/vec4 0, 0, 1;
    %store/vec4 v0x5cb17e883130_0, 0, 1;
    %vpi_call 4 61 "$display", "Prueba #3: Ingreso de pin incorrecto 3 veces" {0 0 0};
    %delay 10, 0;
    %pushi/vec4 1, 0, 1;
    %store/vec4 v0x5cb17e883070_0, 0, 1;
    %delay 10, 0;
    %pushi/vec4 170, 0, 8;
    %store/vec4 v0x5cb17e882ed0_0, 0, 8;
    %delay 10, 0;
    %pushi/vec4 204, 0, 8;
    %store/vec4 v0x5cb17e882ed0_0, 0, 8;
    %delay 10, 0;
    %pushi/vec4 240, 0, 8;
    %store/vec4 v0x5cb17e882ed0_0, 0, 8;
    %delay 20, 0;
    %pushi/vec4 73, 0, 8;
    %store/vec4 v0x5cb17e882ed0_0, 0, 8;
    %vpi_call 4 67 "$display", "Esperando que la compuerta se abra..." {0 0 0};
    %delay 10, 0;
    %pushi/vec4 0, 0, 1;
    %store/vec4 v0x5cb17e883070_0, 0, 1;
    %delay 10, 0;
    %pushi/vec4 1, 0, 1;
    %store/vec4 v0x5cb17e883130_0, 0, 1;
    %vpi_call 4 70 "$display", "Esperando que la compuerta se cierre..." {0 0 0};
    %delay 10, 0;
    %pushi/vec4 0, 0, 1;
    %store/vec4 v0x5cb17e883130_0, 0, 1;
    %vpi_call 4 74 "$display", "Prueba #4: alarma de bloqueo" {0 0 0};
    %delay 10, 0;
    %pushi/vec4 1, 0, 1;
    %store/vec4 v0x5cb17e883130_0, 0, 1;
    %delay 10, 0;
    %pushi/vec4 1, 0, 1;
    %store/vec4 v0x5cb17e883070_0, 0, 1;
    %delay 10, 0;
    %pushi/vec4 170, 0, 8;
    %store/vec4 v0x5cb17e882ed0_0, 0, 8;
    %delay 10, 0;
    %pushi/vec4 204, 0, 8;
    %store/vec4 v0x5cb17e882ed0_0, 0, 8;
    %delay 10, 0;
    %pushi/vec4 73, 0, 8;
    %store/vec4 v0x5cb17e882ed0_0, 0, 8;
    %vpi_call 4 80 "$display", "Esperando que la compuerta se abra..." {0 0 0};
    %delay 10, 0;
    %pushi/vec4 0, 0, 1;
    %store/vec4 v0x5cb17e883070_0, 0, 1;
    %delay 10, 0;
    %pushi/vec4 1, 0, 1;
    %store/vec4 v0x5cb17e883130_0, 0, 1;
    %vpi_call 4 83 "$display", "Esperando que la compuerta se cierre..." {0 0 0};
    %delay 10, 0;
    %pushi/vec4 0, 0, 1;
    %store/vec4 v0x5cb17e883130_0, 0, 1;
    %delay 400, 0;
    %vpi_call 4 85 "$finish" {0 0 0};
    %end;
    .thread T_6;
    .scope S_0x5cb17e882b70;
T_7 ;
    %delay 5, 0;
    %load/vec4 v0x5cb17e86b250_0;
    %inv;
    %store/vec4 v0x5cb17e86b250_0, 0, 1;
    %jmp T_7;
    .thread T_7;
    .scope S_0x5cb17e866e10;
T_8 ;
    %vpi_call 3 17 "$dumpfile", "resultados.vcd" {0 0 0};
    %vpi_call 3 18 "$dumpvars", 32'sb11111111111111111111111111111111, S_0x5cb17e883310 {0 0 0};
    %vpi_call 3 19 "$monitor", "sensor_entrance=%b,sensor_exit=%b,gate_open=%b,gate_close=%b,alarm_pin=%b, alarm_block=%b", v0x5cb17e8b2470_0, v0x5cb17e8b2510_0, v0x5cb17e8b2240_0, v0x5cb17e8b21a0_0, v0x5cb17e8b2040_0, v0x5cb17e8b1f80_0 {0 0 0};
    %end;
    .thread T_8;
# The file index is used to find the file name in the following table.
:file_names 6;
    "N/A";
    "<interactive>";
    "./cmos_cells.v";
    "testbench.v";
    "./tester.v";
    "./controller_synth_cmos.v";
