#! /usr/bin/vvp
:ivl_version "11.0 (stable)";
:ivl_delay_selection "TYPICAL";
:vpi_time_precision + 0;
:vpi_module "/usr/lib/x86_64-linux-gnu/ivl/system.vpi";
:vpi_module "/usr/lib/x86_64-linux-gnu/ivl/vhdl_sys.vpi";
:vpi_module "/usr/lib/x86_64-linux-gnu/ivl/vhdl_textio.vpi";
:vpi_module "/usr/lib/x86_64-linux-gnu/ivl/v2005_math.vpi";
:vpi_module "/usr/lib/x86_64-linux-gnu/ivl/va_math.vpi";
S_0x5d31977d2360 .scope module, "controller_tb" "controller_tb" 2 6;
 .timescale 0 0;
v0x5d31977fc4e0_0 .net "ADVERTENCIA", 0 0, v0x5d31977fafc0_0;  1 drivers
v0x5d31977fc5a0_0 .net "BALANCE_ACTUALIZADO", 0 0, v0x5d31977fb140_0;  1 drivers
v0x5d31977fc6b0_0 .net "BLOQUEO", 0 0, v0x5d31977fb240_0;  1 drivers
v0x5d31977fc7a0_0 .net "CLK", 0 0, v0x5d31977f9d70_0;  1 drivers
v0x5d31977fc890_0 .net "DIGITO", 3 0, v0x5d31977f9e30_0;  1 drivers
v0x5d31977fc9d0_0 .net "DIGITO_STB", 0 0, v0x5d31977f9f60_0;  1 drivers
v0x5d31977fcac0_0 .net "ENTREGAR_DINERO", 0 0, v0x5d31977fb5a0_0;  1 drivers
v0x5d31977fcbb0_0 .net "FONDOS_INSUFICIENTES", 0 0, v0x5d31977fb670_0;  1 drivers
v0x5d31977fcca0_0 .net "MONTO", 31 0, v0x5d31977fa1a0_0;  1 drivers
v0x5d31977fcd40_0 .net "MONTO_STB", 0 0, v0x5d31977fa280_0;  1 drivers
v0x5d31977fce30_0 .net "PIN", 15 0, v0x5d31977fa340_0;  1 drivers
v0x5d31977fcf40_0 .net "PIN_INCORRECTO", 0 0, v0x5d31977fbb80_0;  1 drivers
v0x5d31977fd030_0 .net "RESET", 0 0, v0x5d31977fa4e0_0;  1 drivers
v0x5d31977fd120_0 .net "TARJETA_RECIBIDA", 0 0, v0x5d31977fa5a0_0;  1 drivers
v0x5d31977fd210_0 .net "TIPO_TRANS", 0 0, v0x5d31977fa660_0;  1 drivers
S_0x5d31977d24f0 .scope module, "P0" "tester" 2 49, 3 1 0, S_0x5d31977d2360;
 .timescale 0 0;
    .port_info 0 /OUTPUT 1 "CLK";
    .port_info 1 /OUTPUT 1 "RESET";
    .port_info 2 /OUTPUT 1 "TARJETA_RECIBIDA";
    .port_info 3 /OUTPUT 16 "PIN";
    .port_info 4 /OUTPUT 4 "DIGITO";
    .port_info 5 /OUTPUT 1 "DIGITO_STB";
    .port_info 6 /INPUT 1 "PIN_INCORRECTO";
    .port_info 7 /INPUT 1 "ADVERTENCIA";
    .port_info 8 /INPUT 1 "BLOQUEO";
    .port_info 9 /OUTPUT 1 "TIPO_TRANS";
    .port_info 10 /OUTPUT 32 "MONTO";
    .port_info 11 /INPUT 1 "BALANCE_ACTUALIZADO";
    .port_info 12 /OUTPUT 1 "MONTO_STB";
    .port_info 13 /INPUT 1 "ENTREGAR_DINERO";
    .port_info 14 /INPUT 1 "FONDOS_INSUFICIENTES";
v0x5d31977c1b90_0 .net "ADVERTENCIA", 0 0, v0x5d31977fafc0_0;  alias, 1 drivers
v0x5d31977c2010_0 .net "BALANCE_ACTUALIZADO", 0 0, v0x5d31977fb140_0;  alias, 1 drivers
v0x5d31977c1e90_0 .net "BLOQUEO", 0 0, v0x5d31977fb240_0;  alias, 1 drivers
v0x5d31977f9d70_0 .var "CLK", 0 0;
v0x5d31977f9e30_0 .var "DIGITO", 3 0;
v0x5d31977f9f60_0 .var "DIGITO_STB", 0 0;
v0x5d31977fa020_0 .net "ENTREGAR_DINERO", 0 0, v0x5d31977fb5a0_0;  alias, 1 drivers
v0x5d31977fa0e0_0 .net "FONDOS_INSUFICIENTES", 0 0, v0x5d31977fb670_0;  alias, 1 drivers
v0x5d31977fa1a0_0 .var "MONTO", 31 0;
v0x5d31977fa280_0 .var "MONTO_STB", 0 0;
v0x5d31977fa340_0 .var "PIN", 15 0;
v0x5d31977fa420_0 .net "PIN_INCORRECTO", 0 0, v0x5d31977fbb80_0;  alias, 1 drivers
v0x5d31977fa4e0_0 .var "RESET", 0 0;
v0x5d31977fa5a0_0 .var "TARJETA_RECIBIDA", 0 0;
v0x5d31977fa660_0 .var "TIPO_TRANS", 0 0;
S_0x5d31977fa900 .scope module, "U0" "controller" 2 29, 4 1 0, S_0x5d31977d2360;
 .timescale 0 0;
    .port_info 0 /INPUT 1 "CLK";
    .port_info 1 /INPUT 1 "RESET";
    .port_info 2 /INPUT 1 "TARJETA_RECIBIDA";
    .port_info 3 /INPUT 16 "PIN";
    .port_info 4 /INPUT 4 "DIGITO";
    .port_info 5 /INPUT 1 "DIGITO_STB";
    .port_info 6 /OUTPUT 1 "PIN_INCORRECTO";
    .port_info 7 /OUTPUT 1 "ADVERTENCIA";
    .port_info 8 /OUTPUT 1 "BLOQUEO";
    .port_info 9 /INPUT 1 "TIPO_TRANS";
    .port_info 10 /INPUT 32 "MONTO";
    .port_info 11 /OUTPUT 1 "BALANCE_ACTUALIZADO";
    .port_info 12 /INPUT 1 "MONTO_STB";
    .port_info 13 /OUTPUT 1 "ENTREGAR_DINERO";
    .port_info 14 /OUTPUT 1 "FONDOS_INSUFICIENTES";
P_0x5d3197770c40 .param/l "ESTADO_AUTORIZADO" 0 4 38, C4<0011>;
P_0x5d3197770c80 .param/l "ESTADO_BLOQUEO" 0 4 41, C4<0110>;
P_0x5d3197770cc0 .param/l "ESTADO_DEPOSITO" 0 4 39, C4<0100>;
P_0x5d3197770d00 .param/l "ESTADO_ESPERANDO_DIGITOS" 0 4 36, C4<0001>;
P_0x5d3197770d40 .param/l "ESTADO_INICIAL" 0 4 35, C4<0000>;
P_0x5d3197770d80 .param/l "ESTADO_RETIRO" 0 4 40, C4<0101>;
P_0x5d3197770dc0 .param/l "ESTADO_VERIFICACION" 0 4 37, C4<0010>;
v0x5d31977fafc0_0 .var "ADVERTENCIA", 0 0;
v0x5d31977fb080_0 .var "BALANCE", 63 0;
v0x5d31977fb140_0 .var "BALANCE_ACTUALIZADO", 0 0;
v0x5d31977fb240_0 .var "BLOQUEO", 0 0;
v0x5d31977fb310_0 .net "CLK", 0 0, v0x5d31977f9d70_0;  alias, 1 drivers
v0x5d31977fb400_0 .net "DIGITO", 3 0, v0x5d31977f9e30_0;  alias, 1 drivers
v0x5d31977fb4d0_0 .net "DIGITO_STB", 0 0, v0x5d31977f9f60_0;  alias, 1 drivers
v0x5d31977fb5a0_0 .var "ENTREGAR_DINERO", 0 0;
v0x5d31977fb670_0 .var "FONDOS_INSUFICIENTES", 0 0;
v0x5d31977fb7d0_0 .var "INTENTOS", 1 0;
v0x5d31977fb870_0 .net "MONTO", 31 0, v0x5d31977fa1a0_0;  alias, 1 drivers
v0x5d31977fb940_0 .net "MONTO_STB", 0 0, v0x5d31977fa280_0;  alias, 1 drivers
v0x5d31977fba10_0 .var "MONTO_ext", 63 0;
v0x5d31977fbab0_0 .net "PIN", 15 0, v0x5d31977fa340_0;  alias, 1 drivers
v0x5d31977fbb80_0 .var "PIN_INCORRECTO", 0 0;
v0x5d31977fbc50_0 .net "RESET", 0 0, v0x5d31977fa4e0_0;  alias, 1 drivers
v0x5d31977fbd20_0 .net "TARJETA_RECIBIDA", 0 0, v0x5d31977fa5a0_0;  alias, 1 drivers
v0x5d31977fbdf0_0 .net "TIPO_TRANS", 0 0, v0x5d31977fa660_0;  alias, 1 drivers
v0x5d31977fbec0_0 .var "contador_digitos", 2 0;
v0x5d31977fbf60_0 .var "estado_actual", 3 0;
v0x5d31977fc000_0 .var "nxt_INTENTOS", 1 0;
v0x5d31977fc0a0_0 .var "nxt_contador_digitos", 2 0;
v0x5d31977fc140_0 .var "pin_interno", 15 0;
v0x5d31977fc220_0 .var "proximo_estado", 3 0;
E_0x5d31977c4040/0 .event edge, v0x5d31977fbf60_0, v0x5d31977fbec0_0, v0x5d31977fb7d0_0, v0x5d31977fa5a0_0;
E_0x5d31977c4040/1 .event edge, v0x5d31977f9f60_0, v0x5d31977fa340_0, v0x5d31977fc140_0, v0x5d31977fa660_0;
E_0x5d31977c4040/2 .event edge, v0x5d31977fa280_0, v0x5d31977fa1a0_0, v0x5d31977fba10_0, v0x5d31977fb080_0;
E_0x5d31977c4040/3 .event edge, v0x5d31977fa4e0_0;
E_0x5d31977c4040 .event/or E_0x5d31977c4040/0, E_0x5d31977c4040/1, E_0x5d31977c4040/2, E_0x5d31977c4040/3;
E_0x5d31977c3300 .event posedge, v0x5d31977f9d70_0;
    .scope S_0x5d31977fa900;
T_0 ;
    %wait E_0x5d31977c3300;
    %load/vec4 v0x5d31977fbc50_0;
    %nor/r;
    %flag_set/vec4 8;
    %jmp/0xz  T_0.0, 8;
    %pushi/vec4 0, 0, 4;
    %assign/vec4 v0x5d31977fbf60_0, 0;
    %pushi/vec4 0, 0, 16;
    %assign/vec4 v0x5d31977fc140_0, 0;
    %pushi/vec4 0, 0, 2;
    %assign/vec4 v0x5d31977fb7d0_0, 0;
    %pushi/vec4 0, 0, 3;
    %assign/vec4 v0x5d31977fbec0_0, 0;
    %jmp T_0.1;
T_0.0 ;
    %load/vec4 v0x5d31977fc220_0;
    %assign/vec4 v0x5d31977fbf60_0, 0;
    %load/vec4 v0x5d31977fc0a0_0;
    %assign/vec4 v0x5d31977fbec0_0, 0;
    %load/vec4 v0x5d31977fc000_0;
    %assign/vec4 v0x5d31977fb7d0_0, 0;
    %load/vec4 v0x5d31977fb4d0_0;
    %flag_set/vec4 8;
    %jmp/0xz  T_0.2, 8;
    %load/vec4 v0x5d31977fc140_0;
    %parti/s 12, 0, 2;
    %load/vec4 v0x5d31977fb400_0;
    %concat/vec4; draw_concat_vec4
    %assign/vec4 v0x5d31977fc140_0, 0;
T_0.2 ;
T_0.1 ;
    %jmp T_0;
    .thread T_0;
    .scope S_0x5d31977fa900;
T_1 ;
    %wait E_0x5d31977c4040;
    %load/vec4 v0x5d31977fbf60_0;
    %store/vec4 v0x5d31977fc220_0, 0, 4;
    %load/vec4 v0x5d31977fbec0_0;
    %store/vec4 v0x5d31977fc0a0_0, 0, 3;
    %load/vec4 v0x5d31977fb7d0_0;
    %store/vec4 v0x5d31977fc000_0, 0, 2;
    %pushi/vec4 0, 0, 1;
    %store/vec4 v0x5d31977fbb80_0, 0, 1;
    %pushi/vec4 0, 0, 1;
    %store/vec4 v0x5d31977fafc0_0, 0, 1;
    %pushi/vec4 0, 0, 1;
    %store/vec4 v0x5d31977fb240_0, 0, 1;
    %pushi/vec4 0, 0, 1;
    %store/vec4 v0x5d31977fb140_0, 0, 1;
    %pushi/vec4 0, 0, 1;
    %store/vec4 v0x5d31977fb670_0, 0, 1;
    %pushi/vec4 0, 0, 1;
    %store/vec4 v0x5d31977fb5a0_0, 0, 1;
    %load/vec4 v0x5d31977fbf60_0;
    %dup/vec4;
    %pushi/vec4 0, 0, 4;
    %cmp/u;
    %jmp/1 T_1.0, 6;
    %dup/vec4;
    %pushi/vec4 1, 0, 4;
    %cmp/u;
    %jmp/1 T_1.1, 6;
    %dup/vec4;
    %pushi/vec4 2, 0, 4;
    %cmp/u;
    %jmp/1 T_1.2, 6;
    %dup/vec4;
    %pushi/vec4 3, 0, 4;
    %cmp/u;
    %jmp/1 T_1.3, 6;
    %dup/vec4;
    %pushi/vec4 4, 0, 4;
    %cmp/u;
    %jmp/1 T_1.4, 6;
    %dup/vec4;
    %pushi/vec4 5, 0, 4;
    %cmp/u;
    %jmp/1 T_1.5, 6;
    %dup/vec4;
    %pushi/vec4 6, 0, 4;
    %cmp/u;
    %jmp/1 T_1.6, 6;
    %pushi/vec4 0, 0, 4;
    %store/vec4 v0x5d31977fc220_0, 0, 4;
    %jmp T_1.8;
T_1.0 ;
    %pushi/vec4 0, 0, 2;
    %store/vec4 v0x5d31977fc000_0, 0, 2;
    %pushi/vec4 0, 0, 64;
    %store/vec4 v0x5d31977fba10_0, 0, 64;
    %load/vec4 v0x5d31977fbd20_0;
    %flag_set/vec4 8;
    %jmp/0xz  T_1.9, 8;
    %pushi/vec4 1, 0, 4;
    %store/vec4 v0x5d31977fc220_0, 0, 4;
    %jmp T_1.10;
T_1.9 ;
    %pushi/vec4 0, 0, 4;
    %store/vec4 v0x5d31977fc220_0, 0, 4;
T_1.10 ;
    %jmp T_1.8;
T_1.1 ;
    %load/vec4 v0x5d31977fb4d0_0;
    %flag_set/vec4 8;
    %jmp/0xz  T_1.11, 8;
    %load/vec4 v0x5d31977fbec0_0;
    %addi 1, 0, 3;
    %store/vec4 v0x5d31977fc0a0_0, 0, 3;
    %jmp T_1.12;
T_1.11 ;
    %pushi/vec4 1, 0, 4;
    %store/vec4 v0x5d31977fc220_0, 0, 4;
T_1.12 ;
    %load/vec4 v0x5d31977fbec0_0;
    %pad/u 32;
    %cmpi/e 4, 0, 32;
    %jmp/0xz  T_1.13, 4;
    %load/vec4 v0x5d31977fb7d0_0;
    %addi 1, 0, 2;
    %store/vec4 v0x5d31977fc000_0, 0, 2;
    %pushi/vec4 0, 0, 3;
    %store/vec4 v0x5d31977fc0a0_0, 0, 3;
    %pushi/vec4 2, 0, 4;
    %store/vec4 v0x5d31977fc220_0, 0, 4;
    %jmp T_1.14;
T_1.13 ;
    %pushi/vec4 1, 0, 4;
    %store/vec4 v0x5d31977fc220_0, 0, 4;
T_1.14 ;
    %jmp T_1.8;
T_1.2 ;
    %load/vec4 v0x5d31977fbab0_0;
    %load/vec4 v0x5d31977fc140_0;
    %cmp/ne;
    %jmp/0xz  T_1.15, 4;
    %pushi/vec4 1, 0, 1;
    %store/vec4 v0x5d31977fbb80_0, 0, 1;
    %load/vec4 v0x5d31977fb7d0_0;
    %pad/u 32;
    %cmpi/e 2, 0, 32;
    %jmp/0xz  T_1.17, 4;
    %pushi/vec4 1, 0, 1;
    %store/vec4 v0x5d31977fafc0_0, 0, 1;
    %pushi/vec4 1, 0, 4;
    %store/vec4 v0x5d31977fc220_0, 0, 4;
    %jmp T_1.18;
T_1.17 ;
    %load/vec4 v0x5d31977fb7d0_0;
    %pad/u 32;
    %cmpi/e 3, 0, 32;
    %jmp/0xz  T_1.19, 4;
    %pushi/vec4 6, 0, 4;
    %store/vec4 v0x5d31977fc220_0, 0, 4;
    %jmp T_1.20;
T_1.19 ;
    %pushi/vec4 1, 0, 4;
    %store/vec4 v0x5d31977fc220_0, 0, 4;
T_1.20 ;
T_1.18 ;
    %jmp T_1.16;
T_1.15 ;
    %pushi/vec4 3, 0, 4;
    %store/vec4 v0x5d31977fc220_0, 0, 4;
T_1.16 ;
    %jmp T_1.8;
T_1.3 ;
    %pushi/vec4 5000, 0, 64;
    %store/vec4 v0x5d31977fb080_0, 0, 64;
    %load/vec4 v0x5d31977fbd20_0;
    %nor/r;
    %flag_set/vec4 8;
    %jmp/0xz  T_1.21, 8;
    %pushi/vec4 0, 0, 4;
    %store/vec4 v0x5d31977fc220_0, 0, 4;
T_1.21 ;
    %load/vec4 v0x5d31977fbdf0_0;
    %nor/r;
    %load/vec4 v0x5d31977fb940_0;
    %and;
    %flag_set/vec4 8;
    %jmp/0xz  T_1.23, 8;
    %pushi/vec4 4, 0, 4;
    %store/vec4 v0x5d31977fc220_0, 0, 4;
T_1.23 ;
    %load/vec4 v0x5d31977fbdf0_0;
    %load/vec4 v0x5d31977fb940_0;
    %and;
    %flag_set/vec4 8;
    %jmp/0xz  T_1.25, 8;
    %pushi/vec4 0, 0, 32;
    %load/vec4 v0x5d31977fb870_0;
    %concat/vec4; draw_concat_vec4
    %store/vec4 v0x5d31977fba10_0, 0, 64;
    %load/vec4 v0x5d31977fba10_0;
    %load/vec4 v0x5d31977fb080_0;
    %cmp/u;
    %flag_or 5, 4;
    %jmp/0xz  T_1.27, 5;
    %pushi/vec4 5, 0, 4;
    %store/vec4 v0x5d31977fc220_0, 0, 4;
    %jmp T_1.28;
T_1.27 ;
    %pushi/vec4 1, 0, 1;
    %store/vec4 v0x5d31977fb670_0, 0, 1;
    %pushi/vec4 3, 0, 4;
    %store/vec4 v0x5d31977fc220_0, 0, 4;
T_1.28 ;
T_1.25 ;
    %jmp T_1.8;
T_1.4 ;
    %load/vec4 v0x5d31977fb080_0;
    %load/vec4 v0x5d31977fb870_0;
    %pad/u 64;
    %add;
    %store/vec4 v0x5d31977fb080_0, 0, 64;
    %pushi/vec4 1, 0, 1;
    %store/vec4 v0x5d31977fb140_0, 0, 1;
    %load/vec4 v0x5d31977fbd20_0;
    %nor/r;
    %flag_set/vec4 8;
    %jmp/0xz  T_1.29, 8;
    %pushi/vec4 0, 0, 4;
    %store/vec4 v0x5d31977fc220_0, 0, 4;
T_1.29 ;
    %jmp T_1.8;
T_1.5 ;
    %load/vec4 v0x5d31977fb080_0;
    %load/vec4 v0x5d31977fba10_0;
    %sub;
    %store/vec4 v0x5d31977fb080_0, 0, 64;
    %pushi/vec4 1, 0, 1;
    %store/vec4 v0x5d31977fb5a0_0, 0, 1;
    %pushi/vec4 1, 0, 1;
    %store/vec4 v0x5d31977fb140_0, 0, 1;
    %pushi/vec4 0, 0, 64;
    %store/vec4 v0x5d31977fba10_0, 0, 64;
    %load/vec4 v0x5d31977fbd20_0;
    %nor/r;
    %flag_set/vec4 8;
    %jmp/0xz  T_1.31, 8;
    %pushi/vec4 0, 0, 4;
    %store/vec4 v0x5d31977fc220_0, 0, 4;
T_1.31 ;
    %jmp T_1.8;
T_1.6 ;
    %pushi/vec4 1, 0, 1;
    %store/vec4 v0x5d31977fb240_0, 0, 1;
    %load/vec4 v0x5d31977fbc50_0;
    %nor/r;
    %flag_set/vec4 8;
    %jmp/0xz  T_1.33, 8;
    %pushi/vec4 0, 0, 4;
    %store/vec4 v0x5d31977fc220_0, 0, 4;
T_1.33 ;
    %jmp T_1.8;
T_1.8 ;
    %pop/vec4 1;
    %jmp T_1;
    .thread T_1, $push;
    .scope S_0x5d31977d24f0;
T_2 ;
    %pushi/vec4 0, 0, 1;
    %store/vec4 v0x5d31977f9d70_0, 0, 1;
    %pushi/vec4 0, 0, 1;
    %store/vec4 v0x5d31977fa4e0_0, 0, 1;
    %pushi/vec4 0, 0, 1;
    %store/vec4 v0x5d31977fa5a0_0, 0, 1;
    %pushi/vec4 0, 0, 1;
    %store/vec4 v0x5d31977fa660_0, 0, 1;
    %pushi/vec4 0, 0, 1;
    %store/vec4 v0x5d31977f9f60_0, 0, 1;
    %pushi/vec4 0, 0, 1;
    %store/vec4 v0x5d31977fa280_0, 0, 1;
    %delay 20, 0;
    %pushi/vec4 1, 0, 1;
    %store/vec4 v0x5d31977fa4e0_0, 0, 1;
    %delay 5, 0;
    %pushi/vec4 1, 0, 1;
    %store/vec4 v0x5d31977fa5a0_0, 0, 1;
    %delay 10, 0;
    %pushi/vec4 13427, 0, 16;
    %store/vec4 v0x5d31977fa340_0, 0, 16;
    %delay 20, 0;
    %pushi/vec4 1, 0, 1;
    %store/vec4 v0x5d31977f9f60_0, 0, 1;
    %pushi/vec4 1, 0, 4;
    %store/vec4 v0x5d31977f9e30_0, 0, 4;
    %delay 10, 0;
    %pushi/vec4 0, 0, 1;
    %store/vec4 v0x5d31977f9f60_0, 0, 1;
    %delay 10, 0;
    %pushi/vec4 1, 0, 1;
    %store/vec4 v0x5d31977f9f60_0, 0, 1;
    %pushi/vec4 3, 0, 4;
    %store/vec4 v0x5d31977f9e30_0, 0, 4;
    %delay 10, 0;
    %pushi/vec4 0, 0, 1;
    %store/vec4 v0x5d31977f9f60_0, 0, 1;
    %delay 10, 0;
    %pushi/vec4 1, 0, 1;
    %store/vec4 v0x5d31977f9f60_0, 0, 1;
    %pushi/vec4 7, 0, 4;
    %store/vec4 v0x5d31977f9e30_0, 0, 4;
    %delay 10, 0;
    %pushi/vec4 0, 0, 1;
    %store/vec4 v0x5d31977f9f60_0, 0, 1;
    %delay 10, 0;
    %pushi/vec4 1, 0, 1;
    %store/vec4 v0x5d31977f9f60_0, 0, 1;
    %pushi/vec4 8, 0, 4;
    %store/vec4 v0x5d31977f9e30_0, 0, 4;
    %delay 10, 0;
    %pushi/vec4 0, 0, 1;
    %store/vec4 v0x5d31977f9f60_0, 0, 1;
    %delay 20, 0;
    %pushi/vec4 1, 0, 1;
    %store/vec4 v0x5d31977f9f60_0, 0, 1;
    %pushi/vec4 1, 0, 4;
    %store/vec4 v0x5d31977f9e30_0, 0, 4;
    %delay 10, 0;
    %pushi/vec4 0, 0, 1;
    %store/vec4 v0x5d31977f9f60_0, 0, 1;
    %delay 10, 0;
    %pushi/vec4 1, 0, 1;
    %store/vec4 v0x5d31977f9f60_0, 0, 1;
    %pushi/vec4 3, 0, 4;
    %store/vec4 v0x5d31977f9e30_0, 0, 4;
    %delay 10, 0;
    %pushi/vec4 0, 0, 1;
    %store/vec4 v0x5d31977f9f60_0, 0, 1;
    %delay 10, 0;
    %pushi/vec4 1, 0, 1;
    %store/vec4 v0x5d31977f9f60_0, 0, 1;
    %pushi/vec4 7, 0, 4;
    %store/vec4 v0x5d31977f9e30_0, 0, 4;
    %delay 10, 0;
    %pushi/vec4 0, 0, 1;
    %store/vec4 v0x5d31977f9f60_0, 0, 1;
    %delay 10, 0;
    %pushi/vec4 1, 0, 1;
    %store/vec4 v0x5d31977f9f60_0, 0, 1;
    %pushi/vec4 8, 0, 4;
    %store/vec4 v0x5d31977f9e30_0, 0, 4;
    %delay 10, 0;
    %pushi/vec4 0, 0, 1;
    %store/vec4 v0x5d31977f9f60_0, 0, 1;
    %delay 20, 0;
    %pushi/vec4 1, 0, 1;
    %store/vec4 v0x5d31977f9f60_0, 0, 1;
    %pushi/vec4 1, 0, 4;
    %store/vec4 v0x5d31977f9e30_0, 0, 4;
    %delay 10, 0;
    %pushi/vec4 0, 0, 1;
    %store/vec4 v0x5d31977f9f60_0, 0, 1;
    %delay 10, 0;
    %pushi/vec4 1, 0, 1;
    %store/vec4 v0x5d31977f9f60_0, 0, 1;
    %pushi/vec4 3, 0, 4;
    %store/vec4 v0x5d31977f9e30_0, 0, 4;
    %delay 10, 0;
    %pushi/vec4 0, 0, 1;
    %store/vec4 v0x5d31977f9f60_0, 0, 1;
    %delay 10, 0;
    %pushi/vec4 1, 0, 1;
    %store/vec4 v0x5d31977f9f60_0, 0, 1;
    %pushi/vec4 7, 0, 4;
    %store/vec4 v0x5d31977f9e30_0, 0, 4;
    %delay 10, 0;
    %pushi/vec4 0, 0, 1;
    %store/vec4 v0x5d31977f9f60_0, 0, 1;
    %delay 10, 0;
    %pushi/vec4 1, 0, 1;
    %store/vec4 v0x5d31977f9f60_0, 0, 1;
    %pushi/vec4 8, 0, 4;
    %store/vec4 v0x5d31977f9e30_0, 0, 4;
    %delay 10, 0;
    %pushi/vec4 0, 0, 1;
    %store/vec4 v0x5d31977f9f60_0, 0, 1;
    %delay 10, 0;
    %pushi/vec4 0, 0, 1;
    %store/vec4 v0x5d31977fa5a0_0, 0, 1;
    %delay 10, 0;
    %pushi/vec4 0, 0, 4;
    %store/vec4 v0x5d31977f9e30_0, 0, 4;
    %delay 20, 0;
    %pushi/vec4 0, 0, 1;
    %store/vec4 v0x5d31977fa4e0_0, 0, 1;
    %delay 10, 0;
    %pushi/vec4 1, 0, 1;
    %store/vec4 v0x5d31977fa4e0_0, 0, 1;
    %delay 10, 0;
    %pushi/vec4 1, 0, 1;
    %store/vec4 v0x5d31977fa5a0_0, 0, 1;
    %delay 20, 0;
    %pushi/vec4 3, 0, 4;
    %store/vec4 v0x5d31977f9e30_0, 0, 4;
    %pushi/vec4 1, 0, 1;
    %store/vec4 v0x5d31977f9f60_0, 0, 1;
    %delay 10, 0;
    %pushi/vec4 0, 0, 1;
    %store/vec4 v0x5d31977f9f60_0, 0, 1;
    %delay 10, 0;
    %pushi/vec4 4, 0, 4;
    %store/vec4 v0x5d31977f9e30_0, 0, 4;
    %pushi/vec4 1, 0, 1;
    %store/vec4 v0x5d31977f9f60_0, 0, 1;
    %delay 10, 0;
    %pushi/vec4 0, 0, 1;
    %store/vec4 v0x5d31977f9f60_0, 0, 1;
    %delay 10, 0;
    %pushi/vec4 7, 0, 4;
    %store/vec4 v0x5d31977f9e30_0, 0, 4;
    %pushi/vec4 1, 0, 1;
    %store/vec4 v0x5d31977f9f60_0, 0, 1;
    %delay 10, 0;
    %pushi/vec4 0, 0, 1;
    %store/vec4 v0x5d31977f9f60_0, 0, 1;
    %delay 10, 0;
    %pushi/vec4 3, 0, 4;
    %store/vec4 v0x5d31977f9e30_0, 0, 4;
    %pushi/vec4 1, 0, 1;
    %store/vec4 v0x5d31977f9f60_0, 0, 1;
    %delay 10, 0;
    %pushi/vec4 0, 0, 1;
    %store/vec4 v0x5d31977f9f60_0, 0, 1;
    %delay 20, 0;
    %pushi/vec4 0, 0, 1;
    %store/vec4 v0x5d31977fa660_0, 0, 1;
    %pushi/vec4 2000, 0, 32;
    %store/vec4 v0x5d31977fa1a0_0, 0, 32;
    %pushi/vec4 1, 0, 1;
    %store/vec4 v0x5d31977fa280_0, 0, 1;
    %delay 10, 0;
    %pushi/vec4 0, 0, 1;
    %store/vec4 v0x5d31977fa280_0, 0, 1;
    %pushi/vec4 0, 0, 32;
    %store/vec4 v0x5d31977fa1a0_0, 0, 32;
    %delay 10, 0;
    %pushi/vec4 0, 0, 1;
    %store/vec4 v0x5d31977fa5a0_0, 0, 1;
    %delay 10, 0;
    %pushi/vec4 0, 0, 4;
    %store/vec4 v0x5d31977f9e30_0, 0, 4;
    %delay 10, 0;
    %pushi/vec4 1, 0, 1;
    %store/vec4 v0x5d31977fa5a0_0, 0, 1;
    %delay 20, 0;
    %pushi/vec4 1, 0, 1;
    %store/vec4 v0x5d31977f9f60_0, 0, 1;
    %pushi/vec4 1, 0, 4;
    %store/vec4 v0x5d31977f9e30_0, 0, 4;
    %delay 10, 0;
    %pushi/vec4 0, 0, 1;
    %store/vec4 v0x5d31977f9f60_0, 0, 1;
    %delay 10, 0;
    %pushi/vec4 1, 0, 1;
    %store/vec4 v0x5d31977f9f60_0, 0, 1;
    %pushi/vec4 3, 0, 4;
    %store/vec4 v0x5d31977f9e30_0, 0, 4;
    %delay 10, 0;
    %pushi/vec4 0, 0, 1;
    %store/vec4 v0x5d31977f9f60_0, 0, 1;
    %delay 10, 0;
    %pushi/vec4 1, 0, 1;
    %store/vec4 v0x5d31977f9f60_0, 0, 1;
    %pushi/vec4 7, 0, 4;
    %store/vec4 v0x5d31977f9e30_0, 0, 4;
    %delay 10, 0;
    %pushi/vec4 0, 0, 1;
    %store/vec4 v0x5d31977f9f60_0, 0, 1;
    %delay 10, 0;
    %pushi/vec4 1, 0, 1;
    %store/vec4 v0x5d31977f9f60_0, 0, 1;
    %pushi/vec4 8, 0, 4;
    %store/vec4 v0x5d31977f9e30_0, 0, 4;
    %delay 10, 0;
    %pushi/vec4 0, 0, 1;
    %store/vec4 v0x5d31977f9f60_0, 0, 1;
    %delay 20, 0;
    %pushi/vec4 1, 0, 1;
    %store/vec4 v0x5d31977f9f60_0, 0, 1;
    %pushi/vec4 1, 0, 4;
    %store/vec4 v0x5d31977f9e30_0, 0, 4;
    %delay 10, 0;
    %pushi/vec4 0, 0, 1;
    %store/vec4 v0x5d31977f9f60_0, 0, 1;
    %delay 10, 0;
    %pushi/vec4 1, 0, 1;
    %store/vec4 v0x5d31977f9f60_0, 0, 1;
    %pushi/vec4 3, 0, 4;
    %store/vec4 v0x5d31977f9e30_0, 0, 4;
    %delay 10, 0;
    %pushi/vec4 0, 0, 1;
    %store/vec4 v0x5d31977f9f60_0, 0, 1;
    %delay 10, 0;
    %pushi/vec4 1, 0, 1;
    %store/vec4 v0x5d31977f9f60_0, 0, 1;
    %pushi/vec4 7, 0, 4;
    %store/vec4 v0x5d31977f9e30_0, 0, 4;
    %delay 10, 0;
    %pushi/vec4 0, 0, 1;
    %store/vec4 v0x5d31977f9f60_0, 0, 1;
    %delay 10, 0;
    %pushi/vec4 1, 0, 1;
    %store/vec4 v0x5d31977f9f60_0, 0, 1;
    %pushi/vec4 8, 0, 4;
    %store/vec4 v0x5d31977f9e30_0, 0, 4;
    %delay 10, 0;
    %pushi/vec4 0, 0, 1;
    %store/vec4 v0x5d31977f9f60_0, 0, 1;
    %delay 20, 0;
    %pushi/vec4 3, 0, 4;
    %store/vec4 v0x5d31977f9e30_0, 0, 4;
    %pushi/vec4 1, 0, 1;
    %store/vec4 v0x5d31977f9f60_0, 0, 1;
    %delay 10, 0;
    %pushi/vec4 0, 0, 1;
    %store/vec4 v0x5d31977f9f60_0, 0, 1;
    %delay 10, 0;
    %pushi/vec4 4, 0, 4;
    %store/vec4 v0x5d31977f9e30_0, 0, 4;
    %pushi/vec4 1, 0, 1;
    %store/vec4 v0x5d31977f9f60_0, 0, 1;
    %delay 10, 0;
    %pushi/vec4 0, 0, 1;
    %store/vec4 v0x5d31977f9f60_0, 0, 1;
    %delay 10, 0;
    %pushi/vec4 7, 0, 4;
    %store/vec4 v0x5d31977f9e30_0, 0, 4;
    %pushi/vec4 1, 0, 1;
    %store/vec4 v0x5d31977f9f60_0, 0, 1;
    %delay 10, 0;
    %pushi/vec4 0, 0, 1;
    %store/vec4 v0x5d31977f9f60_0, 0, 1;
    %delay 10, 0;
    %pushi/vec4 3, 0, 4;
    %store/vec4 v0x5d31977f9e30_0, 0, 4;
    %pushi/vec4 1, 0, 1;
    %store/vec4 v0x5d31977f9f60_0, 0, 1;
    %delay 10, 0;
    %pushi/vec4 0, 0, 1;
    %store/vec4 v0x5d31977f9f60_0, 0, 1;
    %delay 10, 0;
    %pushi/vec4 1, 0, 1;
    %store/vec4 v0x5d31977fa660_0, 0, 1;
    %delay 10, 0;
    %pushi/vec4 2000, 0, 32;
    %store/vec4 v0x5d31977fa1a0_0, 0, 32;
    %pushi/vec4 1, 0, 1;
    %store/vec4 v0x5d31977fa280_0, 0, 1;
    %delay 10, 0;
    %pushi/vec4 0, 0, 1;
    %store/vec4 v0x5d31977fa280_0, 0, 1;
    %pushi/vec4 0, 0, 1;
    %store/vec4 v0x5d31977fa5a0_0, 0, 1;
    %delay 10, 0;
    %pushi/vec4 0, 0, 4;
    %store/vec4 v0x5d31977f9e30_0, 0, 4;
    %delay 10, 0;
    %pushi/vec4 1, 0, 1;
    %store/vec4 v0x5d31977fa5a0_0, 0, 1;
    %delay 20, 0;
    %pushi/vec4 3, 0, 4;
    %store/vec4 v0x5d31977f9e30_0, 0, 4;
    %pushi/vec4 1, 0, 1;
    %store/vec4 v0x5d31977f9f60_0, 0, 1;
    %delay 10, 0;
    %pushi/vec4 0, 0, 1;
    %store/vec4 v0x5d31977f9f60_0, 0, 1;
    %delay 10, 0;
    %pushi/vec4 4, 0, 4;
    %store/vec4 v0x5d31977f9e30_0, 0, 4;
    %pushi/vec4 1, 0, 1;
    %store/vec4 v0x5d31977f9f60_0, 0, 1;
    %delay 10, 0;
    %pushi/vec4 0, 0, 1;
    %store/vec4 v0x5d31977f9f60_0, 0, 1;
    %delay 10, 0;
    %pushi/vec4 7, 0, 4;
    %store/vec4 v0x5d31977f9e30_0, 0, 4;
    %pushi/vec4 1, 0, 1;
    %store/vec4 v0x5d31977f9f60_0, 0, 1;
    %delay 10, 0;
    %pushi/vec4 0, 0, 1;
    %store/vec4 v0x5d31977f9f60_0, 0, 1;
    %delay 10, 0;
    %pushi/vec4 3, 0, 4;
    %store/vec4 v0x5d31977f9e30_0, 0, 4;
    %pushi/vec4 1, 0, 1;
    %store/vec4 v0x5d31977f9f60_0, 0, 1;
    %delay 10, 0;
    %pushi/vec4 0, 0, 1;
    %store/vec4 v0x5d31977f9f60_0, 0, 1;
    %delay 10, 0;
    %delay 10, 0;
    %pushi/vec4 1, 0, 1;
    %store/vec4 v0x5d31977fa660_0, 0, 1;
    %pushi/vec4 10000, 0, 32;
    %store/vec4 v0x5d31977fa1a0_0, 0, 32;
    %pushi/vec4 1, 0, 1;
    %store/vec4 v0x5d31977fa280_0, 0, 1;
    %delay 10, 0;
    %pushi/vec4 0, 0, 1;
    %store/vec4 v0x5d31977fa5a0_0, 0, 1;
    %pushi/vec4 0, 0, 1;
    %store/vec4 v0x5d31977fa280_0, 0, 1;
    %delay 10, 0;
    %pushi/vec4 0, 0, 4;
    %store/vec4 v0x5d31977f9e30_0, 0, 4;
    %delay 500, 0;
    %vpi_call 3 130 "$finish" {0 0 0};
    %end;
    .thread T_2;
    .scope S_0x5d31977d24f0;
T_3 ;
    %delay 5, 0;
    %load/vec4 v0x5d31977f9d70_0;
    %nor/r;
    %store/vec4 v0x5d31977f9d70_0, 0, 1;
    %jmp T_3;
    .thread T_3;
    .scope S_0x5d31977d2360;
T_4 ;
    %vpi_call 2 24 "$dumpfile", "testbench.vcd" {0 0 0};
    %vpi_call 2 25 "$dumpvars" {0 0 0};
    %end;
    .thread T_4;
# The file index is used to find the file name in the following table.
:file_names 5;
    "N/A";
    "<interactive>";
    "testbench.v";
    "./tester.v";
    "./cajero.v";
