#! /usr/bin/vvp
:ivl_version "11.0 (stable)";
:ivl_delay_selection "TYPICAL";
:vpi_time_precision + 0;
:vpi_module "/usr/lib/x86_64-linux-gnu/ivl/system.vpi";
:vpi_module "/usr/lib/x86_64-linux-gnu/ivl/vhdl_sys.vpi";
:vpi_module "/usr/lib/x86_64-linux-gnu/ivl/vhdl_textio.vpi";
:vpi_module "/usr/lib/x86_64-linux-gnu/ivl/v2005_math.vpi";
:vpi_module "/usr/lib/x86_64-linux-gnu/ivl/va_math.vpi";
S_0x56f9201fa690 .scope module, "generador_tb" "generador_tb" 2 5;
 .timescale 0 0;
v0x56f92022c410_0 .net "CKP", 0 0, v0x56f9202056c0_0;  1 drivers
v0x56f92022c560_0 .net "CPH", 0 0, v0x56f920207230_0;  1 drivers
v0x56f92022c6b0_0 .net "CS", 0 0, v0x56f920228b60_0;  1 drivers
o0x774e45dcf0a8 .functor BUFZ 1, C4<z>; HiZ drive
v0x56f92022c7e0_0 .net "MISO", 0 0, o0x774e45dcf0a8;  0 drivers
v0x56f92022c8b0_0 .net "MISO_MISO", 0 0, v0x56f92022b840_0;  1 drivers
v0x56f92022c950_0 .net "MISO_MOSI", 0 0, v0x56f92022a2d0_0;  1 drivers
o0x774e45dcf0d8 .functor BUFZ 1, C4<z>; HiZ drive
v0x56f92022c9f0_0 .net "MOSI", 0 0, o0x774e45dcf0d8;  0 drivers
v0x56f92022ca90_0 .net "MOSI_MOSI", 0 0, v0x56f920228cd0_0;  1 drivers
v0x56f92022cb30_0 .net "SCK", 0 0, L_0x56f9202054c0;  1 drivers
v0x56f92022ccf0_0 .net "clk", 0 0, v0x56f920201090_0;  1 drivers
v0x56f92022cd90_0 .net "reset", 0 0, v0x56f9202281a0_0;  1 drivers
S_0x56f9201fa820 .scope module, "P0" "tester" 2 63, 3 1 0, S_0x56f9201fa690;
 .timescale 0 0;
    .port_info 0 /INPUT 1 "MOSI";
    .port_info 1 /INPUT 1 "SCK";
    .port_info 2 /INPUT 1 "CS";
    .port_info 3 /OUTPUT 1 "MISO";
    .port_info 4 /OUTPUT 1 "clk";
    .port_info 5 /OUTPUT 1 "reset";
    .port_info 6 /OUTPUT 1 "CKP";
    .port_info 7 /OUTPUT 1 "CPH";
v0x56f9202056c0_0 .var "CKP", 0 0;
v0x56f920207230_0 .var "CPH", 0 0;
v0x56f9202072d0_0 .net "CS", 0 0, v0x56f920228b60_0;  alias, 1 drivers
v0x56f9201ff3e0_0 .net "MISO", 0 0, o0x774e45dcf0a8;  alias, 0 drivers
v0x56f9201ff480_0 .net "MOSI", 0 0, o0x774e45dcf0d8;  alias, 0 drivers
v0x56f920200ff0_0 .net "SCK", 0 0, L_0x56f9202054c0;  alias, 1 drivers
v0x56f920201090_0 .var "clk", 0 0;
v0x56f9202281a0_0 .var "reset", 0 0;
S_0x56f9202283b0 .scope module, "U0" "generador_spi" 2 25, 4 1 0, S_0x56f9201fa690;
 .timescale 0 0;
    .port_info 0 /OUTPUT 1 "MOSI";
    .port_info 1 /OUTPUT 1 "CS";
    .port_info 2 /OUTPUT 1 "SCK";
    .port_info 3 /INPUT 1 "MISO";
    .port_info 4 /INPUT 1 "clk";
    .port_info 5 /INPUT 1 "reset";
    .port_info 6 /INPUT 1 "CKP";
    .port_info 7 /INPUT 1 "CPH";
P_0x56f92019dc40 .param/l "DIV_FREQ" 1 4 15, +C4<00000000000000000000000000000010>;
P_0x56f92019dc80 .param/l "ENVIO_DATOS" 0 4 29, C4<010>;
P_0x56f92019dcc0 .param/l "FINALIZACION_ENVIO" 0 4 30, C4<011>;
P_0x56f92019dd00 .param/l "IDLE" 0 4 27, C4<000>;
P_0x56f92019dd40 .param/l "INICIALIZACION" 0 4 31, C4<100>;
P_0x56f92019dd80 .param/l "NUM_BITS" 0 4 59, +C4<00000000000000000000000000001111>;
P_0x56f92019ddc0 .param/l "VERIFICACION" 0 4 28, C4<001>;
L_0x56f9202054c0 .functor BUFZ 1, v0x56f920229720_0, C4<0>, C4<0>, C4<0>;
v0x56f920228a20_0 .net "CKP", 0 0, v0x56f9202056c0_0;  alias, 1 drivers
v0x56f920228ac0_0 .net "CPH", 0 0, v0x56f920207230_0;  alias, 1 drivers
v0x56f920228b60_0 .var "CS", 0 0;
v0x56f920228c30_0 .net "MISO", 0 0, v0x56f92022b840_0;  alias, 1 drivers
v0x56f920228cd0_0 .var "MOSI", 0 0;
v0x56f920228dc0_0 .net "SCK", 0 0, L_0x56f9202054c0;  alias, 1 drivers
v0x56f920228e60_0 .var "bit_index", 4 0;
v0x56f920228f00_0 .net "clk", 0 0, v0x56f920201090_0;  alias, 1 drivers
v0x56f920228fd0_0 .var "contador_bits_master", 4 0;
v0x56f920229070_0 .var "current_data", 15 0;
v0x56f920229150_0 .var "div_freq", 1 0;
v0x56f920229230_0 .var "estado_actual", 2 0;
v0x56f920229310_0 .var "last_data_sent", 0 0;
v0x56f9202293d0_0 .var "prox_contador_bits_master", 4 0;
v0x56f9202294b0_0 .var "proximo_estado", 2 0;
v0x56f920229590_0 .net "reset", 0 0, v0x56f9202281a0_0;  alias, 1 drivers
v0x56f920229660_0 .var "sampled_data_MISO", 15 0;
v0x56f920229720_0 .var "sck_reg", 0 0;
v0x56f9202297e0_0 .var "trans_done", 3 0;
E_0x56f9201d74b0/0 .event edge, v0x56f920229230_0, v0x56f920228fd0_0, v0x56f9202297e0_0, v0x56f9202072d0_0;
E_0x56f9201d74b0/1 .event edge, v0x56f920207230_0, v0x56f9202056c0_0;
E_0x56f9201d74b0 .event/or E_0x56f9201d74b0/0, E_0x56f9201d74b0/1;
E_0x56f9201d6610 .event negedge, v0x56f9202281a0_0, v0x56f920200ff0_0;
E_0x56f9201d7160/0 .event negedge, v0x56f9202281a0_0;
E_0x56f9201d7160/1 .event posedge, v0x56f920200ff0_0;
E_0x56f9201d7160 .event/or E_0x56f9201d7160/0, E_0x56f9201d7160/1;
E_0x56f9201bf9b0/0 .event negedge, v0x56f9202281a0_0;
E_0x56f9201bf9b0/1 .event posedge, v0x56f920201090_0;
E_0x56f9201bf9b0 .event/or E_0x56f9201bf9b0/0, E_0x56f9201bf9b0/1;
S_0x56f9202299c0 .scope module, "U1" "receptor_spi" 2 38, 5 1 0, S_0x56f9201fa690;
 .timescale 0 0;
    .port_info 0 /INPUT 1 "SS";
    .port_info 1 /INPUT 1 "SCK";
    .port_info 2 /INPUT 1 "MOSI";
    .port_info 3 /INPUT 1 "reset";
    .port_info 4 /INPUT 1 "CKP";
    .port_info 5 /INPUT 1 "CPH";
    .port_info 6 /OUTPUT 1 "MISO";
P_0x56f920229b80 .param/l "ENVIO_DATOS" 0 5 26, C4<010>;
P_0x56f920229bc0 .param/l "FINALIZACION_ENVIO" 0 5 27, C4<011>;
P_0x56f920229c00 .param/l "IDLE" 0 5 24, C4<000>;
P_0x56f920229c40 .param/l "INICIALIZACION" 0 5 28, C4<100>;
P_0x56f920229c80 .param/l "NUM_BITS" 0 5 30, +C4<00000000000000000000000000001111>;
P_0x56f920229cc0 .param/l "VERIFICACION" 0 5 25, C4<001>;
v0x56f92022a0b0_0 .net "CKP", 0 0, v0x56f9202056c0_0;  alias, 1 drivers
v0x56f92022a1c0_0 .net "CPH", 0 0, v0x56f920207230_0;  alias, 1 drivers
v0x56f92022a2d0_0 .var "MISO", 0 0;
v0x56f92022a370_0 .net "MOSI", 0 0, v0x56f920228cd0_0;  alias, 1 drivers
v0x56f92022a410_0 .net "SCK", 0 0, L_0x56f9202054c0;  alias, 1 drivers
v0x56f92022a550_0 .net "SS", 0 0, v0x56f920228b60_0;  alias, 1 drivers
v0x56f92022a640_0 .var "bit_index", 4 0;
v0x56f92022a6e0_0 .var "contador_bits_obj", 4 0;
v0x56f92022a7c0_0 .var "current_data_obj", 15 0;
v0x56f92022a8a0_0 .var "estado_actual", 2 0;
v0x56f92022a980_0 .var "last_data_sent", 0 0;
v0x56f92022aa40_0 .var "prox_contador_bits_obj", 4 0;
v0x56f92022ab20_0 .var "proximo_estado", 2 0;
v0x56f92022ac00_0 .net "reset", 0 0, v0x56f9202281a0_0;  alias, 1 drivers
v0x56f92022aca0_0 .var "sampled_data_MOSI", 15 0;
v0x56f92022ad80_0 .var "trans_done", 3 0;
E_0x56f92020a7b0/0 .event edge, v0x56f92022a8a0_0, v0x56f92022a6e0_0, v0x56f92022ad80_0, v0x56f9202072d0_0;
E_0x56f92020a7b0/1 .event edge, v0x56f920207230_0, v0x56f9202056c0_0;
E_0x56f92020a7b0 .event/or E_0x56f92020a7b0/0, E_0x56f92020a7b0/1;
S_0x56f92022af80 .scope module, "U2" "receptor_spi" 2 51, 5 1 0, S_0x56f9201fa690;
 .timescale 0 0;
    .port_info 0 /INPUT 1 "SS";
    .port_info 1 /INPUT 1 "SCK";
    .port_info 2 /INPUT 1 "MOSI";
    .port_info 3 /INPUT 1 "reset";
    .port_info 4 /INPUT 1 "CKP";
    .port_info 5 /INPUT 1 "CPH";
    .port_info 6 /OUTPUT 1 "MISO";
P_0x56f92022b160 .param/l "ENVIO_DATOS" 0 5 26, C4<010>;
P_0x56f92022b1a0 .param/l "FINALIZACION_ENVIO" 0 5 27, C4<011>;
P_0x56f92022b1e0 .param/l "IDLE" 0 5 24, C4<000>;
P_0x56f92022b220 .param/l "INICIALIZACION" 0 5 28, C4<100>;
P_0x56f92022b260 .param/l "NUM_BITS" 0 5 30, +C4<00000000000000000000000000001111>;
P_0x56f92022b2a0 .param/l "VERIFICACION" 0 5 25, C4<001>;
v0x56f92022b6c0_0 .net "CKP", 0 0, v0x56f9202056c0_0;  alias, 1 drivers
v0x56f92022b780_0 .net "CPH", 0 0, v0x56f920207230_0;  alias, 1 drivers
v0x56f92022b840_0 .var "MISO", 0 0;
v0x56f92022b8e0_0 .net "MOSI", 0 0, v0x56f92022a2d0_0;  alias, 1 drivers
v0x56f92022b980_0 .net "SCK", 0 0, L_0x56f9202054c0;  alias, 1 drivers
v0x56f92022ba70_0 .net "SS", 0 0, v0x56f920228b60_0;  alias, 1 drivers
v0x56f92022bb10_0 .var "bit_index", 4 0;
v0x56f92022bbb0_0 .var "contador_bits_obj", 4 0;
v0x56f92022bc50_0 .var "current_data_obj", 15 0;
v0x56f92022bd30_0 .var "estado_actual", 2 0;
v0x56f92022be10_0 .var "last_data_sent", 0 0;
v0x56f92022bed0_0 .var "prox_contador_bits_obj", 4 0;
v0x56f92022bfb0_0 .var "proximo_estado", 2 0;
v0x56f92022c090_0 .net "reset", 0 0, v0x56f9202281a0_0;  alias, 1 drivers
v0x56f92022c130_0 .var "sampled_data_MOSI", 15 0;
v0x56f92022c210_0 .var "trans_done", 3 0;
E_0x56f92022b640/0 .event edge, v0x56f92022bd30_0, v0x56f92022bbb0_0, v0x56f92022c210_0, v0x56f9202072d0_0;
E_0x56f92022b640/1 .event edge, v0x56f920207230_0, v0x56f9202056c0_0;
E_0x56f92022b640 .event/or E_0x56f92022b640/0, E_0x56f92022b640/1;
    .scope S_0x56f9202283b0;
T_0 ;
    %wait E_0x56f9201bf9b0;
    %load/vec4 v0x56f920229590_0;
    %nor/r;
    %flag_set/vec4 8;
    %jmp/0xz  T_0.0, 8;
    %pushi/vec4 772, 0, 16;
    %assign/vec4 v0x56f920229070_0, 0;
    %pushi/vec4 0, 0, 2;
    %assign/vec4 v0x56f920229150_0, 0;
    %load/vec4 v0x56f920228a20_0;
    %assign/vec4 v0x56f920229720_0, 0;
    %pushi/vec4 0, 0, 1;
    %assign/vec4 v0x56f920229310_0, 0;
    %pushi/vec4 0, 0, 16;
    %assign/vec4 v0x56f920229660_0, 0;
    %pushi/vec4 0, 0, 5;
    %assign/vec4 v0x56f920228fd0_0, 0;
    %jmp T_0.1;
T_0.0 ;
    %load/vec4 v0x56f920229150_0;
    %addi 1, 0, 2;
    %assign/vec4 v0x56f920229150_0, 0;
    %load/vec4 v0x56f920229150_0;
    %pad/u 32;
    %cmpi/e 1, 0, 32;
    %jmp/0xz  T_0.2, 4;
    %load/vec4 v0x56f920229720_0;
    %inv;
    %assign/vec4 v0x56f920229720_0, 0;
    %pushi/vec4 0, 0, 2;
    %assign/vec4 v0x56f920229150_0, 0;
T_0.2 ;
    %load/vec4 v0x56f920228b60_0;
    %flag_set/vec4 8;
    %jmp/0xz  T_0.4, 8;
    %load/vec4 v0x56f920228a20_0;
    %assign/vec4 v0x56f920229720_0, 0;
T_0.4 ;
T_0.1 ;
    %jmp T_0;
    .thread T_0;
    .scope S_0x56f9202283b0;
T_1 ;
    %wait E_0x56f9201d7160;
    %load/vec4 v0x56f920229590_0;
    %nor/r;
    %flag_set/vec4 8;
    %jmp/0xz  T_1.0, 8;
    %pushi/vec4 0, 0, 3;
    %assign/vec4 v0x56f920229230_0, 0;
    %pushi/vec4 0, 0, 1;
    %assign/vec4 v0x56f920228cd0_0, 0;
    %pushi/vec4 0, 0, 1;
    %assign/vec4 v0x56f920228b60_0, 0;
    %pushi/vec4 0, 0, 5;
    %assign/vec4 v0x56f920228e60_0, 0;
    %pushi/vec4 0, 0, 4;
    %assign/vec4 v0x56f9202297e0_0, 0;
    %pushi/vec4 0, 0, 1;
    %assign/vec4 v0x56f920229310_0, 0;
    %jmp T_1.1;
T_1.0 ;
    %load/vec4 v0x56f9202294b0_0;
    %assign/vec4 v0x56f920229230_0, 0;
    %load/vec4 v0x56f9202293d0_0;
    %assign/vec4 v0x56f920228fd0_0, 0;
    %load/vec4 v0x56f920229230_0;
    %pad/u 32;
    %cmpi/e 4, 0, 32;
    %jmp/0xz  T_1.2, 4;
    %load/vec4 v0x56f9202297e0_0;
    %addi 1, 0, 4;
    %assign/vec4 v0x56f9202297e0_0, 0;
T_1.2 ;
    %load/vec4 v0x56f920229660_0;
    %ix/load 4, 1, 0;
    %flag_set/imm 4, 0;
    %shiftl 4;
    %load/vec4 v0x56f920228c30_0;
    %pad/u 16;
    %or;
    %assign/vec4 v0x56f920229660_0, 0;
    %load/vec4 v0x56f920229230_0;
    %pad/u 32;
    %pushi/vec4 2, 0, 32;
    %cmp/e;
    %flag_get/vec4 4;
    %load/vec4 v0x56f920228fd0_0;
    %pad/u 32;
    %cmpi/u 15, 0, 32;
    %flag_get/vec4 5;
    %and;
    %flag_set/vec4 8;
    %jmp/0xz  T_1.4, 8;
    %load/vec4 v0x56f920228ac0_0;
    %nor/r;
    %load/vec4 v0x56f920228a20_0;
    %nor/r;
    %and;
    %flag_set/vec4 8;
    %load/vec4 v0x56f920228ac0_0;
    %load/vec4 v0x56f920228a20_0;
    %and;
    %flag_set/vec4 9;
    %flag_or 9, 8;
    %jmp/0xz  T_1.6, 9;
    %load/vec4 v0x56f920229070_0;
    %pushi/vec4 15, 0, 32;
    %load/vec4 v0x56f920228e60_0;
    %pad/u 32;
    %sub;
    %subi 1, 0, 32;
    %part/u 1;
    %assign/vec4 v0x56f920228cd0_0, 0;
    %load/vec4 v0x56f920228e60_0;
    %addi 1, 0, 5;
    %assign/vec4 v0x56f920228e60_0, 0;
    %load/vec4 v0x56f920228fd0_0;
    %addi 1, 0, 5;
    %assign/vec4 v0x56f920228fd0_0, 0;
T_1.6 ;
    %jmp T_1.5;
T_1.4 ;
    %pushi/vec4 0, 0, 5;
    %assign/vec4 v0x56f920228e60_0, 0;
    %pushi/vec4 0, 0, 1;
    %store/vec4 v0x56f920229310_0, 0, 1;
T_1.5 ;
T_1.1 ;
    %jmp T_1;
    .thread T_1;
    .scope S_0x56f9202283b0;
T_2 ;
    %wait E_0x56f9201d6610;
    %load/vec4 v0x56f920229590_0;
    %nor/r;
    %flag_set/vec4 8;
    %jmp/0xz  T_2.0, 8;
    %pushi/vec4 0, 0, 3;
    %assign/vec4 v0x56f920229230_0, 0;
    %pushi/vec4 0, 0, 5;
    %assign/vec4 v0x56f920228fd0_0, 0;
    %pushi/vec4 0, 0, 1;
    %assign/vec4 v0x56f920228cd0_0, 0;
    %pushi/vec4 0, 0, 5;
    %assign/vec4 v0x56f920228e60_0, 0;
    %jmp T_2.1;
T_2.0 ;
    %load/vec4 v0x56f9202293d0_0;
    %assign/vec4 v0x56f920228fd0_0, 0;
    %load/vec4 v0x56f920229230_0;
    %pad/u 32;
    %pushi/vec4 2, 0, 32;
    %cmp/e;
    %flag_get/vec4 4;
    %load/vec4 v0x56f920228fd0_0;
    %pad/u 32;
    %cmpi/u 15, 0, 32;
    %flag_get/vec4 5;
    %and;
    %flag_set/vec4 8;
    %jmp/0xz  T_2.2, 8;
    %load/vec4 v0x56f920228ac0_0;
    %load/vec4 v0x56f920228a20_0;
    %nor/r;
    %and;
    %flag_set/vec4 8;
    %load/vec4 v0x56f920228ac0_0;
    %nor/r;
    %load/vec4 v0x56f920228a20_0;
    %and;
    %flag_set/vec4 9;
    %flag_or 9, 8;
    %jmp/0xz  T_2.4, 9;
    %load/vec4 v0x56f920229070_0;
    %pushi/vec4 15, 0, 32;
    %load/vec4 v0x56f920228e60_0;
    %pad/u 32;
    %sub;
    %subi 1, 0, 32;
    %part/u 1;
    %assign/vec4 v0x56f920228cd0_0, 0;
    %load/vec4 v0x56f920228e60_0;
    %addi 1, 0, 5;
    %assign/vec4 v0x56f920228e60_0, 0;
    %load/vec4 v0x56f920228fd0_0;
    %addi 1, 0, 5;
    %assign/vec4 v0x56f920228fd0_0, 0;
T_2.4 ;
    %jmp T_2.3;
T_2.2 ;
    %pushi/vec4 0, 0, 5;
    %assign/vec4 v0x56f920228e60_0, 0;
T_2.3 ;
T_2.1 ;
    %jmp T_2;
    .thread T_2;
    .scope S_0x56f9202283b0;
T_3 ;
    %wait E_0x56f9201d74b0;
    %load/vec4 v0x56f920229230_0;
    %store/vec4 v0x56f9202294b0_0, 0, 3;
    %load/vec4 v0x56f920228fd0_0;
    %store/vec4 v0x56f9202293d0_0, 0, 5;
    %load/vec4 v0x56f920229230_0;
    %dup/vec4;
    %pushi/vec4 0, 0, 3;
    %cmp/u;
    %jmp/1 T_3.0, 6;
    %dup/vec4;
    %pushi/vec4 1, 0, 3;
    %cmp/u;
    %jmp/1 T_3.1, 6;
    %dup/vec4;
    %pushi/vec4 2, 0, 3;
    %cmp/u;
    %jmp/1 T_3.2, 6;
    %dup/vec4;
    %pushi/vec4 3, 0, 3;
    %cmp/u;
    %jmp/1 T_3.3, 6;
    %dup/vec4;
    %pushi/vec4 4, 0, 3;
    %cmp/u;
    %jmp/1 T_3.4, 6;
    %pushi/vec4 0, 0, 3;
    %store/vec4 v0x56f9202294b0_0, 0, 3;
    %jmp T_3.6;
T_3.0 ;
    %pushi/vec4 1, 0, 1;
    %store/vec4 v0x56f920228b60_0, 0, 1;
    %load/vec4 v0x56f9202297e0_0;
    %pad/u 32;
    %cmpi/u 4, 0, 32;
    %jmp/0xz  T_3.7, 5;
    %pushi/vec4 1, 0, 3;
    %store/vec4 v0x56f9202294b0_0, 0, 3;
T_3.7 ;
    %jmp T_3.6;
T_3.1 ;
    %pushi/vec4 0, 0, 1;
    %store/vec4 v0x56f920228b60_0, 0, 1;
    %load/vec4 v0x56f920228b60_0;
    %nor/r;
    %flag_set/vec4 8;
    %jmp/0xz  T_3.9, 8;
    %pushi/vec4 2, 0, 3;
    %store/vec4 v0x56f9202294b0_0, 0, 3;
T_3.9 ;
    %jmp T_3.6;
T_3.2 ;
    %load/vec4 v0x56f9202297e0_0;
    %pad/u 32;
    %cmpi/e 4, 0, 32;
    %jmp/0xz  T_3.11, 4;
    %pushi/vec4 1, 0, 1;
    %assign/vec4 v0x56f920228b60_0, 0;
T_3.11 ;
    %load/vec4 v0x56f920228fd0_0;
    %pad/u 32;
    %cmpi/u 14, 0, 32;
    %flag_or 5, 4;
    %jmp/0xz  T_3.13, 5;
    %pushi/vec4 2, 0, 3;
    %store/vec4 v0x56f9202294b0_0, 0, 3;
    %jmp T_3.14;
T_3.13 ;
    %pushi/vec4 3, 0, 3;
    %store/vec4 v0x56f9202294b0_0, 0, 3;
T_3.14 ;
    %jmp T_3.6;
T_3.3 ;
    %load/vec4 v0x56f920228ac0_0;
    %nor/r;
    %load/vec4 v0x56f920228a20_0;
    %nor/r;
    %and;
    %flag_set/vec4 8;
    %load/vec4 v0x56f920228ac0_0;
    %load/vec4 v0x56f920228a20_0;
    %and;
    %flag_set/vec4 9;
    %flag_or 9, 8;
    %jmp/0xz  T_3.15, 9;
    %pushi/vec4 0, 0, 1;
    %assign/vec4 v0x56f920228cd0_0, 0;
T_3.15 ;
    %pushi/vec4 4, 0, 3;
    %store/vec4 v0x56f9202294b0_0, 0, 3;
    %jmp T_3.6;
T_3.4 ;
    %pushi/vec4 1, 0, 1;
    %store/vec4 v0x56f920228b60_0, 0, 1;
    %pushi/vec4 0, 0, 16;
    %assign/vec4 v0x56f920229660_0, 0;
    %pushi/vec4 0, 0, 3;
    %store/vec4 v0x56f9202294b0_0, 0, 3;
    %pushi/vec4 0, 0, 5;
    %assign/vec4 v0x56f920228fd0_0, 0;
    %jmp T_3.6;
T_3.6 ;
    %pop/vec4 1;
    %jmp T_3;
    .thread T_3, $push;
    .scope S_0x56f9202299c0;
T_4 ;
    %pushi/vec4 1795, 0, 16;
    %store/vec4 v0x56f92022a7c0_0, 0, 16;
    %end;
    .thread T_4;
    .scope S_0x56f9202299c0;
T_5 ;
    %wait E_0x56f9201d7160;
    %load/vec4 v0x56f92022ac00_0;
    %nor/r;
    %flag_set/vec4 8;
    %jmp/0xz  T_5.0, 8;
    %pushi/vec4 0, 0, 3;
    %assign/vec4 v0x56f92022a8a0_0, 0;
    %pushi/vec4 0, 0, 1;
    %assign/vec4 v0x56f92022a2d0_0, 0;
    %pushi/vec4 0, 0, 16;
    %assign/vec4 v0x56f92022aca0_0, 0;
    %pushi/vec4 0, 0, 5;
    %assign/vec4 v0x56f92022a640_0, 0;
    %pushi/vec4 0, 0, 4;
    %assign/vec4 v0x56f92022ad80_0, 0;
    %pushi/vec4 0, 0, 1;
    %assign/vec4 v0x56f92022a980_0, 0;
    %jmp T_5.1;
T_5.0 ;
    %load/vec4 v0x56f92022ab20_0;
    %assign/vec4 v0x56f92022a8a0_0, 0;
    %load/vec4 v0x56f92022aa40_0;
    %assign/vec4 v0x56f92022a6e0_0, 0;
    %load/vec4 v0x56f92022aca0_0;
    %ix/load 4, 1, 0;
    %flag_set/imm 4, 0;
    %shiftl 4;
    %load/vec4 v0x56f92022a370_0;
    %pad/u 16;
    %or;
    %assign/vec4 v0x56f92022aca0_0, 0;
    %load/vec4 v0x56f92022a550_0;
    %nor/r;
    %load/vec4 v0x56f92022a8a0_0;
    %pad/u 32;
    %pushi/vec4 2, 0, 32;
    %cmp/e;
    %flag_get/vec4 4;
    %and;
    %load/vec4 v0x56f92022a6e0_0;
    %pad/u 32;
    %cmpi/u 15, 0, 32;
    %flag_get/vec4 5;
    %and;
    %flag_set/vec4 8;
    %jmp/0xz  T_5.2, 8;
    %load/vec4 v0x56f92022a1c0_0;
    %nor/r;
    %load/vec4 v0x56f92022a0b0_0;
    %nor/r;
    %and;
    %flag_set/vec4 8;
    %load/vec4 v0x56f92022a1c0_0;
    %load/vec4 v0x56f92022a0b0_0;
    %and;
    %flag_set/vec4 9;
    %flag_or 9, 8;
    %jmp/0xz  T_5.4, 9;
    %load/vec4 v0x56f92022a7c0_0;
    %pushi/vec4 15, 0, 32;
    %load/vec4 v0x56f92022a640_0;
    %pad/u 32;
    %sub;
    %subi 1, 0, 32;
    %part/u 1;
    %assign/vec4 v0x56f92022a2d0_0, 0;
    %load/vec4 v0x56f92022a640_0;
    %addi 1, 0, 5;
    %assign/vec4 v0x56f92022a640_0, 0;
    %load/vec4 v0x56f92022a6e0_0;
    %addi 1, 0, 5;
    %assign/vec4 v0x56f92022a6e0_0, 0;
T_5.4 ;
    %jmp T_5.3;
T_5.2 ;
    %pushi/vec4 0, 0, 5;
    %assign/vec4 v0x56f92022a640_0, 0;
    %pushi/vec4 0, 0, 1;
    %store/vec4 v0x56f92022a980_0, 0, 1;
T_5.3 ;
T_5.1 ;
    %jmp T_5;
    .thread T_5;
    .scope S_0x56f9202299c0;
T_6 ;
    %wait E_0x56f9201d6610;
    %load/vec4 v0x56f92022ac00_0;
    %nor/r;
    %flag_set/vec4 8;
    %jmp/0xz  T_6.0, 8;
    %pushi/vec4 0, 0, 3;
    %assign/vec4 v0x56f92022a8a0_0, 0;
    %pushi/vec4 0, 0, 5;
    %assign/vec4 v0x56f92022a6e0_0, 0;
    %pushi/vec4 0, 0, 5;
    %assign/vec4 v0x56f92022a640_0, 0;
    %jmp T_6.1;
T_6.0 ;
    %load/vec4 v0x56f92022aa40_0;
    %assign/vec4 v0x56f92022a6e0_0, 0;
    %load/vec4 v0x56f92022a8a0_0;
    %pad/u 32;
    %pushi/vec4 2, 0, 32;
    %cmp/e;
    %flag_get/vec4 4;
    %load/vec4 v0x56f92022a6e0_0;
    %pad/u 32;
    %cmpi/u 15, 0, 32;
    %flag_get/vec4 5;
    %and;
    %flag_set/vec4 8;
    %jmp/0xz  T_6.2, 8;
    %load/vec4 v0x56f92022a1c0_0;
    %load/vec4 v0x56f92022a0b0_0;
    %nor/r;
    %and;
    %flag_set/vec4 8;
    %load/vec4 v0x56f92022a1c0_0;
    %nor/r;
    %load/vec4 v0x56f92022a0b0_0;
    %and;
    %flag_set/vec4 9;
    %flag_or 9, 8;
    %jmp/0xz  T_6.4, 9;
    %load/vec4 v0x56f92022a7c0_0;
    %pushi/vec4 15, 0, 32;
    %load/vec4 v0x56f92022a640_0;
    %pad/u 32;
    %sub;
    %subi 1, 0, 32;
    %part/u 1;
    %assign/vec4 v0x56f92022a2d0_0, 0;
    %load/vec4 v0x56f92022a640_0;
    %addi 1, 0, 5;
    %assign/vec4 v0x56f92022a640_0, 0;
    %load/vec4 v0x56f92022a6e0_0;
    %addi 1, 0, 5;
    %assign/vec4 v0x56f92022a6e0_0, 0;
    %load/vec4 v0x56f92022a8a0_0;
    %pad/u 32;
    %cmpi/e 3, 0, 32;
    %jmp/0xz  T_6.6, 4;
    %pushi/vec4 0, 0, 1;
    %assign/vec4 v0x56f92022a2d0_0, 0;
T_6.6 ;
T_6.4 ;
    %jmp T_6.3;
T_6.2 ;
    %pushi/vec4 0, 0, 5;
    %assign/vec4 v0x56f92022a640_0, 0;
T_6.3 ;
T_6.1 ;
    %jmp T_6;
    .thread T_6;
    .scope S_0x56f9202299c0;
T_7 ;
    %wait E_0x56f92020a7b0;
    %load/vec4 v0x56f92022a8a0_0;
    %store/vec4 v0x56f92022ab20_0, 0, 3;
    %load/vec4 v0x56f92022a6e0_0;
    %store/vec4 v0x56f92022aa40_0, 0, 5;
    %load/vec4 v0x56f92022a8a0_0;
    %dup/vec4;
    %pushi/vec4 0, 0, 3;
    %cmp/u;
    %jmp/1 T_7.0, 6;
    %dup/vec4;
    %pushi/vec4 1, 0, 3;
    %cmp/u;
    %jmp/1 T_7.1, 6;
    %dup/vec4;
    %pushi/vec4 2, 0, 3;
    %cmp/u;
    %jmp/1 T_7.2, 6;
    %dup/vec4;
    %pushi/vec4 3, 0, 3;
    %cmp/u;
    %jmp/1 T_7.3, 6;
    %dup/vec4;
    %pushi/vec4 4, 0, 3;
    %cmp/u;
    %jmp/1 T_7.4, 6;
    %pushi/vec4 0, 0, 3;
    %store/vec4 v0x56f92022ab20_0, 0, 3;
    %jmp T_7.6;
T_7.0 ;
    %load/vec4 v0x56f92022ad80_0;
    %pad/u 32;
    %cmpi/u 4, 0, 32;
    %jmp/0xz  T_7.7, 5;
    %pushi/vec4 1, 0, 3;
    %store/vec4 v0x56f92022ab20_0, 0, 3;
T_7.7 ;
    %jmp T_7.6;
T_7.1 ;
    %load/vec4 v0x56f92022a550_0;
    %nor/r;
    %flag_set/vec4 8;
    %jmp/0xz  T_7.9, 8;
    %pushi/vec4 2, 0, 3;
    %store/vec4 v0x56f92022ab20_0, 0, 3;
T_7.9 ;
    %jmp T_7.6;
T_7.2 ;
    %load/vec4 v0x56f92022a6e0_0;
    %pad/u 32;
    %cmpi/u 14, 0, 32;
    %flag_or 5, 4;
    %jmp/0xz  T_7.11, 5;
    %pushi/vec4 2, 0, 3;
    %store/vec4 v0x56f92022ab20_0, 0, 3;
    %jmp T_7.12;
T_7.11 ;
    %pushi/vec4 3, 0, 3;
    %store/vec4 v0x56f92022ab20_0, 0, 3;
T_7.12 ;
    %jmp T_7.6;
T_7.3 ;
    %load/vec4 v0x56f92022a1c0_0;
    %nor/r;
    %load/vec4 v0x56f92022a0b0_0;
    %nor/r;
    %and;
    %flag_set/vec4 8;
    %load/vec4 v0x56f92022a1c0_0;
    %load/vec4 v0x56f92022a0b0_0;
    %and;
    %flag_set/vec4 9;
    %flag_or 9, 8;
    %jmp/0xz  T_7.13, 9;
    %pushi/vec4 0, 0, 1;
    %assign/vec4 v0x56f92022a2d0_0, 0;
T_7.13 ;
    %pushi/vec4 4, 0, 3;
    %store/vec4 v0x56f92022ab20_0, 0, 3;
    %jmp T_7.6;
T_7.4 ;
    %pushi/vec4 0, 0, 1;
    %assign/vec4 v0x56f92022a2d0_0, 0;
    %pushi/vec4 0, 0, 16;
    %assign/vec4 v0x56f92022aca0_0, 0;
    %pushi/vec4 0, 0, 3;
    %store/vec4 v0x56f92022ab20_0, 0, 3;
    %pushi/vec4 0, 0, 5;
    %assign/vec4 v0x56f92022a6e0_0, 0;
    %jmp T_7.6;
T_7.6 ;
    %pop/vec4 1;
    %jmp T_7;
    .thread T_7, $push;
    .scope S_0x56f92022af80;
T_8 ;
    %pushi/vec4 1795, 0, 16;
    %store/vec4 v0x56f92022bc50_0, 0, 16;
    %end;
    .thread T_8;
    .scope S_0x56f92022af80;
T_9 ;
    %wait E_0x56f9201d7160;
    %load/vec4 v0x56f92022c090_0;
    %nor/r;
    %flag_set/vec4 8;
    %jmp/0xz  T_9.0, 8;
    %pushi/vec4 0, 0, 3;
    %assign/vec4 v0x56f92022bd30_0, 0;
    %pushi/vec4 0, 0, 1;
    %assign/vec4 v0x56f92022b840_0, 0;
    %pushi/vec4 0, 0, 16;
    %assign/vec4 v0x56f92022c130_0, 0;
    %pushi/vec4 0, 0, 5;
    %assign/vec4 v0x56f92022bb10_0, 0;
    %pushi/vec4 0, 0, 4;
    %assign/vec4 v0x56f92022c210_0, 0;
    %pushi/vec4 0, 0, 1;
    %assign/vec4 v0x56f92022be10_0, 0;
    %jmp T_9.1;
T_9.0 ;
    %load/vec4 v0x56f92022bfb0_0;
    %assign/vec4 v0x56f92022bd30_0, 0;
    %load/vec4 v0x56f92022bed0_0;
    %assign/vec4 v0x56f92022bbb0_0, 0;
    %load/vec4 v0x56f92022c130_0;
    %ix/load 4, 1, 0;
    %flag_set/imm 4, 0;
    %shiftl 4;
    %load/vec4 v0x56f92022b8e0_0;
    %pad/u 16;
    %or;
    %assign/vec4 v0x56f92022c130_0, 0;
    %load/vec4 v0x56f92022ba70_0;
    %nor/r;
    %load/vec4 v0x56f92022bd30_0;
    %pad/u 32;
    %pushi/vec4 2, 0, 32;
    %cmp/e;
    %flag_get/vec4 4;
    %and;
    %load/vec4 v0x56f92022bbb0_0;
    %pad/u 32;
    %cmpi/u 15, 0, 32;
    %flag_get/vec4 5;
    %and;
    %flag_set/vec4 8;
    %jmp/0xz  T_9.2, 8;
    %load/vec4 v0x56f92022b780_0;
    %nor/r;
    %load/vec4 v0x56f92022b6c0_0;
    %nor/r;
    %and;
    %flag_set/vec4 8;
    %load/vec4 v0x56f92022b780_0;
    %load/vec4 v0x56f92022b6c0_0;
    %and;
    %flag_set/vec4 9;
    %flag_or 9, 8;
    %jmp/0xz  T_9.4, 9;
    %load/vec4 v0x56f92022bc50_0;
    %pushi/vec4 15, 0, 32;
    %load/vec4 v0x56f92022bb10_0;
    %pad/u 32;
    %sub;
    %subi 1, 0, 32;
    %part/u 1;
    %assign/vec4 v0x56f92022b840_0, 0;
    %load/vec4 v0x56f92022bb10_0;
    %addi 1, 0, 5;
    %assign/vec4 v0x56f92022bb10_0, 0;
    %load/vec4 v0x56f92022bbb0_0;
    %addi 1, 0, 5;
    %assign/vec4 v0x56f92022bbb0_0, 0;
T_9.4 ;
    %jmp T_9.3;
T_9.2 ;
    %pushi/vec4 0, 0, 5;
    %assign/vec4 v0x56f92022bb10_0, 0;
    %pushi/vec4 0, 0, 1;
    %store/vec4 v0x56f92022be10_0, 0, 1;
T_9.3 ;
T_9.1 ;
    %jmp T_9;
    .thread T_9;
    .scope S_0x56f92022af80;
T_10 ;
    %wait E_0x56f9201d6610;
    %load/vec4 v0x56f92022c090_0;
    %nor/r;
    %flag_set/vec4 8;
    %jmp/0xz  T_10.0, 8;
    %pushi/vec4 0, 0, 3;
    %assign/vec4 v0x56f92022bd30_0, 0;
    %pushi/vec4 0, 0, 5;
    %assign/vec4 v0x56f92022bbb0_0, 0;
    %pushi/vec4 0, 0, 5;
    %assign/vec4 v0x56f92022bb10_0, 0;
    %jmp T_10.1;
T_10.0 ;
    %load/vec4 v0x56f92022bed0_0;
    %assign/vec4 v0x56f92022bbb0_0, 0;
    %load/vec4 v0x56f92022bd30_0;
    %pad/u 32;
    %pushi/vec4 2, 0, 32;
    %cmp/e;
    %flag_get/vec4 4;
    %load/vec4 v0x56f92022bbb0_0;
    %pad/u 32;
    %cmpi/u 15, 0, 32;
    %flag_get/vec4 5;
    %and;
    %flag_set/vec4 8;
    %jmp/0xz  T_10.2, 8;
    %load/vec4 v0x56f92022b780_0;
    %load/vec4 v0x56f92022b6c0_0;
    %nor/r;
    %and;
    %flag_set/vec4 8;
    %load/vec4 v0x56f92022b780_0;
    %nor/r;
    %load/vec4 v0x56f92022b6c0_0;
    %and;
    %flag_set/vec4 9;
    %flag_or 9, 8;
    %jmp/0xz  T_10.4, 9;
    %load/vec4 v0x56f92022bc50_0;
    %pushi/vec4 15, 0, 32;
    %load/vec4 v0x56f92022bb10_0;
    %pad/u 32;
    %sub;
    %subi 1, 0, 32;
    %part/u 1;
    %assign/vec4 v0x56f92022b840_0, 0;
    %load/vec4 v0x56f92022bb10_0;
    %addi 1, 0, 5;
    %assign/vec4 v0x56f92022bb10_0, 0;
    %load/vec4 v0x56f92022bbb0_0;
    %addi 1, 0, 5;
    %assign/vec4 v0x56f92022bbb0_0, 0;
    %load/vec4 v0x56f92022bd30_0;
    %pad/u 32;
    %cmpi/e 3, 0, 32;
    %jmp/0xz  T_10.6, 4;
    %pushi/vec4 0, 0, 1;
    %assign/vec4 v0x56f92022b840_0, 0;
T_10.6 ;
T_10.4 ;
    %jmp T_10.3;
T_10.2 ;
    %pushi/vec4 0, 0, 5;
    %assign/vec4 v0x56f92022bb10_0, 0;
T_10.3 ;
T_10.1 ;
    %jmp T_10;
    .thread T_10;
    .scope S_0x56f92022af80;
T_11 ;
    %wait E_0x56f92022b640;
    %load/vec4 v0x56f92022bd30_0;
    %store/vec4 v0x56f92022bfb0_0, 0, 3;
    %load/vec4 v0x56f92022bbb0_0;
    %store/vec4 v0x56f92022bed0_0, 0, 5;
    %load/vec4 v0x56f92022bd30_0;
    %dup/vec4;
    %pushi/vec4 0, 0, 3;
    %cmp/u;
    %jmp/1 T_11.0, 6;
    %dup/vec4;
    %pushi/vec4 1, 0, 3;
    %cmp/u;
    %jmp/1 T_11.1, 6;
    %dup/vec4;
    %pushi/vec4 2, 0, 3;
    %cmp/u;
    %jmp/1 T_11.2, 6;
    %dup/vec4;
    %pushi/vec4 3, 0, 3;
    %cmp/u;
    %jmp/1 T_11.3, 6;
    %dup/vec4;
    %pushi/vec4 4, 0, 3;
    %cmp/u;
    %jmp/1 T_11.4, 6;
    %pushi/vec4 0, 0, 3;
    %store/vec4 v0x56f92022bfb0_0, 0, 3;
    %jmp T_11.6;
T_11.0 ;
    %load/vec4 v0x56f92022c210_0;
    %pad/u 32;
    %cmpi/u 4, 0, 32;
    %jmp/0xz  T_11.7, 5;
    %pushi/vec4 1, 0, 3;
    %store/vec4 v0x56f92022bfb0_0, 0, 3;
T_11.7 ;
    %jmp T_11.6;
T_11.1 ;
    %load/vec4 v0x56f92022ba70_0;
    %nor/r;
    %flag_set/vec4 8;
    %jmp/0xz  T_11.9, 8;
    %pushi/vec4 2, 0, 3;
    %store/vec4 v0x56f92022bfb0_0, 0, 3;
T_11.9 ;
    %jmp T_11.6;
T_11.2 ;
    %load/vec4 v0x56f92022bbb0_0;
    %pad/u 32;
    %cmpi/u 14, 0, 32;
    %flag_or 5, 4;
    %jmp/0xz  T_11.11, 5;
    %pushi/vec4 2, 0, 3;
    %store/vec4 v0x56f92022bfb0_0, 0, 3;
    %jmp T_11.12;
T_11.11 ;
    %pushi/vec4 3, 0, 3;
    %store/vec4 v0x56f92022bfb0_0, 0, 3;
T_11.12 ;
    %jmp T_11.6;
T_11.3 ;
    %load/vec4 v0x56f92022b780_0;
    %nor/r;
    %load/vec4 v0x56f92022b6c0_0;
    %nor/r;
    %and;
    %flag_set/vec4 8;
    %load/vec4 v0x56f92022b780_0;
    %load/vec4 v0x56f92022b6c0_0;
    %and;
    %flag_set/vec4 9;
    %flag_or 9, 8;
    %jmp/0xz  T_11.13, 9;
    %pushi/vec4 0, 0, 1;
    %assign/vec4 v0x56f92022b840_0, 0;
T_11.13 ;
    %pushi/vec4 4, 0, 3;
    %store/vec4 v0x56f92022bfb0_0, 0, 3;
    %jmp T_11.6;
T_11.4 ;
    %pushi/vec4 0, 0, 1;
    %assign/vec4 v0x56f92022b840_0, 0;
    %pushi/vec4 0, 0, 16;
    %assign/vec4 v0x56f92022c130_0, 0;
    %pushi/vec4 0, 0, 3;
    %store/vec4 v0x56f92022bfb0_0, 0, 3;
    %pushi/vec4 0, 0, 5;
    %assign/vec4 v0x56f92022bbb0_0, 0;
    %jmp T_11.6;
T_11.6 ;
    %pop/vec4 1;
    %jmp T_11;
    .thread T_11, $push;
    .scope S_0x56f9201fa820;
T_12 ;
    %pushi/vec4 0, 0, 1;
    %store/vec4 v0x56f920201090_0, 0, 1;
    %pushi/vec4 0, 0, 1;
    %store/vec4 v0x56f9202056c0_0, 0, 1;
    %pushi/vec4 0, 0, 1;
    %store/vec4 v0x56f920207230_0, 0, 1;
    %pushi/vec4 0, 0, 1;
    %store/vec4 v0x56f9202281a0_0, 0, 1;
    %delay 40, 0;
    %pushi/vec4 1, 0, 1;
    %store/vec4 v0x56f9202281a0_0, 0, 1;
    %pushi/vec4 0, 0, 1;
    %store/vec4 v0x56f9202056c0_0, 0, 1;
    %pushi/vec4 0, 0, 1;
    %store/vec4 v0x56f920207230_0, 0, 1;
    %delay 725, 0;
    %pushi/vec4 0, 0, 1;
    %store/vec4 v0x56f9202056c0_0, 0, 1;
    %pushi/vec4 1, 0, 1;
    %store/vec4 v0x56f920207230_0, 0, 1;
    %delay 640, 0;
    %pushi/vec4 1, 0, 1;
    %store/vec4 v0x56f9202056c0_0, 0, 1;
    %pushi/vec4 0, 0, 1;
    %store/vec4 v0x56f920207230_0, 0, 1;
    %delay 700, 0;
    %pushi/vec4 1, 0, 1;
    %store/vec4 v0x56f9202056c0_0, 0, 1;
    %pushi/vec4 1, 0, 1;
    %store/vec4 v0x56f920207230_0, 0, 1;
    %delay 2000, 0;
    %vpi_call 3 62 "$finish" {0 0 0};
    %end;
    .thread T_12;
    .scope S_0x56f9201fa820;
T_13 ;
    %delay 5, 0;
    %load/vec4 v0x56f920201090_0;
    %nor/r;
    %store/vec4 v0x56f920201090_0, 0, 1;
    %jmp T_13;
    .thread T_13;
    .scope S_0x56f9201fa690;
T_14 ;
    %vpi_call 2 19 "$dumpfile", "testbench.vcd" {0 0 0};
    %vpi_call 2 20 "$dumpvars" {0 0 0};
    %end;
    .thread T_14;
# The file index is used to find the file name in the following table.
:file_names 6;
    "N/A";
    "<interactive>";
    "testbench.v";
    "./tester.v";
    "./generador.v";
    "./objetivo.v";
