#! /usr/bin/vvp
:ivl_version "11.0 (stable)";
:ivl_delay_selection "TYPICAL";
:vpi_time_precision + 0;
:vpi_module "/usr/lib/x86_64-linux-gnu/ivl/system.vpi";
:vpi_module "/usr/lib/x86_64-linux-gnu/ivl/vhdl_sys.vpi";
:vpi_module "/usr/lib/x86_64-linux-gnu/ivl/vhdl_textio.vpi";
:vpi_module "/usr/lib/x86_64-linux-gnu/ivl/v2005_math.vpi";
:vpi_module "/usr/lib/x86_64-linux-gnu/ivl/va_math.vpi";
S_0x64c5e702b690 .scope module, "generador_tb" "generador_tb" 2 5;
 .timescale 0 0;
v0x64c5e70527a0_0 .net "CKP", 0 0, v0x64c5e701f570_0;  1 drivers
v0x64c5e7052860_0 .net "CPH", 0 0, v0x64c5e701f3f0_0;  1 drivers
v0x64c5e7052920_0 .net "CS", 0 0, v0x64c5e7050300_0;  1 drivers
v0x64c5e70529c0_0 .net "MISO", 0 0, v0x64c5e7051a50_0;  1 drivers
v0x64c5e7052a60_0 .net "MOSI", 0 0, v0x64c5e70504a0_0;  1 drivers
v0x64c5e7052b50_0 .net "SCK", 0 0, L_0x64c5e7002700;  1 drivers
v0x64c5e7052bf0_0 .net "clk", 0 0, v0x64c5e7004510_0;  1 drivers
v0x64c5e7052ce0_0 .net "reset", 0 0, v0x64c5e704f940_0;  1 drivers
S_0x64c5e702b820 .scope module, "P0" "tester" 2 47, 3 1 0, S_0x64c5e702b690;
 .timescale 0 0;
    .port_info 0 /INPUT 1 "MOSI";
    .port_info 1 /INPUT 1 "SCK";
    .port_info 2 /INPUT 1 "CS";
    .port_info 3 /OUTPUT 1 "MISO";
    .port_info 4 /OUTPUT 1 "clk";
    .port_info 5 /OUTPUT 1 "reset";
    .port_info 6 /OUTPUT 1 "CKP";
    .port_info 7 /OUTPUT 1 "CPH";
v0x64c5e701f570_0 .var "CKP", 0 0;
v0x64c5e701f3f0_0 .var "CPH", 0 0;
v0x64c5e701f870_0 .net "CS", 0 0, v0x64c5e7050300_0;  alias, 1 drivers
v0x64c5e7002860_0 .net "MISO", 0 0, v0x64c5e7051a50_0;  alias, 1 drivers
v0x64c5e7002900_0 .net "MOSI", 0 0, v0x64c5e70504a0_0;  alias, 1 drivers
v0x64c5e7004470_0 .net "SCK", 0 0, L_0x64c5e7002700;  alias, 1 drivers
v0x64c5e7004510_0 .var "clk", 0 0;
v0x64c5e704f940_0 .var "reset", 0 0;
S_0x64c5e704fb50 .scope module, "U0" "generador_spi" 2 22, 4 1 0, S_0x64c5e702b690;
 .timescale 0 0;
    .port_info 0 /OUTPUT 1 "MOSI";
    .port_info 1 /OUTPUT 1 "CS";
    .port_info 2 /OUTPUT 1 "SCK";
    .port_info 3 /INPUT 1 "MISO";
    .port_info 4 /INPUT 1 "clk";
    .port_info 5 /INPUT 1 "reset";
    .port_info 6 /INPUT 1 "CKP";
    .port_info 7 /INPUT 1 "CPH";
P_0x64c5e6fcec40 .param/l "DIV_FREQ" 1 4 15, +C4<00000000000000000000000000000010>;
P_0x64c5e6fcec80 .param/l "ENVIO_DATOS" 0 4 29, C4<010>;
P_0x64c5e6fcecc0 .param/l "FINALIZACION_ENVIO" 0 4 30, C4<011>;
P_0x64c5e6fced00 .param/l "IDLE" 0 4 27, C4<000>;
P_0x64c5e6fced40 .param/l "INICIALIZACION" 0 4 31, C4<100>;
P_0x64c5e6fced80 .param/l "NUM_BITS" 0 4 60, +C4<00000000000000000000000000001111>;
P_0x64c5e6fcedc0 .param/l "VERIFICACION" 0 4 28, C4<001>;
L_0x64c5e7002700 .functor BUFZ 1, v0x64c5e7050ea0_0, C4<0>, C4<0>, C4<0>;
v0x64c5e70501c0_0 .net "CKP", 0 0, v0x64c5e701f570_0;  alias, 1 drivers
v0x64c5e7050260_0 .net "CPH", 0 0, v0x64c5e701f3f0_0;  alias, 1 drivers
v0x64c5e7050300_0 .var "CS", 0 0;
v0x64c5e70503d0_0 .net "MISO", 0 0, v0x64c5e7051a50_0;  alias, 1 drivers
v0x64c5e70504a0_0 .var "MOSI", 0 0;
v0x64c5e7050590_0 .net "SCK", 0 0, L_0x64c5e7002700;  alias, 1 drivers
v0x64c5e7050660_0 .var "bit_index", 4 0;
v0x64c5e7050700_0 .net "clk", 0 0, v0x64c5e7004510_0;  alias, 1 drivers
v0x64c5e70507d0_0 .var "contador_bits_master", 4 0;
v0x64c5e7050870_0 .var "current_data", 15 0;
v0x64c5e7050910_0 .var "div_freq", 1 0;
v0x64c5e70509b0_0 .var "estado_actual", 2 0;
v0x64c5e7050a90_0 .var "last_data_sent", 0 0;
v0x64c5e7050b50_0 .var "prox_contador_bits_master", 4 0;
v0x64c5e7050c30_0 .var "proximo_estado", 2 0;
v0x64c5e7050d10_0 .net "reset", 0 0, v0x64c5e704f940_0;  alias, 1 drivers
v0x64c5e7050de0_0 .var "sampled_data_MISO", 15 0;
v0x64c5e7050ea0_0 .var "sck_reg", 0 0;
v0x64c5e7050f60_0 .var "trans_done", 3 0;
E_0x64c5e70084b0/0 .event edge, v0x64c5e70509b0_0, v0x64c5e70507d0_0, v0x64c5e7050f60_0, v0x64c5e701f870_0;
E_0x64c5e70084b0/1 .event edge, v0x64c5e701f3f0_0, v0x64c5e701f570_0;
E_0x64c5e70084b0 .event/or E_0x64c5e70084b0/0, E_0x64c5e70084b0/1;
E_0x64c5e7007610 .event negedge, v0x64c5e704f940_0, v0x64c5e7004470_0;
E_0x64c5e7008160/0 .event negedge, v0x64c5e704f940_0;
E_0x64c5e7008160/1 .event posedge, v0x64c5e7004470_0;
E_0x64c5e7008160 .event/or E_0x64c5e7008160/0, E_0x64c5e7008160/1;
E_0x64c5e6ff09b0/0 .event negedge, v0x64c5e704f940_0;
E_0x64c5e6ff09b0/1 .event posedge, v0x64c5e7004510_0;
E_0x64c5e6ff09b0 .event/or E_0x64c5e6ff09b0/0, E_0x64c5e6ff09b0/1;
S_0x64c5e7051140 .scope module, "U1" "receptor_spi" 2 35, 5 1 0, S_0x64c5e702b690;
 .timescale 0 0;
    .port_info 0 /INPUT 1 "SS";
    .port_info 1 /INPUT 1 "SCK";
    .port_info 2 /INPUT 1 "MOSI";
    .port_info 3 /INPUT 1 "reset";
    .port_info 4 /INPUT 1 "CKP";
    .port_info 5 /INPUT 1 "CPH";
    .port_info 6 /OUTPUT 1 "MISO";
P_0x64c5e7051300 .param/l "ENVIO_DATOS" 0 5 26, C4<010>;
P_0x64c5e7051340 .param/l "FINALIZACION_ENVIO" 0 5 27, C4<011>;
P_0x64c5e7051380 .param/l "IDLE" 0 5 24, C4<000>;
P_0x64c5e70513c0 .param/l "INICIALIZACION" 0 5 28, C4<100>;
P_0x64c5e7051400 .param/l "NUM_BITS" 0 5 30, +C4<00000000000000000000000000001111>;
P_0x64c5e7051440 .param/l "VERIFICACION" 0 5 25, C4<001>;
v0x64c5e7051830_0 .net "CKP", 0 0, v0x64c5e701f570_0;  alias, 1 drivers
v0x64c5e7051940_0 .net "CPH", 0 0, v0x64c5e701f3f0_0;  alias, 1 drivers
v0x64c5e7051a50_0 .var "MISO", 0 0;
v0x64c5e7051b40_0 .net "MOSI", 0 0, v0x64c5e70504a0_0;  alias, 1 drivers
v0x64c5e7051c30_0 .net "SCK", 0 0, L_0x64c5e7002700;  alias, 1 drivers
v0x64c5e7051d70_0 .net "SS", 0 0, v0x64c5e7050300_0;  alias, 1 drivers
v0x64c5e7051e60_0 .var "bit_index", 4 0;
v0x64c5e7051f00_0 .var "contador_bits_obj", 4 0;
v0x64c5e7051fe0_0 .var "current_data_obj", 15 0;
v0x64c5e70520c0_0 .var "estado_actual", 2 0;
v0x64c5e70521a0_0 .var "last_data_sent", 0 0;
v0x64c5e7052260_0 .var "prox_contador_bits_obj", 4 0;
v0x64c5e7052340_0 .var "proximo_estado", 2 0;
v0x64c5e7052420_0 .net "reset", 0 0, v0x64c5e704f940_0;  alias, 1 drivers
v0x64c5e70524c0_0 .var "sampled_data_MOSI", 15 0;
v0x64c5e70525a0_0 .var "trans_done", 3 0;
E_0x64c5e7031ab0/0 .event edge, v0x64c5e70520c0_0, v0x64c5e7051f00_0, v0x64c5e70525a0_0, v0x64c5e701f870_0;
E_0x64c5e7031ab0/1 .event edge, v0x64c5e701f3f0_0, v0x64c5e701f570_0;
E_0x64c5e7031ab0 .event/or E_0x64c5e7031ab0/0, E_0x64c5e7031ab0/1;
    .scope S_0x64c5e704fb50;
T_0 ;
    %wait E_0x64c5e6ff09b0;
    %load/vec4 v0x64c5e7050d10_0;
    %nor/r;
    %flag_set/vec4 8;
    %jmp/0xz  T_0.0, 8;
    %pushi/vec4 772, 0, 16;
    %assign/vec4 v0x64c5e7050870_0, 0;
    %pushi/vec4 0, 0, 2;
    %assign/vec4 v0x64c5e7050910_0, 0;
    %load/vec4 v0x64c5e70501c0_0;
    %assign/vec4 v0x64c5e7050ea0_0, 0;
    %pushi/vec4 0, 0, 1;
    %assign/vec4 v0x64c5e7050a90_0, 0;
    %pushi/vec4 0, 0, 16;
    %assign/vec4 v0x64c5e7050de0_0, 0;
    %pushi/vec4 0, 0, 5;
    %assign/vec4 v0x64c5e70507d0_0, 0;
    %jmp T_0.1;
T_0.0 ;
    %load/vec4 v0x64c5e7050910_0;
    %addi 1, 0, 2;
    %assign/vec4 v0x64c5e7050910_0, 0;
    %load/vec4 v0x64c5e7050910_0;
    %pad/u 32;
    %cmpi/e 1, 0, 32;
    %jmp/0xz  T_0.2, 4;
    %load/vec4 v0x64c5e7050ea0_0;
    %inv;
    %assign/vec4 v0x64c5e7050ea0_0, 0;
    %pushi/vec4 0, 0, 2;
    %assign/vec4 v0x64c5e7050910_0, 0;
T_0.2 ;
    %load/vec4 v0x64c5e7050300_0;
    %flag_set/vec4 8;
    %jmp/0xz  T_0.4, 8;
    %load/vec4 v0x64c5e70501c0_0;
    %assign/vec4 v0x64c5e7050ea0_0, 0;
T_0.4 ;
T_0.1 ;
    %jmp T_0;
    .thread T_0;
    .scope S_0x64c5e704fb50;
T_1 ;
    %wait E_0x64c5e7008160;
    %load/vec4 v0x64c5e7050d10_0;
    %nor/r;
    %flag_set/vec4 8;
    %jmp/0xz  T_1.0, 8;
    %pushi/vec4 0, 0, 3;
    %assign/vec4 v0x64c5e70509b0_0, 0;
    %pushi/vec4 0, 0, 1;
    %assign/vec4 v0x64c5e70504a0_0, 0;
    %pushi/vec4 0, 0, 1;
    %assign/vec4 v0x64c5e7050300_0, 0;
    %pushi/vec4 0, 0, 5;
    %assign/vec4 v0x64c5e7050660_0, 0;
    %pushi/vec4 0, 0, 4;
    %assign/vec4 v0x64c5e7050f60_0, 0;
    %pushi/vec4 0, 0, 1;
    %assign/vec4 v0x64c5e7050a90_0, 0;
    %jmp T_1.1;
T_1.0 ;
    %load/vec4 v0x64c5e7050c30_0;
    %assign/vec4 v0x64c5e70509b0_0, 0;
    %load/vec4 v0x64c5e7050b50_0;
    %assign/vec4 v0x64c5e70507d0_0, 0;
    %load/vec4 v0x64c5e70509b0_0;
    %pad/u 32;
    %cmpi/e 4, 0, 32;
    %jmp/0xz  T_1.2, 4;
    %load/vec4 v0x64c5e7050f60_0;
    %addi 1, 0, 4;
    %assign/vec4 v0x64c5e7050f60_0, 0;
T_1.2 ;
    %load/vec4 v0x64c5e7050de0_0;
    %ix/load 4, 1, 0;
    %flag_set/imm 4, 0;
    %shiftl 4;
    %load/vec4 v0x64c5e70503d0_0;
    %pad/u 16;
    %or;
    %assign/vec4 v0x64c5e7050de0_0, 0;
    %load/vec4 v0x64c5e70509b0_0;
    %pad/u 32;
    %pushi/vec4 2, 0, 32;
    %cmp/e;
    %flag_get/vec4 4;
    %load/vec4 v0x64c5e70507d0_0;
    %pad/u 32;
    %cmpi/u 15, 0, 32;
    %flag_get/vec4 5;
    %and;
    %flag_set/vec4 8;
    %jmp/0xz  T_1.4, 8;
    %load/vec4 v0x64c5e7050260_0;
    %nor/r;
    %load/vec4 v0x64c5e70501c0_0;
    %nor/r;
    %and;
    %flag_set/vec4 8;
    %load/vec4 v0x64c5e7050260_0;
    %load/vec4 v0x64c5e70501c0_0;
    %and;
    %flag_set/vec4 9;
    %flag_or 9, 8;
    %jmp/0xz  T_1.6, 9;
    %load/vec4 v0x64c5e7050870_0;
    %pushi/vec4 15, 0, 32;
    %load/vec4 v0x64c5e7050660_0;
    %pad/u 32;
    %sub;
    %subi 1, 0, 32;
    %part/u 1;
    %assign/vec4 v0x64c5e70504a0_0, 0;
    %load/vec4 v0x64c5e7050660_0;
    %addi 1, 0, 5;
    %assign/vec4 v0x64c5e7050660_0, 0;
    %load/vec4 v0x64c5e70507d0_0;
    %addi 1, 0, 5;
    %assign/vec4 v0x64c5e70507d0_0, 0;
T_1.6 ;
    %jmp T_1.5;
T_1.4 ;
    %pushi/vec4 0, 0, 5;
    %assign/vec4 v0x64c5e7050660_0, 0;
    %pushi/vec4 0, 0, 1;
    %store/vec4 v0x64c5e7050a90_0, 0, 1;
T_1.5 ;
T_1.1 ;
    %jmp T_1;
    .thread T_1;
    .scope S_0x64c5e704fb50;
T_2 ;
    %wait E_0x64c5e7007610;
    %load/vec4 v0x64c5e7050d10_0;
    %nor/r;
    %flag_set/vec4 8;
    %jmp/0xz  T_2.0, 8;
    %pushi/vec4 0, 0, 3;
    %assign/vec4 v0x64c5e70509b0_0, 0;
    %pushi/vec4 0, 0, 5;
    %assign/vec4 v0x64c5e70507d0_0, 0;
    %pushi/vec4 0, 0, 1;
    %assign/vec4 v0x64c5e70504a0_0, 0;
    %pushi/vec4 0, 0, 5;
    %assign/vec4 v0x64c5e7050660_0, 0;
    %jmp T_2.1;
T_2.0 ;
    %load/vec4 v0x64c5e7050b50_0;
    %assign/vec4 v0x64c5e70507d0_0, 0;
    %load/vec4 v0x64c5e70509b0_0;
    %pad/u 32;
    %pushi/vec4 2, 0, 32;
    %cmp/e;
    %flag_get/vec4 4;
    %load/vec4 v0x64c5e70507d0_0;
    %pad/u 32;
    %cmpi/u 15, 0, 32;
    %flag_get/vec4 5;
    %and;
    %flag_set/vec4 8;
    %jmp/0xz  T_2.2, 8;
    %load/vec4 v0x64c5e7050260_0;
    %load/vec4 v0x64c5e70501c0_0;
    %nor/r;
    %and;
    %flag_set/vec4 8;
    %load/vec4 v0x64c5e7050260_0;
    %nor/r;
    %load/vec4 v0x64c5e70501c0_0;
    %and;
    %flag_set/vec4 9;
    %flag_or 9, 8;
    %jmp/0xz  T_2.4, 9;
    %load/vec4 v0x64c5e7050870_0;
    %pushi/vec4 15, 0, 32;
    %load/vec4 v0x64c5e7050660_0;
    %pad/u 32;
    %sub;
    %subi 1, 0, 32;
    %part/u 1;
    %assign/vec4 v0x64c5e70504a0_0, 0;
    %load/vec4 v0x64c5e7050660_0;
    %addi 1, 0, 5;
    %assign/vec4 v0x64c5e7050660_0, 0;
    %load/vec4 v0x64c5e70507d0_0;
    %addi 1, 0, 5;
    %assign/vec4 v0x64c5e70507d0_0, 0;
T_2.4 ;
    %jmp T_2.3;
T_2.2 ;
    %pushi/vec4 0, 0, 5;
    %assign/vec4 v0x64c5e7050660_0, 0;
T_2.3 ;
T_2.1 ;
    %jmp T_2;
    .thread T_2;
    .scope S_0x64c5e704fb50;
T_3 ;
    %wait E_0x64c5e70084b0;
    %load/vec4 v0x64c5e70509b0_0;
    %store/vec4 v0x64c5e7050c30_0, 0, 3;
    %load/vec4 v0x64c5e70507d0_0;
    %store/vec4 v0x64c5e7050b50_0, 0, 5;
    %load/vec4 v0x64c5e70509b0_0;
    %dup/vec4;
    %pushi/vec4 0, 0, 3;
    %cmp/u;
    %jmp/1 T_3.0, 6;
    %dup/vec4;
    %pushi/vec4 1, 0, 3;
    %cmp/u;
    %jmp/1 T_3.1, 6;
    %dup/vec4;
    %pushi/vec4 2, 0, 3;
    %cmp/u;
    %jmp/1 T_3.2, 6;
    %dup/vec4;
    %pushi/vec4 3, 0, 3;
    %cmp/u;
    %jmp/1 T_3.3, 6;
    %dup/vec4;
    %pushi/vec4 4, 0, 3;
    %cmp/u;
    %jmp/1 T_3.4, 6;
    %pushi/vec4 0, 0, 3;
    %store/vec4 v0x64c5e7050c30_0, 0, 3;
    %jmp T_3.6;
T_3.0 ;
    %pushi/vec4 1, 0, 1;
    %store/vec4 v0x64c5e7050300_0, 0, 1;
    %load/vec4 v0x64c5e7050f60_0;
    %pad/u 32;
    %cmpi/u 4, 0, 32;
    %jmp/0xz  T_3.7, 5;
    %pushi/vec4 1, 0, 3;
    %store/vec4 v0x64c5e7050c30_0, 0, 3;
T_3.7 ;
    %jmp T_3.6;
T_3.1 ;
    %pushi/vec4 0, 0, 1;
    %store/vec4 v0x64c5e7050300_0, 0, 1;
    %load/vec4 v0x64c5e7050300_0;
    %nor/r;
    %flag_set/vec4 8;
    %jmp/0xz  T_3.9, 8;
    %pushi/vec4 2, 0, 3;
    %store/vec4 v0x64c5e7050c30_0, 0, 3;
T_3.9 ;
    %jmp T_3.6;
T_3.2 ;
    %load/vec4 v0x64c5e7050f60_0;
    %pad/u 32;
    %cmpi/e 4, 0, 32;
    %jmp/0xz  T_3.11, 4;
    %pushi/vec4 1, 0, 1;
    %assign/vec4 v0x64c5e7050300_0, 0;
T_3.11 ;
    %load/vec4 v0x64c5e70507d0_0;
    %pad/u 32;
    %cmpi/u 14, 0, 32;
    %flag_or 5, 4;
    %jmp/0xz  T_3.13, 5;
    %pushi/vec4 2, 0, 3;
    %store/vec4 v0x64c5e7050c30_0, 0, 3;
    %jmp T_3.14;
T_3.13 ;
    %pushi/vec4 3, 0, 3;
    %store/vec4 v0x64c5e7050c30_0, 0, 3;
T_3.14 ;
    %jmp T_3.6;
T_3.3 ;
    %load/vec4 v0x64c5e7050260_0;
    %nor/r;
    %load/vec4 v0x64c5e70501c0_0;
    %nor/r;
    %and;
    %flag_set/vec4 8;
    %load/vec4 v0x64c5e7050260_0;
    %load/vec4 v0x64c5e70501c0_0;
    %and;
    %flag_set/vec4 9;
    %flag_or 9, 8;
    %jmp/0xz  T_3.15, 9;
    %pushi/vec4 0, 0, 1;
    %assign/vec4 v0x64c5e70504a0_0, 0;
T_3.15 ;
    %pushi/vec4 4, 0, 3;
    %store/vec4 v0x64c5e7050c30_0, 0, 3;
    %jmp T_3.6;
T_3.4 ;
    %pushi/vec4 1, 0, 1;
    %store/vec4 v0x64c5e7050300_0, 0, 1;
    %pushi/vec4 0, 0, 16;
    %assign/vec4 v0x64c5e7050de0_0, 0;
    %pushi/vec4 0, 0, 3;
    %store/vec4 v0x64c5e7050c30_0, 0, 3;
    %pushi/vec4 0, 0, 5;
    %assign/vec4 v0x64c5e70507d0_0, 0;
    %jmp T_3.6;
T_3.6 ;
    %pop/vec4 1;
    %jmp T_3;
    .thread T_3, $push;
    .scope S_0x64c5e7051140;
T_4 ;
    %pushi/vec4 1795, 0, 16;
    %store/vec4 v0x64c5e7051fe0_0, 0, 16;
    %end;
    .thread T_4;
    .scope S_0x64c5e7051140;
T_5 ;
    %wait E_0x64c5e7008160;
    %load/vec4 v0x64c5e7052420_0;
    %nor/r;
    %flag_set/vec4 8;
    %jmp/0xz  T_5.0, 8;
    %pushi/vec4 0, 0, 3;
    %assign/vec4 v0x64c5e70520c0_0, 0;
    %pushi/vec4 0, 0, 1;
    %assign/vec4 v0x64c5e7051a50_0, 0;
    %pushi/vec4 0, 0, 16;
    %assign/vec4 v0x64c5e70524c0_0, 0;
    %pushi/vec4 0, 0, 5;
    %assign/vec4 v0x64c5e7051e60_0, 0;
    %pushi/vec4 0, 0, 4;
    %assign/vec4 v0x64c5e70525a0_0, 0;
    %pushi/vec4 0, 0, 1;
    %assign/vec4 v0x64c5e70521a0_0, 0;
    %jmp T_5.1;
T_5.0 ;
    %load/vec4 v0x64c5e7052340_0;
    %assign/vec4 v0x64c5e70520c0_0, 0;
    %load/vec4 v0x64c5e7052260_0;
    %assign/vec4 v0x64c5e7051f00_0, 0;
    %load/vec4 v0x64c5e70524c0_0;
    %ix/load 4, 1, 0;
    %flag_set/imm 4, 0;
    %shiftl 4;
    %load/vec4 v0x64c5e7051b40_0;
    %pad/u 16;
    %or;
    %assign/vec4 v0x64c5e70524c0_0, 0;
    %load/vec4 v0x64c5e7051d70_0;
    %nor/r;
    %load/vec4 v0x64c5e70520c0_0;
    %pad/u 32;
    %pushi/vec4 2, 0, 32;
    %cmp/e;
    %flag_get/vec4 4;
    %and;
    %load/vec4 v0x64c5e7051f00_0;
    %pad/u 32;
    %cmpi/u 15, 0, 32;
    %flag_get/vec4 5;
    %and;
    %flag_set/vec4 8;
    %jmp/0xz  T_5.2, 8;
    %load/vec4 v0x64c5e7051940_0;
    %nor/r;
    %load/vec4 v0x64c5e7051830_0;
    %nor/r;
    %and;
    %flag_set/vec4 8;
    %load/vec4 v0x64c5e7051940_0;
    %load/vec4 v0x64c5e7051830_0;
    %and;
    %flag_set/vec4 9;
    %flag_or 9, 8;
    %jmp/0xz  T_5.4, 9;
    %load/vec4 v0x64c5e7051fe0_0;
    %pushi/vec4 15, 0, 32;
    %load/vec4 v0x64c5e7051e60_0;
    %pad/u 32;
    %sub;
    %subi 1, 0, 32;
    %part/u 1;
    %assign/vec4 v0x64c5e7051a50_0, 0;
    %load/vec4 v0x64c5e7051e60_0;
    %addi 1, 0, 5;
    %assign/vec4 v0x64c5e7051e60_0, 0;
    %load/vec4 v0x64c5e7051f00_0;
    %addi 1, 0, 5;
    %assign/vec4 v0x64c5e7051f00_0, 0;
T_5.4 ;
    %jmp T_5.3;
T_5.2 ;
    %pushi/vec4 0, 0, 5;
    %assign/vec4 v0x64c5e7051e60_0, 0;
    %pushi/vec4 0, 0, 1;
    %store/vec4 v0x64c5e70521a0_0, 0, 1;
T_5.3 ;
T_5.1 ;
    %jmp T_5;
    .thread T_5;
    .scope S_0x64c5e7051140;
T_6 ;
    %wait E_0x64c5e7007610;
    %load/vec4 v0x64c5e7052420_0;
    %nor/r;
    %flag_set/vec4 8;
    %jmp/0xz  T_6.0, 8;
    %pushi/vec4 0, 0, 3;
    %assign/vec4 v0x64c5e70520c0_0, 0;
    %pushi/vec4 0, 0, 5;
    %assign/vec4 v0x64c5e7051f00_0, 0;
    %pushi/vec4 0, 0, 5;
    %assign/vec4 v0x64c5e7051e60_0, 0;
    %jmp T_6.1;
T_6.0 ;
    %load/vec4 v0x64c5e7052260_0;
    %assign/vec4 v0x64c5e7051f00_0, 0;
    %load/vec4 v0x64c5e70520c0_0;
    %pad/u 32;
    %pushi/vec4 2, 0, 32;
    %cmp/e;
    %flag_get/vec4 4;
    %load/vec4 v0x64c5e7051f00_0;
    %pad/u 32;
    %cmpi/u 15, 0, 32;
    %flag_get/vec4 5;
    %and;
    %flag_set/vec4 8;
    %jmp/0xz  T_6.2, 8;
    %load/vec4 v0x64c5e7051940_0;
    %load/vec4 v0x64c5e7051830_0;
    %nor/r;
    %and;
    %flag_set/vec4 8;
    %load/vec4 v0x64c5e7051940_0;
    %nor/r;
    %load/vec4 v0x64c5e7051830_0;
    %and;
    %flag_set/vec4 9;
    %flag_or 9, 8;
    %jmp/0xz  T_6.4, 9;
    %load/vec4 v0x64c5e7051fe0_0;
    %pushi/vec4 15, 0, 32;
    %load/vec4 v0x64c5e7051e60_0;
    %pad/u 32;
    %sub;
    %subi 1, 0, 32;
    %part/u 1;
    %assign/vec4 v0x64c5e7051a50_0, 0;
    %load/vec4 v0x64c5e7051e60_0;
    %addi 1, 0, 5;
    %assign/vec4 v0x64c5e7051e60_0, 0;
    %load/vec4 v0x64c5e7051f00_0;
    %addi 1, 0, 5;
    %assign/vec4 v0x64c5e7051f00_0, 0;
    %load/vec4 v0x64c5e70520c0_0;
    %pad/u 32;
    %cmpi/e 3, 0, 32;
    %jmp/0xz  T_6.6, 4;
    %pushi/vec4 0, 0, 1;
    %assign/vec4 v0x64c5e7051a50_0, 0;
T_6.6 ;
T_6.4 ;
    %jmp T_6.3;
T_6.2 ;
    %pushi/vec4 0, 0, 5;
    %assign/vec4 v0x64c5e7051e60_0, 0;
T_6.3 ;
T_6.1 ;
    %jmp T_6;
    .thread T_6;
    .scope S_0x64c5e7051140;
T_7 ;
    %wait E_0x64c5e7031ab0;
    %load/vec4 v0x64c5e70520c0_0;
    %store/vec4 v0x64c5e7052340_0, 0, 3;
    %load/vec4 v0x64c5e7051f00_0;
    %store/vec4 v0x64c5e7052260_0, 0, 5;
    %load/vec4 v0x64c5e70520c0_0;
    %dup/vec4;
    %pushi/vec4 0, 0, 3;
    %cmp/u;
    %jmp/1 T_7.0, 6;
    %dup/vec4;
    %pushi/vec4 1, 0, 3;
    %cmp/u;
    %jmp/1 T_7.1, 6;
    %dup/vec4;
    %pushi/vec4 2, 0, 3;
    %cmp/u;
    %jmp/1 T_7.2, 6;
    %dup/vec4;
    %pushi/vec4 3, 0, 3;
    %cmp/u;
    %jmp/1 T_7.3, 6;
    %dup/vec4;
    %pushi/vec4 4, 0, 3;
    %cmp/u;
    %jmp/1 T_7.4, 6;
    %pushi/vec4 0, 0, 3;
    %store/vec4 v0x64c5e7052340_0, 0, 3;
    %jmp T_7.6;
T_7.0 ;
    %load/vec4 v0x64c5e70525a0_0;
    %pad/u 32;
    %cmpi/u 4, 0, 32;
    %jmp/0xz  T_7.7, 5;
    %pushi/vec4 1, 0, 3;
    %store/vec4 v0x64c5e7052340_0, 0, 3;
T_7.7 ;
    %jmp T_7.6;
T_7.1 ;
    %load/vec4 v0x64c5e7051d70_0;
    %nor/r;
    %flag_set/vec4 8;
    %jmp/0xz  T_7.9, 8;
    %pushi/vec4 2, 0, 3;
    %store/vec4 v0x64c5e7052340_0, 0, 3;
T_7.9 ;
    %jmp T_7.6;
T_7.2 ;
    %load/vec4 v0x64c5e7051f00_0;
    %pad/u 32;
    %cmpi/u 14, 0, 32;
    %flag_or 5, 4;
    %jmp/0xz  T_7.11, 5;
    %pushi/vec4 2, 0, 3;
    %store/vec4 v0x64c5e7052340_0, 0, 3;
    %jmp T_7.12;
T_7.11 ;
    %pushi/vec4 3, 0, 3;
    %store/vec4 v0x64c5e7052340_0, 0, 3;
T_7.12 ;
    %jmp T_7.6;
T_7.3 ;
    %load/vec4 v0x64c5e7051940_0;
    %nor/r;
    %load/vec4 v0x64c5e7051830_0;
    %nor/r;
    %and;
    %flag_set/vec4 8;
    %load/vec4 v0x64c5e7051940_0;
    %load/vec4 v0x64c5e7051830_0;
    %and;
    %flag_set/vec4 9;
    %flag_or 9, 8;
    %jmp/0xz  T_7.13, 9;
    %pushi/vec4 0, 0, 1;
    %assign/vec4 v0x64c5e7051a50_0, 0;
T_7.13 ;
    %pushi/vec4 4, 0, 3;
    %store/vec4 v0x64c5e7052340_0, 0, 3;
    %jmp T_7.6;
T_7.4 ;
    %pushi/vec4 0, 0, 1;
    %assign/vec4 v0x64c5e7051a50_0, 0;
    %pushi/vec4 0, 0, 16;
    %assign/vec4 v0x64c5e70524c0_0, 0;
    %pushi/vec4 0, 0, 3;
    %store/vec4 v0x64c5e7052340_0, 0, 3;
    %pushi/vec4 0, 0, 5;
    %assign/vec4 v0x64c5e7051f00_0, 0;
    %jmp T_7.6;
T_7.6 ;
    %pop/vec4 1;
    %jmp T_7;
    .thread T_7, $push;
    .scope S_0x64c5e702b820;
T_8 ;
    %pushi/vec4 0, 0, 1;
    %store/vec4 v0x64c5e7004510_0, 0, 1;
    %pushi/vec4 0, 0, 1;
    %store/vec4 v0x64c5e701f570_0, 0, 1;
    %pushi/vec4 0, 0, 1;
    %store/vec4 v0x64c5e701f3f0_0, 0, 1;
    %pushi/vec4 0, 0, 1;
    %store/vec4 v0x64c5e704f940_0, 0, 1;
    %delay 40, 0;
    %pushi/vec4 1, 0, 1;
    %store/vec4 v0x64c5e704f940_0, 0, 1;
    %pushi/vec4 0, 0, 1;
    %store/vec4 v0x64c5e701f570_0, 0, 1;
    %pushi/vec4 0, 0, 1;
    %store/vec4 v0x64c5e701f3f0_0, 0, 1;
    %delay 725, 0;
    %pushi/vec4 0, 0, 1;
    %store/vec4 v0x64c5e701f570_0, 0, 1;
    %pushi/vec4 1, 0, 1;
    %store/vec4 v0x64c5e701f3f0_0, 0, 1;
    %delay 690, 0;
    %pushi/vec4 1, 0, 1;
    %store/vec4 v0x64c5e701f570_0, 0, 1;
    %pushi/vec4 0, 0, 1;
    %store/vec4 v0x64c5e701f3f0_0, 0, 1;
    %delay 730, 0;
    %pushi/vec4 1, 0, 1;
    %store/vec4 v0x64c5e701f570_0, 0, 1;
    %pushi/vec4 1, 0, 1;
    %store/vec4 v0x64c5e701f3f0_0, 0, 1;
    %delay 2000, 0;
    %vpi_call 3 62 "$finish" {0 0 0};
    %end;
    .thread T_8;
    .scope S_0x64c5e702b820;
T_9 ;
    %delay 5, 0;
    %load/vec4 v0x64c5e7004510_0;
    %nor/r;
    %store/vec4 v0x64c5e7004510_0, 0, 1;
    %jmp T_9;
    .thread T_9;
    .scope S_0x64c5e702b690;
T_10 ;
    %vpi_call 2 16 "$dumpfile", "testbench.vcd" {0 0 0};
    %vpi_call 2 17 "$dumpvars" {0 0 0};
    %end;
    .thread T_10;
# The file index is used to find the file name in the following table.
:file_names 6;
    "N/A";
    "<interactive>";
    "testbench.v";
    "./tester.v";
    "./generador.v";
    "./objetivo.v";
